NOTE: Press Ctrl+A Ctrl+X to exit.
picocom -b 86400 /dev/ttyACM3
picocom v3.1

port is        : /dev/ttyACM3
flowcontrol    : none
baudrate is    : 86400
parity is      : none
databits are   : 8
stopbits are   : 1
escape is      : C-a
local echo is  : no
noinit is      : no
noreset is     : no
hangup is      : no
nolock is      : no
send_cmd is    : sz -vv
receive_cmd is : rz -vv -E
imap is        : 
omap is        : 
emap is        : crcrlf,delbs,
logfile is     : none
initstring     : none
exit_after is  : not set
exit is        : no

Type [C-a] [C-h] to see available commands
Terminal ready
INFO: Set bounds to: 49.00,49.10
5067,52.19,49.00,49.10,STAYOFF
7067,52.19,49.00,49.10,STAYOFF
9066,52.19,49.00,49.10,STAYOFF
11066,52.19,49.00,49.10,STAYOFF
13066,52.19,49.00,49.10,STAYOFF
15066,52.19,49.00,49.10,STAYOFF
17067,52.13,49.00,49.10,STAYOFF
19066,52.13,49.00,49.10,STAYOFF
21066,52.13,49.00,49.10,STAYOFF
23065,52.13,49.00,49.10,STAYOFF
25066,52.13,49.00,49.10,STAYOFF
27066,52.13,49.00,49.10,STAYOFF
29066,52.13,49.00,49.10,STAYOFF
31066,52.13,49.00,49.10,STAYOFF
33064,52.13,49.00,49.10,STAYOFF
35065,52.13,49.00,49.10,STAYOFF
37066,52.13,49.00,49.10,STAYOFF
39066,52.13,49.00,49.10,STAYOFF
41065,52.06,49.00,49.10,STAYOFF
43064,52.06,49.00,49.10,STAYOFF
45065,52.06,49.00,49.10,STAYOFF
47066,52.06,49.00,49.10,STAYOFF
49065,52.06,49.00,49.10,STAYOFF
51065,52.06,49.00,49.10,STAYOFF
53065,52.06,49.00,49.10,STAYOFF
55066,52.06,49.00,49.10,STAYOFF
57065,52.06,49.00,49.10,STAYOFF
59065,52.00,49.00,49.10,STAYOFF
61064,52.00,49.00,49.10,STAYOFF
63065,52.00,49.00,49.10,STAYOFF
65065,52.00,49.00,49.10,STAYOFF
67065,52.00,49.00,49.10,STAYOFF
69064,52.00,49.00,49.10,STAYOFF
71065,52.00,49.00,49.10,STAYOFF
73065,52.00,49.00,49.10,STAYOFF
75065,52.00,49.00,49.10,STAYOFF
77065,51.94,49.00,49.10,STAYOFF
79066,52.00,49.00,49.10,STAYOFF
81065,51.94,49.00,49.10,STAYOFF
83065,51.94,49.00,49.10,STAYOFF
85065,51.94,49.00,49.10,STAYOFF
87066,51.94,49.00,49.10,STAYOFF
89065,51.94,49.00,49.10,STAYOFF
91064,51.94,49.00,49.10,STAYOFF
93065,51.94,49.00,49.10,STAYOFF
95065,51.94,49.00,49.10,STAYOFF
97064,51.88,49.00,49.10,STAYOFF
99064,51.94,49.00,49.10,STAYOFF
101065,51.94,49.00,49.10,STAYOFF
103065,51.88,49.00,49.10,STAYOFF
105065,51.88,49.00,49.10,STAYOFF
107064,51.88,49.00,49.10,STAYOFF
109065,51.88,49.00,49.10,STAYOFF
111066,51.88,49.00,49.10,STAYOFF
113065,51.88,49.00,49.10,STAYOFF
115065,51.88,49.00,49.10,STAYOFF
117065,51.88,49.00,49.10,STAYOFF
119066,51.88,49.00,49.10,STAYOFF
121065,51.88,49.00,49.10,STAYOFF
123065,51.88,49.00,49.10,STAYOFF
125064,51.81,49.00,49.10,STAYOFF
127065,51.81,49.00,49.10,STAYOFF
129065,51.81,49.00,49.10,STAYOFF
131065,51.81,49.00,49.10,STAYOFF
133065,51.81,49.00,49.10,STAYOFF
135065,51.81,49.00,49.10,STAYOFF
137066,51.81,49.00,49.10,STAYOFF
139066,51.81,49.00,49.10,STAYOFF
141066,51.81,49.00,49.10,STAYOFF
143065,51.81,49.00,49.10,STAYOFF
145065,51.75,49.00,49.10,STAYOFF
147066,51.75,49.00,49.10,STAYOFF
149066,51.81,49.00,49.10,STAYOFF
151066,51.75,49.00,49.10,STAYOFF
153066,51.75,49.00,49.10,STAYOFF
155067,51.75,49.00,49.10,STAYOFF
157067,51.75,49.00,49.10,STAYOFF
159067,51.75,49.00,49.10,STAYOFF
161065,51.75,49.00,49.10,STAYOFF
163066,51.75,49.00,49.10,STAYOFF
165067,51.75,49.00,49.10,STAYOFF
167067,51.75,49.00,49.10,STAYOFF
169066,51.69,49.00,49.10,STAYOFF
171066,51.69,49.00,49.10,STAYOFF
173067,51.69,49.00,49.10,STAYOFF
INFO: Set bounds to: 50.00,90.00
175068,51.69,50.00,90.00,STAYOFF
177067,51.69,50.00,90.00,STAYOFF
179066,51.69,50.00,90.00,STAYOFF
181065,51.69,50.00,90.00,STAYOFF
183066,51.69,50.00,90.00,STAYOFF
185066,51.69,50.00,90.00,STAYOFF
187066,51.69,50.00,90.00,STAYOFF
189066,51.63,50.00,90.00,STAYOFF
191066,51.63,50.00,90.00,STAYOFF
193067,51.63,50.00,90.00,STAYOFF
INFO: Set bounds to: 80.00,90.00
195067,51.63,80.00,90.00,SWITCHON
197066,51.63,80.00,90.00,STAYON
199066,51.63,80.00,90.00,STAYON
201065,51.63,80.00,90.00,STAYON
203065,51.63,80.00,90.00,STAYON
205066,51.63,80.00,90.00,STAYON
207066,51.63,80.00,90.00,STAYON
209065,51.63,80.00,90.00,STAYON
211065,51.63,80.00,90.00,STAYON
213066,51.69,80.00,90.00,STAYON
215066,51.69,80.00,90.00,STAYON
217065,51.75,80.00,90.00,STAYON
219065,51.81,80.00,90.00,STAYON
221066,51.88,80.00,90.00,STAYON
223066,51.94,80.00,90.00,STAYON
225065,52.00,80.00,90.00,STAYON
227064,52.06,80.00,90.00,STAYON
229065,52.13,80.00,90.00,STAYON
231065,52.25,80.00,90.00,STAYON
233065,52.31,80.00,90.00,STAYON
235065,52.44,80.00,90.00,STAYON
237065,52.56,80.00,90.00,STAYON
239065,52.63,80.00,90.00,STAYON
241065,52.69,80.00,90.00,STAYON
243065,52.81,80.00,90.00,STAYON
245065,52.88,80.00,90.00,STAYON
247065,53.00,80.00,90.00,STAYON
249065,53.06,80.00,90.00,STAYON
251065,53.19,80.00,90.00,STAYON
253065,53.25,80.00,90.00,STAYON
255065,53.38,80.00,90.00,STAYON
257064,53.50,80.00,90.00,STAYON
259064,53.63,80.00,90.00,STAYON
261064,53.69,80.00,90.00,STAYON
263065,53.81,80.00,90.00,STAYON
265066,53.88,80.00,90.00,STAYON
267067,54.00,80.00,90.00,STAYON
269068,54.13,80.00,90.00,STAYON
271069,54.25,80.00,90.00,STAYON
273069,54.38,80.00,90.00,STAYON
275068,54.50,80.00,90.00,STAYON
277068,54.63,80.00,90.00,STAYON
279068,54.75,80.00,90.00,STAYON
281067,54.88,80.00,90.00,STAYON
283067,55.06,80.00,90.00,STAYON
285067,55.19,80.00,90.00,STAYON
287068,55.38,80.00,90.00,STAYON
289069,55.56,80.00,90.00,STAYON
291068,55.75,80.00,90.00,STAYON
293068,55.94,80.00,90.00,STAYON
295069,56.06,80.00,90.00,STAYON
297068,56.19,80.00,90.00,STAYON
299068,56.31,80.00,90.00,STAYON
301068,56.44,80.00,90.00,STAYON
303069,56.56,80.00,90.00,STAYON
305068,56.75,80.00,90.00,STAYON
307067,57.00,80.00,90.00,STAYON
309068,57.19,80.00,90.00,STAYON
311067,57.38,80.00,90.00,STAYON
313067,57.50,80.00,90.00,STAYON
315067,57.63,80.00,90.00,STAYON
317067,57.75,80.00,90.00,STAYON
319068,57.88,80.00,90.00,STAYON
321068,58.00,80.00,90.00,STAYON
323068,58.06,80.00,90.00,STAYON
325067,58.13,80.00,90.00,STAYON
327068,58.19,80.00,90.00,STAYON
329066,58.25,80.00,90.00,STAYON
331067,58.38,80.00,90.00,STAYON
333066,58.56,80.00,90.00,STAYON
335067,58.75,80.00,90.00,STAYON
337068,58.94,80.00,90.00,STAYON
339067,59.06,80.00,90.00,STAYON
341068,59.25,80.00,90.00,STAYON
343067,59.38,80.00,90.00,STAYON
345067,59.56,80.00,90.00,STAYON
347068,59.69,80.00,90.00,STAYON
349067,59.94,80.00,90.00,STAYON
351068,60.38,80.00,90.00,STAYON
353068,60.63,80.00,90.00,STAYON
355067,60.94,80.00,90.00,STAYON
357067,61.19,80.00,90.00,STAYON
359067,61.50,80.00,90.00,STAYON
361067,61.81,80.00,90.00,STAYON
363067,62.00,80.00,90.00,STAYON
365067,62.13,80.00,90.00,STAYON
367067,62.38,80.00,90.00,STAYON
369067,62.69,80.00,90.00,STAYON
371066,62.94,80.00,90.00,STAYON
373066,63.25,80.00,90.00,STAYON
375066,63.44,80.00,90.00,STAYON
INFO: Set bounds to: 80.00,85.00
377066,63.75,80.00,85.00,STAYON
379066,64.06,80.00,85.00,STAYON
381067,64.37,80.00,85.00,STAYON
383067,64.56,80.00,85.00,STAYON
385067,64.75,80.00,85.00,STAYON
387066,64.81,80.00,85.00,STAYON
389066,65.00,80.00,85.00,STAYON
391067,65.12,80.00,85.00,STAYON
393066,65.31,80.00,85.00,STAYON
395066,65.37,80.00,85.00,STAYON
397067,65.50,80.00,85.00,STAYON
399067,65.69,80.00,85.00,STAYON
401067,66.00,80.00,85.00,STAYON
403067,66.31,80.00,85.00,STAYON
405067,66.62,80.00,85.00,STAYON
407067,66.94,80.00,85.00,STAYON
409067,67.25,80.00,85.00,STAYON
411067,67.50,80.00,85.00,STAYON
413068,67.75,80.00,85.00,STAYON
415069,68.00,80.00,85.00,STAYON
417069,68.19,80.00,85.00,STAYON
419069,68.44,80.00,85.00,STAYON
421068,68.62,80.00,85.00,STAYON
423069,68.87,80.00,85.00,STAYON
425068,69.00,80.00,85.00,STAYON
427067,69.25,80.00,85.00,STAYON
429068,69.31,80.00,85.00,STAYON
431069,69.44,80.00,85.00,STAYON
433069,69.69,80.00,85.00,STAYON
435067,69.94,80.00,85.00,STAYON
437068,70.00,80.00,85.00,STAYON
439069,70.00,80.00,85.00,STAYON
441068,70.25,80.00,85.00,STAYON
443068,70.44,80.00,85.00,STAYON
445068,70.69,80.00,85.00,STAYON
447068,70.81,80.00,85.00,STAYON
449069,70.75,80.00,85.00,STAYON
451069,70.94,80.00,85.00,STAYON
453069,71.06,80.00,85.00,STAYON
455069,71.37,80.00,85.00,STAYON
457068,71.75,80.00,85.00,STAYON
459068,72.06,80.00,85.00,STAYON
461068,72.31,80.00,85.00,STAYON
463068,72.56,80.00,85.00,STAYON
465069,72.75,80.00,85.00,STAYON
467069,72.94,80.00,85.00,STAYON
469069,73.12,80.00,85.00,STAYON
471069,73.31,80.00,85.00,STAYON
473068,73.50,80.00,85.00,STAYON
475069,73.69,80.00,85.00,STAYON
477069,73.81,80.00,85.00,STAYON
479069,74.06,80.00,85.00,STAYON
481069,74.31,80.00,85.00,STAYON
483069,74.56,80.00,85.00,STAYON
485069,74.75,80.00,85.00,STAYON
487069,74.87,80.00,85.00,STAYON
489069,75.00,80.00,85.00,STAYON
491069,75.25,80.00,85.00,STAYON
493070,75.31,80.00,85.00,STAYON
495069,75.44,80.00,85.00,STAYON
497070,75.62,80.00,85.00,STAYON
499069,75.81,80.00,85.00,STAYON
501070,76.00,80.00,85.00,STAYON
503070,76.19,80.00,85.00,STAYON
505070,76.50,80.00,85.00,STAYON
507069,76.81,80.00,85.00,STAYON
509070,77.06,80.00,85.00,STAYON
511071,77.31,80.00,85.00,STAYON
513070,77.50,80.00,85.00,STAYON
515070,77.69,80.00,85.00,STAYON
517071,77.81,80.00,85.00,STAYON
519071,78.00,80.00,85.00,STAYON
521069,78.12,80.00,85.00,STAYON
523070,78.25,80.00,85.00,STAYON
525071,78.44,80.00,85.00,STAYON
527071,78.62,80.00,85.00,STAYON
529071,78.94,80.00,85.00,STAYON
531070,79.12,80.00,85.00,STAYON
533070,79.31,80.00,85.00,STAYON
535071,79.37,80.00,85.00,STAYON
537072,79.50,80.00,85.00,STAYON
539071,79.69,80.00,85.00,STAYON
541071,79.87,80.00,85.00,STAYON
543071,80.06,80.00,85.00,STAYON
545071,80.19,80.00,85.00,STAYON
547070,80.37,80.00,85.00,STAYON
549070,80.56,80.00,85.00,STAYON
551070,80.87,80.00,85.00,STAYON
553070,81.19,80.00,85.00,STAYON
555071,81.56,80.00,85.00,STAYON
557071,81.94,80.00,85.00,STAYON
559071,82.25,80.00,85.00,STAYON
561071,82.56,80.00,85.00,STAYON
563072,82.87,80.00,85.00,STAYON
565071,83.12,80.00,85.00,STAYON
567072,83.25,80.00,85.00,STAYON
569071,83.44,80.00,85.00,STAYON
571070,83.69,80.00,85.00,STAYON
573071,83.87,80.00,85.00,STAYON
575071,84.06,80.00,85.00,STAYON
577072,84.25,80.00,85.00,STAYON
579070,84.50,80.00,85.00,STAYON
581071,84.62,80.00,85.00,STAYON
583071,84.37,80.00,85.00,STAYON
585071,84.50,80.00,85.00,STAYON
587070,84.75,80.00,85.00,STAYON
589071,85.00,80.00,85.00,STAYON
591072,85.12,80.00,85.00,SWITCHOFF
593072,85.31,80.00,85.00,STAYOFF
595073,85.50,80.00,85.00,STAYOFF
597072,85.75,80.00,85.00,STAYOFF
599072,86.06,80.00,85.00,STAYOFF
601073,86.25,80.00,85.00,STAYOFF
603072,86.44,80.00,85.00,STAYOFF
605071,86.75,80.00,85.00,STAYOFF
607072,86.94,80.00,85.00,STAYOFF
609073,87.25,80.00,85.00,STAYOFF
611073,87.50,80.00,85.00,STAYOFF
613072,87.62,80.00,85.00,STAYOFF
615072,87.69,80.00,85.00,STAYOFF
617071,87.87,80.00,85.00,STAYOFF
619070,87.94,80.00,85.00,STAYOFF
621070,88.06,80.00,85.00,STAYOFF
623071,88.31,80.00,85.00,STAYOFF
625072,88.44,80.00,85.00,STAYOFF
627073,88.50,80.00,85.00,STAYOFF
629073,88.56,80.00,85.00,STAYOFF
631074,88.69,80.00,85.00,STAYOFF
633074,88.75,80.00,85.00,STAYOFF
635073,88.75,80.00,85.00,STAYOFF
637073,88.75,80.00,85.00,STAYOFF
639073,88.75,80.00,85.00,STAYOFF
641073,88.81,80.00,85.00,STAYOFF
643073,88.87,80.00,85.00,STAYOFF
645072,89.00,80.00,85.00,STAYOFF
647072,89.19,80.00,85.00,STAYOFF
649073,89.31,80.00,85.00,STAYOFF
651074,89.50,80.00,85.00,STAYOFF
653075,89.69,80.00,85.00,STAYOFF
655075,89.81,80.00,85.00,STAYOFF
657075,89.87,80.00,85.00,STAYOFF
659075,89.94,80.00,85.00,STAYOFF
661074,89.87,80.00,85.00,STAYOFF
663074,89.87,80.00,85.00,STAYOFF
665075,89.87,80.00,85.00,STAYOFF
667075,89.87,80.00,85.00,STAYOFF
669075,89.94,80.00,85.00,STAYOFF
671075,89.87,80.00,85.00,STAYOFF
673075,89.94,80.00,85.00,STAYOFF
675075,89.87,80.00,85.00,STAYOFF
677074,89.81,80.00,85.00,STAYOFF
679074,89.87,80.00,85.00,STAYOFF
681076,89.94,80.00,85.00,STAYOFF
683076,90.00,80.00,85.00,STAYOFF
685075,90.06,80.00,85.00,STAYOFF
687075,90.06,80.00,85.00,STAYOFF
689075,90.19,80.00,85.00,STAYOFF
691076,90.25,80.00,85.00,STAYOFF
693076,90.31,80.00,85.00,STAYOFF
695076,90.44,80.00,85.00,STAYOFF
697076,90.44,80.00,85.00,STAYOFF
699075,90.44,80.00,85.00,STAYOFF
701075,90.44,80.00,85.00,STAYOFF
703076,90.44,80.00,85.00,STAYOFF
705076,90.50,80.00,85.00,STAYOFF
707076,90.56,80.00,85.00,STAYOFF
709075,90.56,80.00,85.00,STAYOFF
711076,90.56,80.00,85.00,STAYOFF
713076,90.56,80.00,85.00,STAYOFF
715075,90.50,80.00,85.00,STAYOFF
717075,90.50,80.00,85.00,STAYOFF
719075,90.50,80.00,85.00,STAYOFF
721075,90.50,80.00,85.00,STAYOFF
723076,90.50,80.00,85.00,STAYOFF
725075,90.56,80.00,85.00,STAYOFF
727075,90.62,80.00,85.00,STAYOFF
729075,90.62,80.00,85.00,STAYOFF
731075,90.69,80.00,85.00,STAYOFF
733075,90.69,80.00,85.00,STAYOFF
735075,90.69,80.00,85.00,STAYOFF
737075,90.69,80.00,85.00,STAYOFF
739076,90.69,80.00,85.00,STAYOFF
741075,90.69,80.00,85.00,STAYOFF
743075,90.75,80.00,85.00,STAYOFF
745075,90.75,80.00,85.00,STAYOFF
747075,90.75,80.00,85.00,STAYOFF
749075,90.75,80.00,85.00,STAYOFF
751075,90.81,80.00,85.00,STAYOFF
753076,90.87,80.00,85.00,STAYOFF
755076,90.87,80.00,85.00,STAYOFF
757075,90.94,80.00,85.00,STAYOFF
759075,91.00,80.00,85.00,STAYOFF
761076,91.06,80.00,85.00,STAYOFF
763075,91.12,80.00,85.00,STAYOFF
765075,91.12,80.00,85.00,STAYOFF
767075,91.19,80.00,85.00,STAYOFF
769076,91.19,80.00,85.00,STAYOFF
771076,91.12,80.00,85.00,STAYOFF
773075,91.06,80.00,85.00,STAYOFF
775076,91.00,80.00,85.00,STAYOFF
777077,90.94,80.00,85.00,STAYOFF
779076,90.81,80.00,85.00,STAYOFF
781075,90.56,80.00,85.00,STAYOFF
783075,90.44,80.00,85.00,STAYOFF
785076,90.25,80.00,85.00,STAYOFF
787076,90.12,80.00,85.00,STAYOFF
789075,90.06,80.00,85.00,STAYOFF
791075,90.00,80.00,85.00,STAYOFF
793075,89.94,80.00,85.00,STAYOFF
795074,89.94,80.00,85.00,STAYOFF
797074,89.94,80.00,85.00,STAYOFF
799076,89.87,80.00,85.00,STAYOFF
801077,89.87,80.00,85.00,STAYOFF
803078,89.81,80.00,85.00,STAYOFF
805078,89.81,80.00,85.00,STAYOFF
807077,89.75,80.00,85.00,STAYOFF
809077,89.69,80.00,85.00,STAYOFF
811076,89.62,80.00,85.00,STAYOFF
813075,89.62,80.00,85.00,STAYOFF
815075,89.56,80.00,85.00,STAYOFF
817077,89.50,80.00,85.00,STAYOFF
819078,89.50,80.00,85.00,STAYOFF
821078,89.50,80.00,85.00,STAYOFF
823077,89.50,80.00,85.00,STAYOFF
825077,89.50,80.00,85.00,STAYOFF
827076,89.44,80.00,85.00,STAYOFF
829075,89.44,80.00,85.00,STAYOFF
831075,89.37,80.00,85.00,STAYOFF
833075,89.37,80.00,85.00,STAYOFF
835076,89.37,80.00,85.00,STAYOFF
837078,89.31,80.00,85.00,STAYOFF
839078,89.31,80.00,85.00,STAYOFF
841079,89.25,80.00,85.00,STAYOFF
843079,89.25,80.00,85.00,STAYOFF
845078,89.25,80.00,85.00,STAYOFF
847078,89.31,80.00,85.00,STAYOFF
849078,89.25,80.00,85.00,STAYOFF
851078,89.25,80.00,85.00,STAYOFF
853078,89.25,80.00,85.00,STAYOFF
855077,89.25,80.00,85.00,STAYOFF
857077,89.25,80.00,85.00,STAYOFF
859076,89.25,80.00,85.00,STAYOFF
861075,89.25,80.00,85.00,STAYOFF
863075,89.25,80.00,85.00,STAYOFF
865075,89.25,80.00,85.00,STAYOFF
867076,89.25,80.00,85.00,STAYOFF
869076,89.25,80.00,85.00,STAYOFF
871077,89.25,80.00,85.00,STAYOFF
873078,89.25,80.00,85.00,STAYOFF
875079,89.25,80.00,85.00,STAYOFF
877080,89.25,80.00,85.00,STAYOFF
879081,89.25,80.00,85.00,STAYOFF
881082,89.25,80.00,85.00,STAYOFF
883083,89.19,80.00,85.00,STAYOFF
885084,89.19,80.00,85.00,STAYOFF
887084,89.19,80.00,85.00,STAYOFF
889083,89.19,80.00,85.00,STAYOFF
891083,89.19,80.00,85.00,STAYOFF
893082,89.12,80.00,85.00,STAYOFF
895081,89.12,80.00,85.00,STAYOFF
897081,89.12,80.00,85.00,STAYOFF
899081,89.12,80.00,85.00,STAYOFF
901081,89.12,80.00,85.00,STAYOFF
903080,89.12,80.00,85.00,STAYOFF
905080,89.12,80.00,85.00,STAYOFF
907080,89.12,80.00,85.00,STAYOFF
909079,89.12,80.00,85.00,STAYOFF
911080,89.12,80.00,85.00,STAYOFF
913081,89.12,80.00,85.00,STAYOFF
915082,89.12,80.00,85.00,STAYOFF
917083,89.12,80.00,85.00,STAYOFF
919085,89.12,80.00,85.00,STAYOFF
921085,89.12,80.00,85.00,STAYOFF
923086,89.12,80.00,85.00,STAYOFF
925087,89.12,80.00,85.00,STAYOFF
927087,89.12,80.00,85.00,STAYOFF
929086,89.12,80.00,85.00,STAYOFF
931086,89.12,80.00,85.00,STAYOFF
933086,89.12,80.00,85.00,STAYOFF
935086,89.12,80.00,85.00,STAYOFF
937085,89.06,80.00,85.00,STAYOFF
939085,89.06,80.00,85.00,STAYOFF
941085,89.06,80.00,85.00,STAYOFF
943084,89.06,80.00,85.00,STAYOFF
945084,89.06,80.00,85.00,STAYOFF
947084,89.00,80.00,85.00,STAYOFF
949084,89.00,80.00,85.00,STAYOFF
951084,89.00,80.00,85.00,STAYOFF
953083,88.94,80.00,85.00,STAYOFF
955084,88.94,80.00,85.00,STAYOFF
957085,88.94,80.00,85.00,STAYOFF
959085,88.87,80.00,85.00,STAYOFF
961086,88.87,80.00,85.00,STAYOFF
963088,88.81,80.00,85.00,STAYOFF
965089,88.81,80.00,85.00,STAYOFF
967090,88.81,80.00,85.00,STAYOFF
969091,88.81,80.00,85.00,STAYOFF
971091,88.75,80.00,85.00,STAYOFF
973092,88.75,80.00,85.00,STAYOFF
975093,88.75,80.00,85.00,STAYOFF
977093,88.75,80.00,85.00,STAYOFF
979093,88.69,80.00,85.00,STAYOFF
981094,88.69,80.00,85.00,STAYOFF
983095,88.69,80.00,85.00,STAYOFF
985096,88.69,80.00,85.00,STAYOFF
987096,88.69,80.00,85.00,STAYOFF
989096,88.62,80.00,85.00,STAYOFF
991097,88.62,80.00,85.00,STAYOFF
993098,88.62,80.00,85.00,STAYOFF
995098,88.62,80.00,85.00,STAYOFF
997098,88.56,80.00,85.00,STAYOFF
999099,88.56,80.00,85.00,STAYOFF
1001099,88.56,80.00,85.00,STAYOFF
1003099,88.50,80.00,85.00,STAYOFF
1005100,88.50,80.00,85.00,STAYOFF
1007100,88.50,80.00,85.00,STAYOFF
1009101,88.50,80.00,85.00,STAYOFF
1011102,88.50,80.00,85.00,STAYOFF
1013102,88.50,80.00,85.00,STAYOFF
1015103,88.44,80.00,85.00,STAYOFF
1017104,88.44,80.00,85.00,STAYOFF
1019105,88.44,80.00,85.00,STAYOFF
1021106,88.44,80.00,85.00,STAYOFF
1023107,88.44,80.00,85.00,STAYOFF
1025107,88.44,80.00,85.00,STAYOFF
1027108,88.37,80.00,85.00,STAYOFF
1029109,88.37,80.00,85.00,STAYOFF
1031110,88.37,80.00,85.00,STAYOFF
1033111,88.31,80.00,85.00,STAYOFF
1035112,88.31,80.00,85.00,STAYOFF
1037113,88.31,80.00,85.00,STAYOFF
1039113,88.31,80.00,85.00,STAYOFF
1041114,88.25,80.00,85.00,STAYOFF
1043115,88.25,80.00,85.00,STAYOFF
1045115,88.25,80.00,85.00,STAYOFF
1047116,88.19,80.00,85.00,STAYOFF
1049117,88.19,80.00,85.00,STAYOFF
1051116,88.19,80.00,85.00,STAYOFF
1053116,88.19,80.00,85.00,STAYOFF
1055116,88.19,80.00,85.00,STAYOFF
1057116,88.12,80.00,85.00,STAYOFF
1059116,88.12,80.00,85.00,STAYOFF
1061115,88.12,80.00,85.00,STAYOFF
1063115,88.12,80.00,85.00,STAYOFF
1065114,88.12,80.00,85.00,STAYOFF
1067113,88.06,80.00,85.00,STAYOFF
1069113,88.06,80.00,85.00,STAYOFF
1071113,88.06,80.00,85.00,STAYOFF
1073113,88.06,80.00,85.00,STAYOFF
1075112,88.00,80.00,85.00,STAYOFF
1077112,88.00,80.00,85.00,STAYOFF
1079112,88.00,80.00,85.00,STAYOFF
1081111,88.00,80.00,85.00,STAYOFF
1083111,88.00,80.00,85.00,STAYOFF
1085111,88.00,80.00,85.00,STAYOFF
1087111,87.94,80.00,85.00,STAYOFF
1089111,87.94,80.00,85.00,STAYOFF
1091110,87.94,80.00,85.00,STAYOFF
1093110,87.94,80.00,85.00,STAYOFF
1095110,87.87,80.00,85.00,STAYOFF
1097109,87.87,80.00,85.00,STAYOFF
1099109,87.87,80.00,85.00,STAYOFF
1101109,87.87,80.00,85.00,STAYOFF
1103109,87.87,80.00,85.00,STAYOFF
1105108,87.81,80.00,85.00,STAYOFF
1107108,87.81,80.00,85.00,STAYOFF
1109109,87.81,80.00,85.00,STAYOFF
1111110,87.81,80.00,85.00,STAYOFF
1113110,87.81,80.00,85.00,STAYOFF
1115111,87.75,80.00,85.00,STAYOFF
1117112,87.75,80.00,85.00,STAYOFF
1119113,87.75,80.00,85.00,STAYOFF
1121113,87.75,80.00,85.00,STAYOFF
1123112,87.69,80.00,85.00,STAYOFF
1125112,87.69,80.00,85.00,STAYOFF
1127112,87.69,80.00,85.00,STAYOFF
1129111,87.69,80.00,85.00,STAYOFF
1131111,87.69,80.00,85.00,STAYOFF
1133111,87.62,80.00,85.00,STAYOFF
1135111,87.62,80.00,85.00,STAYOFF
1137112,87.62,80.00,85.00,STAYOFF
1139112,87.62,80.00,85.00,STAYOFF
1141112,87.62,80.00,85.00,STAYOFF
1143112,87.62,80.00,85.00,STAYOFF
1145111,87.56,80.00,85.00,STAYOFF
1147111,87.56,80.00,85.00,STAYOFF
1149111,87.56,80.00,85.00,STAYOFF
1151111,87.56,80.00,85.00,STAYOFF
1153111,87.50,80.00,85.00,STAYOFF
1155110,87.50,80.00,85.00,STAYOFF
1157111,87.50,80.00,85.00,STAYOFF
1159112,87.50,80.00,85.00,STAYOFF
1161111,87.44,80.00,85.00,STAYOFF
1163111,87.44,80.00,85.00,STAYOFF
1165111,87.44,80.00,85.00,STAYOFF
1167111,87.44,80.00,85.00,STAYOFF
1169111,87.44,80.00,85.00,STAYOFF
1171110,87.44,80.00,85.00,STAYOFF
1173110,87.37,80.00,85.00,STAYOFF
1175110,87.37,80.00,85.00,STAYOFF
1177110,87.37,80.00,85.00,STAYOFF
1179111,87.37,80.00,85.00,STAYOFF
1181112,87.37,80.00,85.00,STAYOFF
1183112,87.31,80.00,85.00,STAYOFF
1185112,87.31,80.00,85.00,STAYOFF
1187111,87.31,80.00,85.00,STAYOFF
1189111,87.31,80.00,85.00,STAYOFF
1191111,87.31,80.00,85.00,STAYOFF
1193110,87.25,80.00,85.00,STAYOFF
1195110,87.25,80.00,85.00,STAYOFF
1197111,87.25,80.00,85.00,STAYOFF
1199112,87.25,80.00,85.00,STAYOFF
1201113,87.19,80.00,85.00,STAYOFF
1203112,87.19,80.00,85.00,STAYOFF
1205112,87.19,80.00,85.00,STAYOFF
1207112,87.19,80.00,85.00,STAYOFF
1209111,87.19,80.00,85.00,STAYOFF
1211111,87.12,80.00,85.00,STAYOFF
1213112,87.12,80.00,85.00,STAYOFF
1215113,87.12,80.00,85.00,STAYOFF
1217113,87.12,80.00,85.00,STAYOFF
1219112,87.12,80.00,85.00,STAYOFF
1221112,87.06,80.00,85.00,STAYOFF
1223112,87.06,80.00,85.00,STAYOFF
1225112,87.06,80.00,85.00,STAYOFF
1227113,87.06,80.00,85.00,STAYOFF
1229113,87.00,80.00,85.00,STAYOFF
1231113,87.00,80.00,85.00,STAYOFF
1233112,87.00,80.00,85.00,STAYOFF
1235112,87.00,80.00,85.00,STAYOFF
1237113,87.00,80.00,85.00,STAYOFF
1239113,86.94,80.00,85.00,STAYOFF
1241112,86.94,80.00,85.00,STAYOFF
1243112,86.94,80.00,85.00,STAYOFF
1245111,86.94,80.00,85.00,STAYOFF
1247112,86.87,80.00,85.00,STAYOFF
1249113,86.87,80.00,85.00,STAYOFF
1251112,86.87,80.00,85.00,STAYOFF
1253112,86.87,80.00,85.00,STAYOFF
1255112,86.87,80.00,85.00,STAYOFF
1257110,86.81,80.00,85.00,STAYOFF
1259111,86.81,80.00,85.00,STAYOFF
1261112,86.81,80.00,85.00,STAYOFF
1263113,86.81,80.00,85.00,STAYOFF
1265113,86.75,80.00,85.00,STAYOFF
1267112,86.75,80.00,85.00,STAYOFF
1269111,86.75,80.00,85.00,STAYOFF
1271112,86.75,80.00,85.00,STAYOFF
1273112,86.75,80.00,85.00,STAYOFF
1275113,86.69,80.00,85.00,STAYOFF
1277113,86.69,80.00,85.00,STAYOFF
1279112,86.69,80.00,85.00,STAYOFF
1281113,86.69,80.00,85.00,STAYOFF
1283113,86.62,80.00,85.00,STAYOFF
1285114,86.62,80.00,85.00,STAYOFF
1287114,86.62,80.00,85.00,STAYOFF
1289112,86.62,80.00,85.00,STAYOFF
1291113,86.56,80.00,85.00,STAYOFF
1293114,86.56,80.00,85.00,STAYOFF
1295114,86.56,80.00,85.00,STAYOFF
1297113,86.56,80.00,85.00,STAYOFF
1299113,86.50,80.00,85.00,STAYOFF
1301114,86.50,80.00,85.00,STAYOFF
1303114,86.50,80.00,85.00,STAYOFF
1305112,86.50,80.00,85.00,STAYOFF
1307113,86.50,80.00,85.00,STAYOFF
1309114,86.44,80.00,85.00,STAYOFF
1311114,86.44,80.00,85.00,STAYOFF
1313114,86.44,80.00,85.00,STAYOFF
1315113,86.44,80.00,85.00,STAYOFF
1317114,86.37,80.00,85.00,STAYOFF
1319114,86.37,80.00,85.00,STAYOFF
1321113,86.37,80.00,85.00,STAYOFF
1323112,86.37,80.00,85.00,STAYOFF
1325113,86.37,80.00,85.00,STAYOFF
1327114,86.31,80.00,85.00,STAYOFF
1329114,86.31,80.00,85.00,STAYOFF
1331112,86.31,80.00,85.00,STAYOFF
1333113,86.31,80.00,85.00,STAYOFF
1335114,86.25,80.00,85.00,STAYOFF
1337113,86.25,80.00,85.00,STAYOFF
1339112,86.25,80.00,85.00,STAYOFF
1341113,86.25,80.00,85.00,STAYOFF
1343114,86.19,80.00,85.00,STAYOFF
1345114,86.19,80.00,85.00,STAYOFF
1347112,86.19,80.00,85.00,STAYOFF
1349113,86.19,80.00,85.00,STAYOFF
1351114,86.19,80.00,85.00,STAYOFF
1353113,86.12,80.00,85.00,STAYOFF
1355112,86.12,80.00,85.00,STAYOFF
1357113,86.12,80.00,85.00,STAYOFF
1359114,86.12,80.00,85.00,STAYOFF
1361113,86.06,80.00,85.00,STAYOFF
1363113,86.06,80.00,85.00,STAYOFF
1365114,86.06,80.00,85.00,STAYOFF
1367114,86.06,80.00,85.00,STAYOFF
1369113,86.00,80.00,85.00,STAYOFF
1371114,86.00,80.00,85.00,STAYOFF
1373115,86.00,80.00,85.00,STAYOFF
1375114,86.00,80.00,85.00,STAYOFF
1377115,85.94,80.00,85.00,STAYOFF
1379116,85.94,80.00,85.00,STAYOFF
1381114,85.94,80.00,85.00,STAYOFF
1383115,85.94,80.00,85.00,STAYOFF
1385116,85.87,80.00,85.00,STAYOFF
1387115,85.87,80.00,85.00,STAYOFF
1389115,85.87,80.00,85.00,STAYOFF
1391116,85.87,80.00,85.00,STAYOFF
1393116,85.87,80.00,85.00,STAYOFF
1395115,85.81,80.00,85.00,STAYOFF
1397115,85.81,80.00,85.00,STAYOFF
1399116,85.81,80.00,85.00,STAYOFF
1401115,85.81,80.00,85.00,STAYOFF
1403115,85.75,80.00,85.00,STAYOFF
1405116,85.75,80.00,85.00,STAYOFF
1407115,85.75,80.00,85.00,STAYOFF
1409116,85.75,80.00,85.00,STAYOFF
1411117,85.69,80.00,85.00,STAYOFF
1413116,85.69,80.00,85.00,STAYOFF
1415116,85.69,80.00,85.00,STAYOFF
1417117,85.69,80.00,85.00,STAYOFF
1419116,85.69,80.00,85.00,STAYOFF
1421115,85.62,80.00,85.00,STAYOFF
1423116,85.62,80.00,85.00,STAYOFF
1425117,85.62,80.00,85.00,STAYOFF
1427116,85.62,80.00,85.00,STAYOFF
1429116,85.56,80.00,85.00,STAYOFF
1431117,85.56,80.00,85.00,STAYOFF
1433116,85.56,80.00,85.00,STAYOFF
1435116,85.56,80.00,85.00,STAYOFF
1437117,85.50,80.00,85.00,STAYOFF
1439116,85.50,80.00,85.00,STAYOFF
1441117,85.50,80.00,85.00,STAYOFF
1443118,85.50,80.00,85.00,STAYOFF
1445117,85.50,80.00,85.00,STAYOFF
1447118,85.44,80.00,85.00,STAYOFF
1449117,85.44,80.00,85.00,STAYOFF
1451117,85.44,80.00,85.00,STAYOFF
1453118,85.37,80.00,85.00,STAYOFF
1455117,85.37,80.00,85.00,STAYOFF
1457118,85.37,80.00,85.00,STAYOFF
1459119,85.37,80.00,85.00,STAYOFF
1461118,85.37,80.00,85.00,STAYOFF
1463119,85.31,80.00,85.00,STAYOFF
1465118,85.31,80.00,85.00,STAYOFF
1467118,85.31,80.00,85.00,STAYOFF
1469119,85.31,80.00,85.00,STAYOFF
1471118,85.31,80.00,85.00,STAYOFF
1473119,85.25,80.00,85.00,STAYOFF
1475120,85.25,80.00,85.00,STAYOFF
1477118,85.25,80.00,85.00,STAYOFF
1479119,85.25,80.00,85.00,STAYOFF
1481118,85.19,80.00,85.00,STAYOFF
1483118,85.19,80.00,85.00,STAYOFF
1485119,85.19,80.00,85.00,STAYOFF
1487118,85.19,80.00,85.00,STAYOFF
1489119,85.12,80.00,85.00,STAYOFF
1491119,85.12,80.00,85.00,STAYOFF
1493120,85.12,80.00,85.00,STAYOFF
1495120,85.12,80.00,85.00,STAYOFF
1497119,85.12,80.00,85.00,STAYOFF
1499119,85.06,80.00,85.00,STAYOFF
1501117,85.06,80.00,85.00,STAYOFF
1503118,85.06,80.00,85.00,STAYOFF
1505118,85.06,80.00,85.00,STAYOFF
1507119,85.00,80.00,85.00,STAYOFF
1509120,85.00,80.00,85.00,STAYOFF
1511119,85.00,80.00,85.00,STAYOFF
1513120,85.00,80.00,85.00,STAYOFF
1515118,84.94,80.00,85.00,STAYOFF
1517119,84.87,80.00,85.00,STAYOFF
1519118,84.81,80.00,85.00,STAYOFF
1521119,84.75,80.00,85.00,STAYOFF
1523119,84.69,80.00,85.00,STAYOFF
1525120,84.62,80.00,85.00,STAYOFF
1527119,84.50,80.00,85.00,STAYOFF
1529120,84.44,80.00,85.00,STAYOFF
1531120,84.37,80.00,85.00,STAYOFF
1533120,84.31,80.00,85.00,STAYOFF
1535120,84.19,80.00,85.00,STAYOFF
1537121,84.12,80.00,85.00,STAYOFF
1539121,84.06,80.00,85.00,STAYOFF
INFO: Set bounds to: 90.00,95.00
1541123,84.06,90.00,95.00,SWITCHON
1543121,84.00,90.00,95.00,STAYON
1545122,83.94,90.00,95.00,STAYON
1547122,83.94,90.00,95.00,STAYON
1549122,83.87,90.00,95.00,STAYON
1551121,83.87,90.00,95.00,STAYON
1553121,83.81,90.00,95.00,STAYON
1555122,83.81,90.00,95.00,STAYON
1557122,83.87,90.00,95.00,STAYON
1559122,83.87,90.00,95.00,STAYON
1561122,83.94,90.00,95.00,STAYON
1563123,84.00,90.00,95.00,STAYON
1565122,84.12,90.00,95.00,STAYON
1567122,84.19,90.00,95.00,STAYON
1569123,84.31,90.00,95.00,STAYON
1571123,84.50,90.00,95.00,STAYON
1573124,84.62,90.00,95.00,STAYON
1575123,84.69,90.00,95.00,STAYON
1577124,84.81,90.00,95.00,STAYON
1579124,84.94,90.00,95.00,STAYON
1581124,85.12,90.00,95.00,STAYON
1583124,85.25,90.00,95.00,STAYON
1585124,85.31,90.00,95.00,STAYON
1587125,85.44,90.00,95.00,STAYON
1589124,85.56,90.00,95.00,STAYON
1591124,85.69,90.00,95.00,STAYON
1593125,85.81,90.00,95.00,STAYON
1595124,85.87,90.00,95.00,STAYON
1597124,86.06,90.00,95.00,STAYON
1599124,86.25,90.00,95.00,STAYON
1601123,86.37,90.00,95.00,STAYON
1603124,86.56,90.00,95.00,STAYON
1605125,86.75,90.00,95.00,STAYON
1607124,86.94,90.00,95.00,STAYON
1609123,87.12,90.00,95.00,STAYON
1611124,87.25,90.00,95.00,STAYON
1613124,87.37,90.00,95.00,STAYON
1615123,87.50,90.00,95.00,STAYON
1617123,87.69,90.00,95.00,STAYON
1619123,87.81,90.00,95.00,STAYON
1621123,88.00,90.00,95.00,STAYON
1623122,88.19,90.00,95.00,STAYON
1625122,88.31,90.00,95.00,STAYON
1627123,88.44,90.00,95.00,STAYON
1629123,88.56,90.00,95.00,STAYON
1631124,88.81,90.00,95.00,STAYON
1633125,88.94,90.00,95.00,STAYON
1635126,89.12,90.00,95.00,STAYON
1637127,89.25,90.00,95.00,STAYON
1639128,89.37,90.00,95.00,STAYON
1641129,89.56,90.00,95.00,STAYON
1643130,89.75,90.00,95.00,STAYON
1645131,89.87,90.00,95.00,STAYON
1647130,90.06,90.00,95.00,STAYON
1649129,90.25,90.00,95.00,STAYON
1651129,90.37,90.00,95.00,STAYON
1653129,90.56,90.00,95.00,STAYON
1655130,90.69,90.00,95.00,STAYON
1657129,90.87,90.00,95.00,STAYON
1659129,91.00,90.00,95.00,STAYON
1661129,91.06,90.00,95.00,STAYON
1663129,91.25,90.00,95.00,STAYON
1665130,91.37,90.00,95.00,STAYON
1667130,91.56,90.00,95.00,STAYON
1669130,91.69,90.00,95.00,STAYON
1671131,91.81,90.00,95.00,STAYON
1673131,92.00,90.00,95.00,STAYON
1675130,92.25,90.00,95.00,STAYON
1677131,92.31,90.00,95.00,STAYON
1679130,92.44,90.00,95.00,STAYON
1681130,92.56,90.00,95.00,STAYON
1683129,92.75,90.00,95.00,STAYON
1685130,92.81,90.00,95.00,STAYON
1687130,92.94,90.00,95.00,STAYON
1689129,93.06,90.00,95.00,STAYON
1691130,93.19,90.00,95.00,STAYON
1693130,93.37,90.00,95.00,STAYON
1695130,93.50,90.00,95.00,STAYON
1697130,93.62,90.00,95.00,STAYON
1699130,93.81,90.00,95.00,STAYON
1701131,93.94,90.00,95.00,STAYON
1703130,94.06,90.00,95.00,STAYON
1705131,94.31,90.00,95.00,STAYON
1707131,94.50,90.00,95.00,STAYON
1709131,94.75,90.00,95.00,STAYON
1711131,94.94,90.00,95.00,STAYON
1713130,95.06,90.00,95.00,SWITCHOFF
1715129,95.19,90.00,95.00,STAYOFF
1717130,95.31,90.00,95.00,STAYOFF
1719131,95.44,90.00,95.00,STAYOFF
1721131,95.56,90.00,95.00,STAYOFF
1723130,95.75,90.00,95.00,STAYOFF
1725129,95.87,90.00,95.00,STAYOFF
1727129,96.06,90.00,95.00,STAYOFF
1729130,96.12,90.00,95.00,STAYOFF
1731131,96.31,90.00,95.00,STAYOFF
1733131,96.44,90.00,95.00,STAYOFF
1735131,96.56,90.00,95.00,STAYOFF
1737131,96.62,90.00,95.00,STAYOFF
1739130,96.50,90.00,95.00,STAYOFF
1741130,96.62,90.00,95.00,STAYOFF
1743129,96.75,90.00,95.00,STAYOFF
1745129,96.81,90.00,95.00,STAYOFF
1747129,96.81,90.00,95.00,STAYOFF
1749130,96.81,90.00,95.00,STAYOFF
1751131,96.94,90.00,95.00,STAYOFF
1753132,97.00,90.00,95.00,STAYOFF
1755132,97.00,90.00,95.00,STAYOFF
1757133,97.06,90.00,95.00,STAYOFF
1759133,97.12,90.00,95.00,STAYOFF
1761132,97.19,90.00,95.00,STAYOFF
1763132,97.25,90.00,95.00,STAYOFF
1765132,97.25,90.00,95.00,STAYOFF
1767132,97.25,90.00,95.00,STAYOFF
1769132,97.19,90.00,95.00,STAYOFF
1771131,97.25,90.00,95.00,STAYOFF
1773131,97.25,90.00,95.00,STAYOFF
1775130,97.19,90.00,95.00,STAYOFF
1777129,97.25,90.00,95.00,STAYOFF
1779129,97.25,90.00,95.00,STAYOFF
1781129,97.31,90.00,95.00,STAYOFF
1783129,97.25,90.00,95.00,STAYOFF
1785128,97.25,90.00,95.00,STAYOFF
1787128,97.19,90.00,95.00,STAYOFF
1789128,97.19,90.00,95.00,STAYOFF
1791127,97.25,90.00,95.00,STAYOFF
1793127,97.31,90.00,95.00,STAYOFF
1795127,97.37,90.00,95.00,STAYOFF
1797127,97.44,90.00,95.00,STAYOFF
1799127,97.50,90.00,95.00,STAYOFF
1801126,97.56,90.00,95.00,STAYOFF
1803126,97.56,90.00,95.00,STAYOFF
1805127,97.56,90.00,95.00,STAYOFF
1807127,97.56,90.00,95.00,STAYOFF
1809128,97.50,90.00,95.00,STAYOFF
1811129,97.50,90.00,95.00,STAYOFF
1813130,97.50,90.00,95.00,STAYOFF
1815131,97.50,90.00,95.00,STAYOFF
1817132,97.56,90.00,95.00,STAYOFF
1819132,97.62,90.00,95.00,STAYOFF
1821133,97.69,90.00,95.00,STAYOFF
1823134,97.69,90.00,95.00,STAYOFF
1825135,97.69,90.00,95.00,STAYOFF
1827136,97.75,90.00,95.00,STAYOFF
1829136,97.75,90.00,95.00,STAYOFF
1831136,97.75,90.00,95.00,STAYOFF
1833136,97.81,90.00,95.00,STAYOFF
1835136,97.81,90.00,95.00,STAYOFF
1837135,97.87,90.00,95.00,STAYOFF
1839135,97.81,90.00,95.00,STAYOFF
1841134,97.75,90.00,95.00,STAYOFF
1843134,97.75,90.00,95.00,STAYOFF
1845134,97.75,90.00,95.00,STAYOFF
1847134,97.81,90.00,95.00,STAYOFF
1849134,97.75,90.00,95.00,STAYOFF
1851133,97.75,90.00,95.00,STAYOFF
1853134,97.75,90.00,95.00,STAYOFF
1855135,97.75,90.00,95.00,STAYOFF
1857135,97.69,90.00,95.00,STAYOFF
1859135,97.69,90.00,95.00,STAYOFF
1861136,97.75,90.00,95.00,STAYOFF
1863138,97.75,90.00,95.00,STAYOFF
1865139,97.75,90.00,95.00,STAYOFF
1867140,97.75,90.00,95.00,STAYOFF
1869139,97.75,90.00,95.00,STAYOFF
1871139,97.75,90.00,95.00,STAYOFF
1873139,97.75,90.00,95.00,STAYOFF
1875138,97.75,90.00,95.00,STAYOFF
1877138,97.69,90.00,95.00,STAYOFF
1879138,97.69,90.00,95.00,STAYOFF
1881138,97.75,90.00,95.00,STAYOFF
1883138,97.75,90.00,95.00,STAYOFF
1885137,97.75,90.00,95.00,STAYOFF
1887137,97.75,90.00,95.00,STAYOFF
1889136,97.75,90.00,95.00,STAYOFF
1891135,97.75,90.00,95.00,STAYOFF
1893135,97.75,90.00,95.00,STAYOFF
1895135,97.75,90.00,95.00,STAYOFF
1897135,97.75,90.00,95.00,STAYOFF
1899134,97.75,90.00,95.00,STAYOFF
1901134,97.75,90.00,95.00,STAYOFF
1903134,97.69,90.00,95.00,STAYOFF
INFO: Set bounds to: 49.00,49.10
1905134,97.69,49.00,49.10,STAYOFF
1907133,97.69,49.00,49.10,STAYOFF
1909134,97.62,49.00,49.10,STAYOFF
1911134,97.62,49.00,49.10,STAYOFF
1913134,97.62,49.00,49.10,STAYOFF
1915133,97.69,49.00,49.10,STAYOFF
1917133,97.69,49.00,49.10,STAYOFF
1919133,97.69,49.00,49.10,STAYOFF
1921132,97.69,49.00,49.10,STAYOFF
1923133,97.69,49.00,49.10,STAYOFF
1925134,97.69,49.00,49.10,STAYOFF
1927135,97.69,49.00,49.10,STAYOFF
1929136,97.69,49.00,49.10,STAYOFF
1931137,97.62,49.00,49.10,STAYOFF
1933137,97.69,49.00,49.10,STAYOFF
1935138,97.62,49.00,49.10,STAYOFF
1937138,97.62,49.00,49.10,STAYOFF
1939137,97.62,49.00,49.10,STAYOFF
1941138,97.56,49.00,49.10,STAYOFF
1943138,97.50,49.00,49.10,STAYOFF
1945138,97.37,49.00,49.10,STAYOFF
1947138,97.19,49.00,49.10,STAYOFF
1949137,96.87,49.00,49.10,STAYOFF
1951137,96.62,49.00,49.10,STAYOFF
1953136,96.44,49.00,49.10,STAYOFF
1955135,96.31,49.00,49.10,STAYOFF
1957134,96.19,49.00,49.10,STAYOFF
1959135,96.00,49.00,49.10,STAYOFF
1961136,95.75,49.00,49.10,STAYOFF
1963136,95.56,49.00,49.10,STAYOFF
1965134,95.37,49.00,49.10,STAYOFF
1967135,95.12,49.00,49.10,STAYOFF
1969135,94.87,49.00,49.10,STAYOFF
1971134,94.75,49.00,49.10,STAYOFF
1973134,94.62,49.00,49.10,STAYOFF
1975135,94.44,49.00,49.10,STAYOFF
1977134,94.31,49.00,49.10,STAYOFF
1979134,94.06,49.00,49.10,STAYOFF
1981134,93.87,49.00,49.10,STAYOFF
1983135,93.62,49.00,49.10,STAYOFF
1985135,93.37,49.00,49.10,STAYOFF
1987135,93.19,49.00,49.10,STAYOFF
1989135,92.94,49.00,49.10,STAYOFF
1991136,92.75,49.00,49.10,STAYOFF
1993136,92.56,49.00,49.10,STAYOFF
1995137,92.37,49.00,49.10,STAYOFF
1997136,92.25,49.00,49.10,STAYOFF
1999136,92.06,49.00,49.10,STAYOFF
2001135,91.94,49.00,49.10,STAYOFF
2003135,91.75,49.00,49.10,STAYOFF
2005135,91.62,49.00,49.10,STAYOFF
2007135,91.44,49.00,49.10,STAYOFF
2009135,91.31,49.00,49.10,STAYOFF
2011136,91.19,49.00,49.10,STAYOFF
2013135,91.06,49.00,49.10,STAYOFF
2015135,91.00,49.00,49.10,STAYOFF
2017134,90.94,49.00,49.10,STAYOFF
2019134,90.87,49.00,49.10,STAYOFF
2021135,90.81,49.00,49.10,STAYOFF
2023136,90.69,49.00,49.10,STAYOFF
2025136,90.62,49.00,49.10,STAYOFF
2027136,90.44,49.00,49.10,STAYOFF
2029135,90.25,49.00,49.10,STAYOFF
2031135,90.12,49.00,49.10,STAYOFF
2033134,90.00,49.00,49.10,STAYOFF
2035134,89.81,49.00,49.10,STAYOFF
2037135,89.62,49.00,49.10,STAYOFF
2039136,89.44,49.00,49.10,STAYOFF
2041137,89.25,49.00,49.10,STAYOFF
2043138,89.06,49.00,49.10,STAYOFF
2045138,88.87,49.00,49.10,STAYOFF
2047138,88.69,49.00,49.10,STAYOFF
2049138,88.44,49.00,49.10,STAYOFF
2051137,88.31,49.00,49.10,STAYOFF
2053137,88.19,49.00,49.10,STAYOFF
2055137,87.94,49.00,49.10,STAYOFF
2057136,87.75,49.00,49.10,STAYOFF
2059137,87.56,49.00,49.10,STAYOFF
2061137,87.50,49.00,49.10,STAYOFF
2063137,87.37,49.00,49.10,STAYOFF
INFO: Set bounds to: 10.00,15.00
2065138,87.25,10.00,15.00,STAYOFF
2067136,87.12,10.00,15.00,STAYOFF
2069136,87.00,10.00,15.00,STAYOFF
2071137,86.94,10.00,15.00,STAYOFF
2073137,86.81,10.00,15.00,STAYOFF
2075136,86.69,10.00,15.00,STAYOFF
2077136,86.56,10.00,15.00,STAYOFF
2079137,86.44,10.00,15.00,STAYOFF
2081136,86.31,10.00,15.00,STAYOFF
2083136,86.19,10.00,15.00,STAYOFF
2085137,86.00,10.00,15.00,STAYOFF
2087137,85.87,10.00,15.00,STAYOFF
2089138,85.75,10.00,15.00,STAYOFF
2091137,85.62,10.00,15.00,STAYOFF
2093137,85.50,10.00,15.00,STAYOFF
2095136,85.31,10.00,15.00,STAYOFF
2097137,85.19,10.00,15.00,STAYOFF
2099136,85.06,10.00,15.00,STAYOFF
2101137,84.94,10.00,15.00,STAYOFF
2103137,84.87,10.00,15.00,STAYOFF
2105138,84.69,10.00,15.00,STAYOFF
2107137,84.44,10.00,15.00,STAYOFF
2109136,84.19,10.00,15.00,STAYOFF
2111137,84.06,10.00,15.00,STAYOFF
2113137,83.94,10.00,15.00,STAYOFF
2115136,83.81,10.00,15.00,STAYOFF
2117137,83.69,10.00,15.00,STAYOFF
2119137,83.56,10.00,15.00,STAYOFF
2121137,83.50,10.00,15.00,STAYOFF
2123138,83.44,10.00,15.00,STAYOFF
2125137,83.31,10.00,15.00,STAYOFF
2127137,83.19,10.00,15.00,STAYOFF
2129137,83.06,10.00,15.00,STAYOFF
2131136,82.94,10.00,15.00,STAYOFF
2133137,82.81,10.00,15.00,STAYOFF
2135137,82.62,10.00,15.00,STAYOFF
2137137,82.50,10.00,15.00,STAYOFF
2139137,82.31,10.00,15.00,STAYOFF
2141136,82.25,10.00,15.00,STAYOFF
2143136,82.12,10.00,15.00,STAYOFF
2145136,82.06,10.00,15.00,STAYOFF
2147135,82.00,10.00,15.00,STAYOFF
2149136,81.87,10.00,15.00,STAYOFF
2151137,81.81,10.00,15.00,STAYOFF
2153138,81.69,10.00,15.00,STAYOFF
2155139,81.62,10.00,15.00,STAYOFF
2157139,81.56,10.00,15.00,STAYOFF
2159140,81.50,10.00,15.00,STAYOFF
2161141,81.37,10.00,15.00,STAYOFF
2163142,81.25,10.00,15.00,STAYOFF
2165142,81.12,10.00,15.00,STAYOFF
2167142,80.94,10.00,15.00,STAYOFF
2169142,80.75,10.00,15.00,STAYOFF
2171142,80.69,10.00,15.00,STAYOFF
2173142,80.62,10.00,15.00,STAYOFF
2175141,80.50,10.00,15.00,STAYOFF
2177141,80.37,10.00,15.00,STAYOFF
2179141,80.31,10.00,15.00,STAYOFF
2181140,80.19,10.00,15.00,STAYOFF
2183141,80.06,10.00,15.00,STAYOFF
2185142,79.94,10.00,15.00,STAYOFF
2187142,79.87,10.00,15.00,STAYOFF
2189142,79.81,10.00,15.00,STAYOFF
2191140,79.69,10.00,15.00,STAYOFF
2193141,79.56,10.00,15.00,STAYOFF
2195142,79.50,10.00,15.00,STAYOFF
2197141,79.37,10.00,15.00,STAYOFF
2199140,79.25,10.00,15.00,STAYOFF
2201141,79.06,10.00,15.00,STAYOFF
2203142,78.94,10.00,15.00,STAYOFF
2205140,78.87,10.00,15.00,STAYOFF
2207141,78.81,10.00,15.00,STAYOFF
2209142,78.69,10.00,15.00,STAYOFF
2211141,78.62,10.00,15.00,STAYOFF
2213141,78.50,10.00,15.00,STAYOFF
2215142,78.44,10.00,15.00,STAYOFF
2217141,78.37,10.00,15.00,STAYOFF
2219142,78.31,10.00,15.00,STAYOFF
2221143,78.25,10.00,15.00,STAYOFF
2223142,78.25,10.00,15.00,STAYOFF
2225143,78.19,10.00,15.00,STAYOFF
2227142,78.19,10.00,15.00,STAYOFF
2229142,78.12,10.00,15.00,STAYOFF
2231143,78.06,10.00,15.00,STAYOFF
2233143,77.94,10.00,15.00,STAYOFF
2235144,77.87,10.00,15.00,STAYOFF
2237143,77.75,10.00,15.00,STAYOFF
2239143,77.69,10.00,15.00,STAYOFF
2241142,77.56,10.00,15.00,STAYOFF
2243143,77.44,10.00,15.00,STAYOFF
2245142,77.37,10.00,15.00,STAYOFF
2247143,77.31,10.00,15.00,STAYOFF
2249143,77.25,10.00,15.00,STAYOFF
2251144,77.19,10.00,15.00,STAYOFF
2253143,77.12,10.00,15.00,STAYOFF
2255143,77.06,10.00,15.00,STAYOFF
2257142,76.94,10.00,15.00,STAYOFF
2259143,76.81,10.00,15.00,STAYOFF
2261141,76.69,10.00,15.00,STAYOFF
2263141,76.56,10.00,15.00,STAYOFF
2265142,76.44,10.00,15.00,STAYOFF
2267142,76.31,10.00,15.00,STAYOFF
2269143,76.25,10.00,15.00,STAYOFF
2271142,76.06,10.00,15.00,STAYOFF
2273142,76.00,10.00,15.00,STAYOFF
2275142,75.94,10.00,15.00,STAYOFF
2277142,75.87,10.00,15.00,STAYOFF
2279142,75.87,10.00,15.00,STAYOFF
2281142,75.81,10.00,15.00,STAYOFF
2283143,75.75,10.00,15.00,STAYOFF
2285143,75.62,10.00,15.00,STAYOFF
2287142,75.56,10.00,15.00,STAYOFF
2289142,75.37,10.00,15.00,STAYOFF
2291143,75.25,10.00,15.00,STAYOFF
2293142,75.19,10.00,15.00,STAYOFF
2295142,75.06,10.00,15.00,STAYOFF
2297142,75.00,10.00,15.00,STAYOFF
2299142,74.87,10.00,15.00,STAYOFF
2301142,74.81,10.00,15.00,STAYOFF
2303143,74.69,10.00,15.00,STAYOFF
2305143,74.62,10.00,15.00,STAYOFF
2307143,74.62,10.00,15.00,STAYOFF
2309142,74.56,10.00,15.00,STAYOFF
2311142,74.50,10.00,15.00,STAYOFF
2313142,74.44,10.00,15.00,STAYOFF
2315142,74.37,10.00,15.00,STAYOFF
2317144,74.31,10.00,15.00,STAYOFF
2319144,74.25,10.00,15.00,STAYOFF
2321144,74.19,10.00,15.00,STAYOFF
2323144,74.12,10.00,15.00,STAYOFF
2325143,74.00,10.00,15.00,STAYOFF
2327143,73.94,10.00,15.00,STAYOFF
2329143,73.81,10.00,15.00,STAYOFF
2331143,73.69,10.00,15.00,STAYOFF
2333143,73.62,10.00,15.00,STAYOFF
2335142,73.56,10.00,15.00,STAYOFF
2337142,73.44,10.00,15.00,STAYOFF
2339142,73.37,10.00,15.00,STAYOFF
2341141,73.25,10.00,15.00,STAYOFF
2343141,73.25,10.00,15.00,STAYOFF
2345141,73.12,10.00,15.00,STAYOFF
2347141,73.00,10.00,15.00,STAYOFF
2349140,72.94,10.00,15.00,STAYOFF
2351140,72.87,10.00,15.00,STAYOFF
2353140,72.81,10.00,15.00,STAYOFF
2355140,72.75,10.00,15.00,STAYOFF
2357139,72.69,10.00,15.00,STAYOFF
2359139,72.69,10.00,15.00,STAYOFF
2361139,72.62,10.00,15.00,STAYOFF
2363139,72.62,10.00,15.00,STAYOFF
2365138,72.56,10.00,15.00,STAYOFF
2367138,72.50,10.00,15.00,STAYOFF
2369138,72.44,10.00,15.00,STAYOFF
2371137,72.37,10.00,15.00,STAYOFF
2373137,72.31,10.00,15.00,STAYOFF
2375138,72.25,10.00,15.00,STAYOFF
2377139,72.19,10.00,15.00,STAYOFF
2379139,72.12,10.00,15.00,STAYOFF
2381138,72.12,10.00,15.00,STAYOFF
2383138,72.06,10.00,15.00,STAYOFF
2385138,72.00,10.00,15.00,STAYOFF
2387137,71.87,10.00,15.00,STAYOFF
2389138,71.75,10.00,15.00,STAYOFF
2391139,71.62,10.00,15.00,STAYOFF
2393139,71.50,10.00,15.00,STAYOFF
2395139,71.37,10.00,15.00,STAYOFF
2397138,71.31,10.00,15.00,STAYOFF
2399139,71.19,10.00,15.00,STAYOFF
2401139,71.12,10.00,15.00,STAYOFF
2403137,71.06,10.00,15.00,STAYOFF
2405138,70.94,10.00,15.00,STAYOFF

Terminating...
Thanks for using picocom
