NOTE: Press Ctrl+A Ctrl+X to exit.
picocom -b 86400 /dev/ttyACM3
picocom v3.1

port is        : /dev/ttyACM3
flowcontrol    : none
baudrate is    : 86400
parity is      : none
databits are   : 8
stopbits are   : 1
escape is      : C-a
local echo is  : no
noinit is      : no
noreset is     : no
hangup is      : no
nolock is      : no
send_cmd is    : sz -vv
receive_cmd is : rz -vv -E
imap is        : 
omap is        : 
emap is        : crcrlf,delbs,
logfile is     : none
initstring     : none
exit_after is  : not set
exit is        : no

Type [C-a] [C-h] to see available commands
Terminal ready
644,53.31,STAYOFF
3241,53.31,STAYOFF
5241,53.25,STAYOFF
7241,53.25,STAYOFF
9241,53.25,STAYOFF
11241,53.25,STAYOFF
13241,53.25,STAYOFF
15241,53.25,STAYOFF
17241,53.25,STAYOFF
19240,53.25,STAYOFF
21240,53.25,STAYOFF
23240,53.25,STAYOFF
25240,53.19,STAYOFF
27240,53.19,STAYOFF
29240,53.19,STAYOFF
31240,53.19,STAYOFF
33240,53.19,STAYOFF
35239,53.19,STAYOFF
37239,53.19,STAYOFF
39239,53.19,STAYOFF
41238,53.19,STAYOFF
43238,53.19,STAYOFF
45238,53.13,STAYOFF
47238,53.13,STAYOFF
49238,53.13,STAYOFF
51237,53.13,STAYOFF
53237,53.13,STAYOFF
55237,53.19,STAYOFF
57236,53.25,STAYOFF
59236,53.25,STAYOFF
61236,53.25,STAYOFF
63236,53.25,STAYOFF
65235,53.19,STAYOFF
67235,53.19,STAYOFF
69235,53.19,STAYOFF
71235,53.19,STAYOFF
73235,53.13,STAYOFF
75235,53.13,STAYOFF
77235,53.13,STAYOFF
79235,53.13,STAYOFF
81234,53.06,STAYOFF
83234,53.06,STAYOFF
85234,53.00,STAYOFF
87235,53.00,STAYOFF
89236,52.94,STAYOFF
91236,52.88,STAYOFF
93236,52.88,STAYOFF
95236,52.81,STAYOFF
97235,52.75,STAYOFF
99235,52.75,STAYOFF
101235,52.69,STAYOFF
103235,52.69,STAYOFF
105235,52.63,STAYOFF
107235,52.63,STAYOFF
109235,52.63,STAYOFF
111235,52.56,STAYOFF
113234,52.56,STAYOFF
115234,52.56,STAYOFF
117234,52.50,STAYOFF
119235,52.50,STAYOFF
121236,52.50,STAYOFF
123236,52.50,STAYOFF
125236,52.44,STAYOFF
127236,52.44,STAYOFF
129235,52.44,STAYOFF
131235,52.44,STAYOFF
133235,52.44,STAYOFF
135235,52.38,STAYOFF
137235,52.38,STAYOFF
139236,52.38,STAYOFF
141237,52.38,STAYOFF
143237,52.38,STAYOFF
145236,52.38,STAYOFF
147236,52.38,STAYOFF
149236,52.31,STAYOFF
151236,52.31,STAYOFF
153236,52.31,STAYOFF
155236,52.31,STAYOFF
157236,52.31,STAYOFF
159237,52.31,STAYOFF
161238,52.31,STAYOFF
163237,52.25,STAYOFF
165237,52.25,STAYOFF
167237,52.31,STAYOFF
169236,52.25,STAYOFF
171236,52.25,STAYOFF
173236,52.25,STAYOFF
175236,52.25,STAYOFF
177234,52.25,STAYOFF
179235,52.25,STAYOFF
181236,52.25,STAYOFF
183236,52.25,STAYOFF
185236,52.19,STAYOFF
187236,52.19,STAYOFF
189236,52.19,STAYOFF
191236,52.19,STAYOFF
193235,52.19,STAYOFF
195235,52.19,STAYOFF
197234,52.19,STAYOFF
199235,52.19,STAYOFF
201236,52.19,STAYOFF
203237,52.13,STAYOFF
205237,52.13,STAYOFF
207237,52.13,STAYOFF
209236,52.13,STAYOFF
211236,52.13,STAYOFF
213236,52.13,STAYOFF
215236,52.13,STAYOFF
217236,52.13,STAYOFF
219236,52.13,STAYOFF
221237,52.13,STAYOFF
223238,52.06,STAYOFF
225238,52.06,STAYOFF
227237,52.06,STAYOFF
229237,52.06,STAYOFF
231237,52.06,STAYOFF
233236,52.06,STAYOFF
235236,52.06,STAYOFF
237236,52.06,STAYOFF
239236,52.06,STAYOFF
241236,52.00,STAYOFF
243237,52.00,STAYOFF
245237,52.00,STAYOFF
247237,52.00,STAYOFF
249236,52.00,STAYOFF
251235,52.00,STAYOFF
253236,52.00,STAYOFF
255237,52.00,STAYOFF
257236,52.00,STAYOFF
259236,51.94,STAYOFF
261236,51.94,STAYOFF
263236,51.94,STAYOFF
265235,51.94,STAYOFF
267236,51.94,STAYOFF
269237,51.94,STAYOFF
271237,51.94,STAYOFF
273236,51.94,STAYOFF
275236,51.94,STAYOFF
277235,51.94,STAYOFF
279236,51.88,STAYOFF
281237,51.88,STAYOFF
283238,51.88,STAYOFF
285238,51.88,STAYOFF
287238,51.88,STAYOFF
289238,51.88,STAYOFF
291237,51.88,STAYOFF
293238,51.88,STAYOFF
295238,51.88,STAYOFF
297237,51.88,STAYOFF
299237,51.88,STAYOFF
301237,51.88,STAYOFF
303236,51.81,STAYOFF
305236,51.81,STAYOFF
307237,51.81,STAYOFF
309237,51.81,STAYOFF
311237,51.81,STAYOFF
313236,51.81,STAYOFF
315235,51.81,STAYOFF
317236,51.75,STAYOFF
319237,51.75,STAYOFF
321236,51.75,STAYOFF
323236,51.75,STAYOFF
325236,51.75,STAYOFF
327235,51.75,STAYOFF
329236,51.75,STAYOFF
331237,51.75,STAYOFF
333237,51.75,STAYOFF
335237,51.75,STAYOFF
337236,51.75,STAYOFF
339235,51.69,STAYOFF
341236,51.69,STAYOFF
343237,51.69,STAYOFF
345236,51.69,STAYOFF
347236,51.69,STAYOFF
349236,51.69,STAYOFF
351235,51.69,STAYOFF
353235,51.69,STAYOFF
355236,51.69,STAYOFF
357236,51.63,STAYOFF
359236,51.63,STAYOFF
361236,51.63,STAYOFF
363235,51.63,STAYOFF
365236,51.63,STAYOFF
367237,51.63,STAYOFF
369236,51.63,STAYOFF
371236,51.63,STAYOFF
373236,51.63,STAYOFF
375235,51.56,STAYOFF
377236,51.56,STAYOFF
379237,51.56,STAYOFF
381237,51.56,STAYOFF
383237,51.56,STAYOFF
385236,51.56,STAYOFF
387235,51.56,STAYOFF
389236,51.56,STAYOFF
391237,51.56,STAYOFF
393236,51.50,STAYOFF
395236,51.50,STAYOFF
397236,51.50,STAYOFF
399235,51.50,STAYOFF
401235,51.50,STAYOFF
403236,51.50,STAYOFF
405236,51.50,STAYOFF
407236,51.50,STAYOFF
409236,51.50,STAYOFF
411235,51.50,STAYOFF
413236,51.44,STAYOFF
415237,51.44,STAYOFF
417236,51.44,STAYOFF
419236,51.44,STAYOFF
421236,51.44,STAYOFF
423235,51.44,STAYOFF
425236,51.44,STAYOFF
427237,51.44,STAYOFF
429237,51.38,STAYOFF
431237,51.38,STAYOFF
433235,51.38,STAYOFF
435236,51.38,STAYOFF
437237,51.38,STAYOFF
439237,51.38,STAYOFF
441236,51.38,STAYOFF
443235,51.38,STAYOFF
445236,51.38,STAYOFF
447237,51.31,STAYOFF
449236,51.38,STAYOFF
451235,51.31,STAYOFF
453236,51.31,STAYOFF
455237,51.31,STAYOFF
457236,51.31,STAYOFF
459236,51.31,STAYOFF
461236,51.31,STAYOFF
463237,51.31,STAYOFF
465236,51.31,STAYOFF
467236,51.25,STAYOFF
469235,51.25,STAYOFF
471236,51.25,STAYOFF
473237,51.25,STAYOFF
475237,51.25,STAYOFF
477236,51.25,STAYOFF
479237,51.25,STAYOFF
481238,51.25,STAYOFF
483237,51.25,STAYOFF
485236,50.63,STAYOFF
487237,49.94,STAYOFF
489237,49.44,STAYOFF
491236,49.13,STAYOFF
493237,48.94,STAYOFF
495236,48.75,STAYOFF
497236,48.63,STAYOFF
499235,48.44,STAYOFF
501235,48.31,STAYOFF
503236,48.19,STAYOFF
505236,48.06,STAYOFF
507236,47.94,STAYOFF
509237,47.81,STAYOFF
511237,47.69,STAYOFF
513238,47.56,STAYOFF
515237,47.50,STAYOFF
517237,47.44,STAYOFF
519237,47.44,STAYOFF
521237,47.38,STAYOFF
523237,47.38,STAYOFF
525237,47.31,STAYOFF
527238,47.31,STAYOFF
529238,47.31,STAYOFF
531237,47.31,STAYOFF
533237,47.31,STAYOFF
535238,47.25,STAYOFF
537237,47.25,STAYOFF
539237,47.25,STAYOFF
541238,47.25,STAYOFF
543237,47.25,STAYOFF
545236,47.25,STAYOFF
547236,47.25,STAYOFF
549237,47.25,STAYOFF
551237,47.25,STAYOFF
553236,47.25,STAYOFF
555237,47.25,STAYOFF
557236,47.25,STAYOFF
559236,47.25,STAYOFF
561236,47.25,STAYOFF
563236,47.25,STAYOFF
565236,47.25,STAYOFF
567236,47.25,STAYOFF
569237,47.25,STAYOFF
571237,47.25,STAYOFF
573237,47.25,STAYOFF
575238,47.25,STAYOFF
577236,47.25,STAYOFF
579236,47.25,STAYOFF
581236,47.25,STAYOFF
583237,47.25,STAYOFF
585236,47.25,STAYOFF
587236,47.25,STAYOFF
589237,47.25,STAYOFF
591236,47.25,STAYOFF
593235,47.25,STAYOFF
595236,47.25,STAYOFF
597236,47.25,STAYOFF
599236,47.25,STAYOFF
601236,47.25,STAYOFF
603237,47.25,STAYOFF
605237,47.25,STAYOFF
607237,47.25,STAYOFF
609238,47.25,STAYOFF
611237,47.25,STAYOFF
613237,47.25,STAYOFF
615237,47.25,STAYOFF
617237,47.19,STAYOFF
619237,47.19,STAYOFF
621237,47.19,STAYOFF
623238,47.19,STAYOFF
625236,47.19,STAYOFF
627236,47.19,STAYOFF
629236,47.19,STAYOFF
631237,47.19,STAYOFF
633236,47.19,STAYOFF
635236,47.19,STAYOFF
637237,47.19,STAYOFF
639236,47.19,STAYOFF
641235,47.19,STAYOFF
643236,47.19,STAYOFF
645236,47.19,STAYOFF
647236,47.19,STAYOFF
649236,47.19,STAYOFF
651237,47.19,STAYOFF
653237,47.19,STAYOFF
655237,47.19,STAYOFF
657238,47.19,STAYOFF
659237,47.19,STAYOFF
661237,47.19,STAYOFF
663237,47.19,STAYOFF
665237,47.19,STAYOFF
667237,47.13,STAYOFF
669237,47.13,STAYOFF
671238,47.13,STAYOFF
673236,47.13,STAYOFF
675236,47.13,STAYOFF
677236,47.13,STAYOFF
679237,47.13,STAYOFF
681236,47.13,STAYOFF
683236,47.13,STAYOFF
685237,47.13,STAYOFF
687236,47.13,STAYOFF
689235,47.13,STAYOFF
691236,47.13,STAYOFF
693236,47.13,STAYOFF
695236,47.13,STAYOFF
697236,47.13,STAYOFF
699237,47.13,STAYOFF
701237,47.13,STAYOFF
703237,47.06,STAYOFF
705238,47.06,STAYOFF
707236,47.06,STAYOFF
709236,47.06,STAYOFF
711236,47.06,STAYOFF
713237,47.06,STAYOFF
715237,47.06,STAYOFF
717237,47.06,STAYOFF
719238,47.06,STAYOFF
721236,47.06,STAYOFF
723236,47.06,STAYOFF
725236,47.06,STAYOFF
727237,47.00,STAYOFF
729236,47.00,STAYOFF
731236,47.00,STAYOFF
733237,47.00,STAYOFF
735236,47.00,STAYOFF
737235,47.00,STAYOFF
739235,47.00,STAYOFF
741236,47.00,STAYOFF
743236,47.00,STAYOFF
745236,47.00,STAYOFF
747236,47.00,STAYOFF
749237,47.00,STAYOFF
751237,46.94,SWITCHON
753236,46.94,STAYON
755237,46.94,STAYON
757237,46.94,STAYON
759237,46.94,STAYON
761236,46.94,STAYON
763236,46.94,STAYON
765237,46.94,STAYON
767237,46.94,STAYON
769236,47.00,STAYON
771236,47.00,STAYON
773237,47.06,STAYON
775237,47.13,STAYON
777236,47.19,STAYON
779237,47.25,STAYON
781236,47.31,STAYON
783236,47.38,STAYON
785235,47.50,STAYON
787236,47.56,SWITCHOFF
789236,47.69,STAYOFF
791236,47.75,STAYOFF
793237,47.88,STAYOFF
795237,47.94,STAYOFF
797238,48.00,STAYOFF
799237,48.06,STAYOFF
801236,48.19,STAYOFF
803237,48.25,STAYOFF
805236,48.31,STAYOFF
807237,48.38,STAYOFF
809235,48.44,STAYOFF
811236,48.44,STAYOFF
813236,48.50,STAYOFF
815236,48.56,STAYOFF
817236,48.63,STAYOFF
819235,48.63,STAYOFF
821236,48.69,STAYOFF
823235,48.75,STAYOFF
825236,48.81,STAYOFF
827235,48.88,STAYOFF
829236,48.88,STAYOFF
831235,48.94,STAYOFF
833235,48.94,STAYOFF
835234,49.00,STAYOFF
837235,49.06,STAYOFF
839234,49.06,STAYOFF
841235,49.13,STAYOFF
843234,49.19,STAYOFF
845235,49.25,STAYOFF
847234,49.25,STAYOFF
849234,49.31,STAYOFF
851233,49.31,STAYOFF
853234,49.38,STAYOFF
855233,49.44,STAYOFF
857234,49.44,STAYOFF
859235,49.50,STAYOFF
861234,49.50,STAYOFF
863235,49.50,STAYOFF
865233,49.56,STAYOFF
867234,49.56,STAYOFF
869233,49.56,STAYOFF
871234,49.56,STAYOFF
873234,49.56,STAYOFF
875235,49.63,STAYOFF
877236,49.63,STAYOFF
879235,49.63,STAYOFF
881235,49.63,STAYOFF
883234,49.69,STAYOFF
885235,49.69,STAYOFF
887234,49.75,STAYOFF
889235,49.75,STAYOFF
891236,49.75,STAYOFF
893235,49.81,STAYOFF
895236,49.81,STAYOFF
897234,49.81,STAYOFF
899235,49.81,STAYOFF
901236,49.81,STAYOFF
903235,49.81,STAYOFF
905236,49.88,STAYOFF
907235,49.88,STAYOFF
909236,49.88,STAYOFF
911237,49.88,STAYOFF
913235,49.88,STAYOFF
915236,49.94,STAYOFF
917236,49.94,STAYOFF
919235,49.94,STAYOFF
921236,49.94,STAYOFF
923235,49.94,STAYOFF
925236,49.94,STAYOFF
927237,50.00,STAYOFF
929235,50.00,STAYOFF
931236,50.00,STAYOFF
933236,50.00,STAYOFF
935235,50.00,STAYOFF
937236,50.06,STAYOFF
939235,50.06,STAYOFF
941236,50.06,STAYOFF
943237,50.06,STAYOFF
945235,50.06,STAYOFF
947236,50.06,STAYOFF
949236,50.06,STAYOFF
951235,50.13,STAYOFF
953236,50.13,STAYOFF
955236,50.13,STAYOFF
957236,50.13,STAYOFF
959237,50.19,STAYOFF
961235,50.19,STAYOFF
963236,50.19,STAYOFF
965237,50.19,STAYOFF
967236,50.25,STAYOFF
969237,50.25,STAYOFF
971237,50.25,STAYOFF
973236,50.25,STAYOFF
975237,50.25,STAYOFF
977235,50.25,STAYOFF
979236,50.31,STAYOFF
981237,50.25,STAYOFF
983236,50.31,STAYOFF
985237,50.31,STAYOFF
987238,50.31,STAYOFF
989237,50.31,STAYOFF
991238,50.31,STAYOFF
993239,50.31,STAYOFF
995238,50.31,STAYOFF
997238,50.31,STAYOFF
999239,50.31,STAYOFF
1001237,50.31,STAYOFF
1003237,50.31,STAYOFF
1005238,50.38,STAYOFF
1007238,50.38,STAYOFF
1009236,50.38,STAYOFF
1011237,50.38,STAYOFF
1013238,50.38,STAYOFF
1015238,50.38,STAYOFF
1017236,50.38,STAYOFF
1019237,50.38,STAYOFF
1021237,50.38,STAYOFF
1023236,50.38,STAYOFF
1025236,50.31,STAYOFF
1027237,50.38,STAYOFF
1029237,50.31,STAYOFF
1031236,50.31,STAYOFF
1033237,50.38,STAYOFF
1035238,50.31,STAYOFF
1037237,50.31,STAYOFF
1039237,50.31,STAYOFF
1041238,50.31,STAYOFF
1043237,50.31,STAYOFF
1045236,50.31,STAYOFF
1047237,50.31,STAYOFF
1049237,50.31,STAYOFF
1051237,50.31,STAYOFF
1053236,50.31,STAYOFF
1055237,50.31,STAYOFF
1057236,50.31,STAYOFF
1059235,50.31,STAYOFF
1061236,50.25,STAYOFF
1063237,50.31,STAYOFF
1065235,50.31,STAYOFF
1067235,50.31,STAYOFF
1069236,50.25,STAYOFF
1071236,50.25,STAYOFF
1073234,50.25,STAYOFF
1075235,50.25,STAYOFF
1077235,50.25,STAYOFF
1079234,50.25,STAYOFF
1081235,50.25,STAYOFF
1083236,50.25,STAYOFF
1085235,50.25,STAYOFF
1087236,50.25,STAYOFF
1089236,50.25,STAYOFF
1091235,50.25,STAYOFF
1093236,50.25,STAYOFF
1095237,50.25,STAYOFF
1097235,50.25,STAYOFF
1099236,50.25,STAYOFF
1101237,50.25,STAYOFF
1103236,50.25,STAYOFF
1105235,50.25,STAYOFF
1107236,50.19,STAYOFF
1109236,50.25,STAYOFF
1111235,50.25,STAYOFF
1113236,50.25,STAYOFF
1115236,50.19,STAYOFF
1117235,50.19,STAYOFF
1119236,50.19,STAYOFF
1121236,50.19,STAYOFF
1123235,50.19,STAYOFF
1125236,50.19,STAYOFF
1127237,50.19,STAYOFF
1129235,50.19,STAYOFF
1131236,50.19,STAYOFF
1133237,50.19,STAYOFF
1135236,50.19,STAYOFF
1137236,50.19,STAYOFF
1139237,50.19,STAYOFF
1141236,50.19,STAYOFF
1143236,50.19,STAYOFF
1145237,50.19,STAYOFF
1147237,50.19,STAYOFF
1149236,50.19,STAYOFF
1151237,50.19,STAYOFF
1153236,50.19,STAYOFF
1155235,50.19,STAYOFF
1157236,50.19,STAYOFF
1159237,50.13,STAYOFF
1161235,50.13,STAYOFF
1163236,50.13,STAYOFF
1165237,50.13,STAYOFF
1167236,50.13,STAYOFF
1169236,50.13,STAYOFF
1171237,50.13,STAYOFF
1173236,50.13,STAYOFF
1175237,50.13,STAYOFF
1177237,50.13,STAYOFF
1179237,50.13,STAYOFF
1181236,50.13,STAYOFF
1183237,50.13,STAYOFF
1185236,50.13,STAYOFF
1187235,50.13,STAYOFF
1189236,50.13,STAYOFF
1191236,50.06,STAYOFF
1193235,50.06,STAYOFF
1195236,50.06,STAYOFF
1197237,50.06,STAYOFF
1199236,50.06,STAYOFF
1201236,50.06,STAYOFF
1203237,50.06,STAYOFF
1205236,50.06,STAYOFF
1207237,50.06,STAYOFF
1209237,50.06,STAYOFF
1211236,50.06,STAYOFF
1213237,50.06,STAYOFF
1215238,50.06,STAYOFF
1217236,50.06,STAYOFF
1219237,50.06,STAYOFF
1221238,50.00,STAYOFF
1223237,50.00,STAYOFF
1225236,50.00,STAYOFF
1227237,50.00,STAYOFF
1229237,50.00,STAYOFF
1231236,50.00,STAYOFF
1233236,50.00,STAYOFF
1235236,50.00,STAYOFF
1237235,50.00,STAYOFF
1239236,50.00,STAYOFF
1241236,50.00,STAYOFF
1243235,49.94,STAYOFF
1245236,50.00,STAYOFF
1247237,50.00,STAYOFF
1249235,49.94,STAYOFF
1251236,49.94,STAYOFF
1253237,49.94,STAYOFF
1255236,49.94,STAYOFF
1257237,49.94,STAYOFF
1259238,49.94,STAYOFF
1261237,49.94,STAYOFF
1263238,49.94,STAYOFF
1265239,49.94,STAYOFF
1267237,49.94,STAYOFF
1269238,49.94,STAYOFF
1271239,49.94,STAYOFF
1273238,49.88,STAYOFF
1275237,49.88,STAYOFF
1277238,49.88,STAYOFF
1279238,49.88,STAYOFF
1281236,49.88,STAYOFF
1283237,49.88,STAYOFF
1285237,49.88,STAYOFF
1287236,49.88,STAYOFF
1289237,49.88,STAYOFF
1291238,49.88,STAYOFF
1293237,49.88,STAYOFF
1295238,49.88,STAYOFF
1297239,49.88,STAYOFF
1299237,49.88,STAYOFF
1301238,49.88,STAYOFF
1303239,49.88,STAYOFF
1305237,49.81,STAYOFF
1307238,49.88,STAYOFF
1309239,49.81,STAYOFF
1311238,49.81,STAYOFF
1313239,49.81,STAYOFF
1315239,49.81,STAYOFF
1317238,49.81,STAYOFF
1319239,49.81,STAYOFF
1321240,49.81,STAYOFF
1323239,49.81,STAYOFF
1325240,49.81,STAYOFF
1327241,49.81,STAYOFF
1329241,49.81,STAYOFF
1331239,49.81,STAYOFF
1333240,49.81,STAYOFF
1335240,49.81,STAYOFF
1337239,49.75,STAYOFF
1339240,49.75,STAYOFF
1341239,49.75,STAYOFF
1343240,49.75,STAYOFF
1345241,49.75,STAYOFF
1347239,49.75,STAYOFF
1349240,49.75,STAYOFF
1351240,49.75,STAYOFF
1353239,49.75,STAYOFF
1355240,49.75,STAYOFF
1357240,49.75,STAYOFF
1359239,49.75,STAYOFF
1361240,49.75,STAYOFF
1363239,49.75,STAYOFF
1365238,49.69,STAYOFF
1367239,49.69,STAYOFF
1369237,49.69,STAYOFF
1371238,49.69,STAYOFF
1373239,49.69,STAYOFF
1375238,49.69,STAYOFF
1377239,49.69,STAYOFF
1379239,49.69,STAYOFF
1381238,49.69,STAYOFF
1383239,49.69,STAYOFF
1385238,49.69,STAYOFF
1387237,49.63,STAYOFF
1389238,49.63,STAYOFF
1391237,49.63,STAYOFF
1393238,49.63,STAYOFF
1395238,49.63,STAYOFF
1397237,49.63,STAYOFF
1399238,49.63,STAYOFF
1401236,49.63,STAYOFF
1403236,49.63,STAYOFF
1405237,49.63,STAYOFF
1407236,49.63,STAYOFF
1409236,49.63,STAYOFF
1411237,49.63,STAYOFF
1413236,49.63,STAYOFF
1415237,49.56,STAYOFF
1417235,49.56,STAYOFF
1419236,49.56,STAYOFF
1421237,49.56,STAYOFF
1423236,49.56,STAYOFF
1425236,49.56,STAYOFF
1427236,49.56,STAYOFF
1429235,49.56,STAYOFF
1431236,49.56,STAYOFF
1433235,49.56,STAYOFF
1435236,49.56,STAYOFF
1437237,49.56,STAYOFF
1439236,49.56,STAYOFF
1441236,49.50,STAYOFF
1443235,49.50,STAYOFF
1445236,49.50,STAYOFF
1447237,49.50,STAYOFF
1449235,49.50,STAYOFF
1451236,49.50,STAYOFF
1453236,49.50,STAYOFF
1455235,49.50,STAYOFF
1457235,49.50,STAYOFF
1459234,49.50,STAYOFF
1461235,49.44,STAYOFF
1463236,49.44,STAYOFF
1465235,49.44,STAYOFF
1467236,49.44,STAYOFF
1469235,49.44,STAYOFF
1471236,49.44,STAYOFF
1473236,49.44,STAYOFF
1475235,49.44,STAYOFF
1477236,49.44,STAYOFF
1479236,49.44,STAYOFF
1481235,49.44,STAYOFF
1483236,49.44,STAYOFF
1485235,49.38,STAYOFF
1487236,49.38,STAYOFF
1489236,49.38,STAYOFF
1491235,49.38,STAYOFF
1493236,49.38,STAYOFF
1495235,49.38,STAYOFF
1497236,49.38,STAYOFF
1499237,49.38,STAYOFF
1501236,49.38,STAYOFF
1503237,49.38,STAYOFF
1505236,49.38,STAYOFF
1507235,49.38,STAYOFF
1509236,49.38,STAYOFF
1511235,49.31,STAYOFF
1513236,49.31,STAYOFF
1515237,49.31,STAYOFF
1517236,49.31,STAYOFF
1519237,49.31,STAYOFF
1521235,49.31,STAYOFF
1523235,49.31,STAYOFF
1525236,49.31,STAYOFF
1527235,49.31,STAYOFF
1529236,49.25,STAYOFF
1531237,49.25,STAYOFF
1533236,49.25,STAYOFF
1535237,49.31,STAYOFF
1537235,49.25,STAYOFF
1539236,49.25,STAYOFF
1541237,49.25,STAYOFF
1543236,49.25,STAYOFF
1545237,49.25,STAYOFF
1547237,49.25,STAYOFF
1549236,49.25,STAYOFF
1551237,49.25,STAYOFF
1553235,49.19,STAYOFF
1555236,49.25,STAYOFF
1557237,49.19,STAYOFF
1559236,49.19,STAYOFF
1561237,49.19,STAYOFF
1563236,49.19,STAYOFF
1565237,49.19,STAYOFF
1567238,49.19,STAYOFF
1569236,49.19,STAYOFF
1571237,49.19,STAYOFF
1573237,49.19,STAYOFF
1575238,49.19,STAYOFF
1577238,49.19,STAYOFF
1579237,49.19,STAYOFF
1581238,49.13,STAYOFF
1583237,49.13,STAYOFF
1585238,49.13,STAYOFF
1587238,49.13,STAYOFF
1589237,49.13,STAYOFF
1591238,49.13,STAYOFF
1593236,49.13,STAYOFF
1595237,49.13,STAYOFF
1597236,49.13,STAYOFF
1599237,49.13,STAYOFF
1601236,49.13,STAYOFF
1603237,49.06,STAYOFF
1605237,49.06,STAYOFF
1607238,49.06,STAYOFF
1609238,49.06,STAYOFF
1611237,49.06,STAYOFF
1613238,49.06,STAYOFF
1615237,49.06,STAYOFF
1617238,49.06,STAYOFF
1619236,49.06,STAYOFF
1621237,49.06,STAYOFF
1623236,49.06,STAYOFF
1625237,49.00,STAYOFF
1627237,49.06,STAYOFF
1629238,49.00,STAYOFF
1631239,49.00,STAYOFF
1633238,49.00,STAYOFF
1635238,49.00,STAYOFF
1637237,49.00,STAYOFF
1639238,49.00,STAYOFF
1641236,49.00,STAYOFF
1643237,49.00,STAYOFF
1645236,49.00,STAYOFF
1647237,49.00,STAYOFF
1649236,49.00,STAYOFF
1651237,48.94,STAYOFF
1653237,48.94,STAYOFF
1655238,48.94,STAYOFF
1657238,48.94,STAYOFF
1659237,48.94,STAYOFF
1661238,48.94,STAYOFF
1663237,48.94,STAYOFF
1665238,48.94,STAYOFF
1667236,48.94,STAYOFF
1669237,48.94,STAYOFF
1671237,48.94,STAYOFF
1673237,48.94,STAYOFF
1675237,48.88,STAYOFF
1677237,48.88,STAYOFF
1679238,48.88,STAYOFF
1681236,48.88,STAYOFF
1683237,48.88,STAYOFF
1685236,48.88,STAYOFF
1687237,48.88,STAYOFF
1689235,48.88,STAYOFF
1691236,48.88,STAYOFF
1693236,48.88,STAYOFF
1695237,48.88,STAYOFF
1697238,48.88,STAYOFF
1699236,48.81,STAYOFF
1701237,48.81,STAYOFF
1703236,48.81,STAYOFF
1705237,48.81,STAYOFF
1707236,48.81,STAYOFF
1709237,48.81,STAYOFF
1711236,48.81,STAYOFF
1713236,48.81,STAYOFF
1715236,48.81,STAYOFF
1717237,48.81,STAYOFF
1719238,48.81,STAYOFF
1721236,48.75,STAYOFF
1723237,48.75,STAYOFF
1725236,48.75,STAYOFF
1727237,48.75,STAYOFF
1729235,48.75,STAYOFF
1731236,48.75,STAYOFF
1733236,48.75,STAYOFF
1735237,48.75,STAYOFF
1737236,48.75,STAYOFF
1739236,48.75,STAYOFF
1741237,48.75,STAYOFF
1743236,48.75,STAYOFF
1745236,48.69,STAYOFF
1747235,48.69,STAYOFF
1749236,48.69,STAYOFF
1751235,48.69,STAYOFF
1753236,48.69,STAYOFF
1755236,48.69,STAYOFF
1757237,48.69,STAYOFF
1759238,48.69,STAYOFF
1761236,48.69,STAYOFF
1763237,48.69,STAYOFF
1765236,48.69,STAYOFF
1767237,48.69,STAYOFF
1769235,48.69,STAYOFF
1771236,48.63,STAYOFF
1773235,48.63,STAYOFF
1775236,48.63,STAYOFF
1777235,48.63,STAYOFF
1779236,48.63,STAYOFF
1781236,48.63,STAYOFF
1783237,48.63,STAYOFF
1785236,48.63,STAYOFF
1787237,48.63,STAYOFF
1789237,48.63,STAYOFF
1791238,48.63,STAYOFF
1793236,48.63,STAYOFF
1795237,48.63,STAYOFF
1797236,48.56,STAYOFF
1799237,48.56,STAYOFF
1801235,48.56,STAYOFF
1803236,48.56,STAYOFF
1805236,48.56,STAYOFF
1807237,48.56,STAYOFF
1809236,48.56,STAYOFF
1811237,48.56,STAYOFF
1813236,48.56,STAYOFF
1815237,48.56,STAYOFF
1817235,48.56,STAYOFF
1819236,48.56,STAYOFF
1821235,48.56,STAYOFF
1823236,48.50,STAYOFF
1825234,48.50,STAYOFF
1827235,48.50,STAYOFF
1829234,48.50,STAYOFF
1831235,48.50,STAYOFF
1833234,48.50,STAYOFF
1835235,48.50,STAYOFF
1837234,48.50,STAYOFF
1839235,48.50,STAYOFF
1841233,48.50,STAYOFF
1843234,48.50,STAYOFF
1845233,48.50,STAYOFF
1847233,48.44,STAYOFF
1849233,48.44,STAYOFF
1851233,48.44,STAYOFF
1853234,48.44,STAYOFF
1855234,48.44,STAYOFF
1857234,48.44,STAYOFF
1859234,48.44,STAYOFF
1861235,48.44,STAYOFF
1863235,48.44,STAYOFF
1865236,48.44,STAYOFF
1867235,48.44,STAYOFF
1869236,48.44,STAYOFF
1871235,48.38,STAYOFF
1873235,48.38,STAYOFF
1875234,48.38,STAYOFF
1877235,48.38,STAYOFF
1879234,48.38,STAYOFF
1881235,48.38,STAYOFF
1883234,48.38,STAYOFF
1885235,48.38,STAYOFF
1887234,48.38,STAYOFF
1889234,48.38,STAYOFF
1891233,48.38,STAYOFF
1893234,48.38,STAYOFF
1895233,48.31,STAYOFF
1897234,48.31,STAYOFF
1899233,48.31,STAYOFF
1901233,48.31,STAYOFF
1903233,48.31,STAYOFF
1905232,48.31,STAYOFF
1907233,48.31,STAYOFF
1909233,48.31,STAYOFF
1911234,48.31,STAYOFF
1913234,48.31,STAYOFF
1915235,48.31,STAYOFF
1917235,48.31,STAYOFF
1919236,48.25,STAYOFF
1921234,48.25,STAYOFF
1923235,48.25,STAYOFF
1925234,48.25,STAYOFF
1927235,48.25,STAYOFF
1929234,48.25,STAYOFF
1931235,48.25,STAYOFF
1933234,48.25,STAYOFF
1935235,48.25,STAYOFF
1937233,48.25,STAYOFF
1939234,48.25,STAYOFF
1941233,48.25,STAYOFF
1943234,48.25,STAYOFF
1945233,48.25,STAYOFF
1947234,48.19,STAYOFF
1949233,48.19,STAYOFF
1951234,48.19,STAYOFF
1953232,48.19,STAYOFF
1955233,48.19,STAYOFF
1957232,48.19,STAYOFF
1959232,48.19,STAYOFF
1961231,48.19,STAYOFF
1963231,48.19,STAYOFF
1965232,48.19,STAYOFF
1967232,48.19,STAYOFF
1969232,48.19,STAYOFF
1971232,48.19,STAYOFF
1973233,48.13,STAYOFF
1975231,48.13,STAYOFF
1977232,48.13,STAYOFF
1979231,48.13,STAYOFF
1981232,48.13,STAYOFF
1983230,48.13,STAYOFF
1985231,48.13,STAYOFF
1987230,48.13,STAYOFF
1989231,48.13,STAYOFF
1991230,48.13,STAYOFF
1993230,48.13,STAYOFF
1995230,48.06,STAYOFF
1997230,48.06,STAYOFF
1999230,48.06,STAYOFF
2001230,48.06,STAYOFF
2003231,48.06,STAYOFF
2005230,48.06,STAYOFF
2007231,48.06,STAYOFF
2009230,48.06,STAYOFF
2011231,48.06,STAYOFF
2013230,48.06,STAYOFF
2015229,48.06,STAYOFF
2017230,48.06,STAYOFF
2019230,48.06,STAYOFF
2021231,48.06,STAYOFF
2023230,48.00,STAYOFF
2025230,48.00,STAYOFF
2027230,48.00,STAYOFF
2029230,48.00,STAYOFF
2031230,48.00,STAYOFF
2033230,48.00,STAYOFF
2035231,48.00,STAYOFF
2037230,48.00,STAYOFF
2039230,48.00,STAYOFF
2041231,48.00,STAYOFF
2043231,48.00,STAYOFF
2045232,48.00,STAYOFF
2047230,48.00,STAYOFF
2049230,47.94,STAYOFF
2051231,47.94,STAYOFF
2053231,47.94,STAYOFF
2055232,47.94,STAYOFF
2057231,47.94,STAYOFF
2059231,47.94,STAYOFF
2061232,47.94,STAYOFF
2063232,47.94,STAYOFF
2065232,47.94,STAYOFF
2067231,47.94,STAYOFF
2069231,47.94,STAYOFF
2071232,47.94,STAYOFF
2073232,47.88,STAYOFF
2075233,47.88,STAYOFF
2077232,47.88,STAYOFF
2079233,47.88,STAYOFF
2081231,47.88,STAYOFF
2083231,47.88,STAYOFF
2085232,47.88,STAYOFF
2087231,47.88,STAYOFF
2089232,47.88,STAYOFF
2091231,47.88,STAYOFF
2093231,47.88,STAYOFF
2095232,47.88,STAYOFF
2097231,47.88,STAYOFF
2099232,47.88,STAYOFF
2101231,47.88,STAYOFF
2103231,47.81,STAYOFF
2105232,47.81,STAYOFF
2107232,47.81,STAYOFF
2109233,47.81,STAYOFF
2111232,47.81,STAYOFF
2113231,47.81,STAYOFF
2115231,47.81,STAYOFF
2117231,47.81,STAYOFF
2119232,47.81,STAYOFF
2121232,47.81,STAYOFF
2123233,47.81,STAYOFF
2125232,47.81,STAYOFF
2127232,47.75,STAYOFF
2129232,47.75,STAYOFF
2131232,47.75,STAYOFF
2133233,47.75,STAYOFF
2135231,47.75,STAYOFF
2137231,47.75,STAYOFF
2139232,47.75,STAYOFF
2141232,47.75,STAYOFF
2143233,47.75,STAYOFF
2145231,47.75,STAYOFF
2147232,47.75,STAYOFF
2149231,47.75,STAYOFF
2151231,47.75,STAYOFF
2153232,47.69,STAYOFF
2155232,47.69,STAYOFF
2157233,47.69,STAYOFF
2159232,47.69,STAYOFF
2161231,47.69,STAYOFF
2163232,47.69,STAYOFF
2165232,47.69,STAYOFF
2167232,47.69,STAYOFF
2169231,47.69,STAYOFF
2171231,47.69,STAYOFF
2173232,47.69,STAYOFF
2175232,47.69,STAYOFF
2177232,47.69,STAYOFF
2179231,47.69,STAYOFF
2181232,47.63,STAYOFF
2183230,47.63,STAYOFF
2185230,47.63,STAYOFF
2187231,47.63,STAYOFF
2189231,47.63,STAYOFF
2191232,47.63,STAYOFF
2193230,47.63,STAYOFF
2195230,47.63,STAYOFF
2197231,47.63,STAYOFF
2199231,47.63,STAYOFF
2201232,47.63,STAYOFF
2203231,47.63,STAYOFF
2205231,47.56,STAYOFF
2207232,47.56,STAYOFF
2209231,47.56,STAYOFF
2211232,47.56,STAYOFF
2213231,47.56,STAYOFF
2215231,47.56,STAYOFF
2217232,47.56,STAYOFF
2219232,47.56,STAYOFF
2221233,47.56,STAYOFF
2223232,47.56,STAYOFF
2225231,47.56,STAYOFF
2227232,47.56,STAYOFF
2229232,47.56,STAYOFF
2231232,47.50,STAYOFF
2233231,47.56,STAYOFF
2235231,47.50,STAYOFF
2237232,47.50,STAYOFF
2239230,47.50,STAYOFF
2241230,47.50,STAYOFF
2243231,47.50,STAYOFF
2245231,47.50,STAYOFF
2247232,47.50,STAYOFF
2249231,47.50,STAYOFF
2251231,47.50,STAYOFF
2253232,47.50,STAYOFF
2255232,47.50,STAYOFF
2257231,47.50,STAYOFF
2259232,47.44,STAYOFF
2261232,47.50,STAYOFF
2263232,47.44,STAYOFF
2265231,47.44,STAYOFF
2267231,47.44,STAYOFF
2269232,47.44,STAYOFF
2271230,47.44,STAYOFF
2273230,47.44,STAYOFF
2275231,47.44,STAYOFF
2277230,47.44,STAYOFF
2279230,47.44,STAYOFF
2281231,47.44,STAYOFF
2283230,47.38,STAYOFF
2285230,47.44,STAYOFF
2287230,47.44,STAYOFF
2289230,47.38,STAYOFF
2291230,47.38,STAYOFF
2293231,47.38,STAYOFF
2295231,47.38,STAYOFF
2297231,47.38,STAYOFF
2299232,47.38,STAYOFF
2301232,47.38,STAYOFF
2303232,47.38,STAYOFF
2305232,47.38,STAYOFF
2307232,47.38,STAYOFF
2309232,47.38,STAYOFF
2311232,47.31,STAYOFF
2313232,47.31,STAYOFF
2315232,47.31,STAYOFF
2317233,47.31,STAYOFF
2319233,47.31,STAYOFF
2321232,47.31,STAYOFF
2323232,47.31,STAYOFF
2325232,47.31,STAYOFF
2327232,47.31,STAYOFF
2329231,47.31,STAYOFF
2331231,47.31,STAYOFF
2333232,47.31,STAYOFF
2335230,47.31,STAYOFF
2337230,47.31,STAYOFF
2339231,47.25,STAYOFF
2341231,47.25,STAYOFF
2343231,47.25,STAYOFF
2345232,47.25,STAYOFF
2347232,47.25,STAYOFF
2349232,47.25,STAYOFF
2351233,47.25,STAYOFF
2353232,47.25,STAYOFF
2355232,47.25,STAYOFF
2357233,47.25,STAYOFF
2359233,47.25,STAYOFF
2361233,47.25,STAYOFF
2363234,47.19,STAYOFF
2365234,47.25,STAYOFF
2367234,47.25,STAYOFF
2369234,47.19,STAYOFF
2371234,47.19,STAYOFF
2373234,47.19,STAYOFF
2375235,47.19,STAYOFF
2377235,47.19,STAYOFF
2379235,47.19,STAYOFF
2381235,47.19,STAYOFF
2383235,47.19,STAYOFF
2385235,47.19,STAYOFF
2387234,47.19,STAYOFF
2389234,47.19,STAYOFF
2391235,47.19,STAYOFF
2393234,47.13,STAYOFF
2395234,47.13,STAYOFF
2397235,47.13,STAYOFF
2399234,47.13,STAYOFF
2401233,47.13,STAYOFF
2403234,47.13,STAYOFF
2405234,47.13,STAYOFF
2407234,47.13,STAYOFF
2409235,47.13,STAYOFF
2411235,47.13,STAYOFF
2413235,47.13,STAYOFF
2415236,47.13,STAYOFF
2417235,47.13,STAYOFF
2419235,47.13,STAYOFF
2421236,47.06,STAYOFF
2423236,47.06,STAYOFF
2425236,47.06,STAYOFF
2427237,47.06,STAYOFF
2429237,47.06,STAYOFF
2431237,47.06,STAYOFF
2433238,47.06,STAYOFF
2435237,47.06,STAYOFF
2437237,47.06,STAYOFF
2439238,47.06,STAYOFF
2441237,47.06,STAYOFF
2443237,47.06,STAYOFF
2445238,47.06,STAYOFF
2447238,47.06,STAYOFF
2449238,47.00,STAYOFF
2451238,47.06,STAYOFF
2453238,47.00,STAYOFF
2455238,47.00,STAYOFF
2457238,47.00,STAYOFF
2459238,47.00,STAYOFF
2461238,47.00,STAYOFF
2463239,47.00,STAYOFF
2465238,47.00,STAYOFF
2467237,47.00,STAYOFF
2469237,47.00,STAYOFF
2471238,47.00,STAYOFF
2473237,46.94,SWITCHON
2475237,47.00,STAYON
2477238,46.94,STAYON
2479238,46.94,STAYON
2481238,46.94,STAYON
2483237,46.94,STAYON
2485238,46.94,STAYON
2487238,47.00,STAYON
2489237,47.00,STAYON
2491238,47.00,STAYON
2493237,47.06,STAYON
2495237,47.06,STAYON
2497236,47.13,STAYON
2499237,47.19,STAYON
2501237,47.25,STAYON
2503237,47.31,STAYON
2505237,47.44,STAYON
2507237,47.50,STAYON
2509238,47.63,SWITCHOFF
2511237,47.69,STAYOFF
2513236,47.81,STAYOFF
2515237,47.88,STAYOFF
2517237,48.00,STAYOFF
2519238,48.06,STAYOFF
2521236,48.19,STAYOFF
2523237,48.25,STAYOFF
2525236,48.31,STAYOFF
2527237,48.38,STAYOFF
2529235,48.44,STAYOFF
2531236,48.50,STAYOFF
2533235,48.50,STAYOFF
2535236,48.56,STAYOFF
2537235,48.63,STAYOFF
2539236,48.75,STAYOFF
2541235,48.81,STAYOFF
2543236,48.81,STAYOFF
2545234,48.88,STAYOFF
2547235,48.94,STAYOFF
2549234,49.00,STAYOFF
2551235,49.06,STAYOFF
2553234,49.13,STAYOFF
2555235,49.19,STAYOFF
2557236,49.25,STAYOFF
2559235,49.31,STAYOFF
2561235,49.38,STAYOFF
2563234,49.38,STAYOFF
2565235,49.44,STAYOFF
2567236,49.44,STAYOFF
2569235,49.50,STAYOFF
2571236,49.56,STAYOFF
2573236,49.56,STAYOFF
2575235,49.63,STAYOFF
2577235,49.63,STAYOFF
2579234,49.69,STAYOFF
2581235,49.69,STAYOFF
2583236,49.75,STAYOFF
2585235,49.75,STAYOFF
2587236,49.75,STAYOFF
2589236,49.81,STAYOFF
2591235,49.81,STAYOFF
2593235,49.81,STAYOFF
2595235,49.88,STAYOFF
2597234,49.88,STAYOFF
2599235,49.88,STAYOFF
2601236,49.88,STAYOFF
2603235,49.88,STAYOFF
2605236,49.88,STAYOFF
2607237,49.94,STAYOFF
2609235,49.94,STAYOFF
2611236,49.94,STAYOFF
2613237,49.94,STAYOFF
2615236,49.94,STAYOFF
2617237,49.94,STAYOFF
2619238,49.94,STAYOFF
2621237,49.94,STAYOFF
2623238,49.94,STAYOFF
2625239,50.00,STAYOFF
2627237,50.00,STAYOFF
2629237,50.00,STAYOFF
2631238,50.00,STAYOFF
2633237,50.00,STAYOFF
2635236,50.00,STAYOFF
2637237,50.06,STAYOFF
2639237,50.06,STAYOFF
2641235,50.06,STAYOFF
2643236,50.13,STAYOFF
2645236,50.13,STAYOFF
2647235,50.13,STAYOFF
2649236,50.19,STAYOFF
2651237,50.19,STAYOFF
2653236,50.19,STAYOFF
2655237,50.19,STAYOFF
2657238,50.19,STAYOFF
2659236,50.19,STAYOFF
2661237,50.25,STAYOFF
2663238,50.25,STAYOFF
2665236,50.25,STAYOFF
2667236,50.25,STAYOFF
2669237,50.25,STAYOFF
2671237,50.31,STAYOFF
2673235,50.31,STAYOFF
2675236,50.31,STAYOFF
2677236,50.31,STAYOFF
2679235,50.31,STAYOFF
2681236,50.31,STAYOFF
2683237,50.31,STAYOFF
2685236,50.38,STAYOFF
2687237,50.38,STAYOFF
2689238,50.38,STAYOFF
2691237,50.38,STAYOFF
2693236,50.38,STAYOFF
2695237,50.38,STAYOFF
2697236,50.38,STAYOFF
2699235,50.44,STAYOFF
2701236,50.44,STAYOFF
2703237,50.44,STAYOFF
2705236,50.44,STAYOFF
2707235,50.44,STAYOFF
2709236,50.44,STAYOFF
2711237,50.44,STAYOFF
2713236,50.44,STAYOFF
2715235,50.44,STAYOFF
2717236,50.44,STAYOFF
2719237,50.44,STAYOFF
2721236,50.44,STAYOFF
2723235,50.44,STAYOFF
2725236,50.44,STAYOFF
2727237,50.44,STAYOFF
2729236,50.44,STAYOFF
2731235,50.44,STAYOFF
2733236,50.44,STAYOFF
2735237,50.44,STAYOFF
2737236,50.44,STAYOFF
2739235,50.44,STAYOFF
2741236,50.44,STAYOFF
2743237,50.44,STAYOFF
2745236,50.44,STAYOFF
2747235,50.44,STAYOFF
2749236,50.38,STAYOFF
2751237,50.38,STAYOFF
2753236,50.38,STAYOFF
2755235,50.38,STAYOFF
2757236,50.38,STAYOFF
2759237,50.38,STAYOFF
2761236,50.38,STAYOFF
2763235,50.38,STAYOFF
2765236,50.38,STAYOFF
2767236,50.38,STAYOFF
2769235,50.38,STAYOFF
2771234,50.38,STAYOFF
2773235,50.38,STAYOFF
2775235,50.38,STAYOFF
2777234,50.38,STAYOFF
2779235,50.38,STAYOFF
2781236,50.38,STAYOFF
2783235,50.38,STAYOFF
2785235,50.38,STAYOFF
2787236,50.38,STAYOFF
2789236,50.38,STAYOFF
2791235,50.38,STAYOFF
2793236,50.38,STAYOFF
2795236,50.38,STAYOFF
2797235,50.38,STAYOFF
2799235,50.38,STAYOFF
2801235,50.38,STAYOFF
2803235,50.38,STAYOFF
2805234,50.38,STAYOFF
2807235,50.38,STAYOFF
2809236,50.38,STAYOFF
2811236,50.38,STAYOFF
2813235,50.38,STAYOFF
2815236,50.38,STAYOFF
2817236,50.38,STAYOFF
2819236,50.38,STAYOFF
2821235,50.38,STAYOFF
2823236,50.38,STAYOFF
2825236,50.38,STAYOFF
2827236,50.38,STAYOFF
2829235,50.38,STAYOFF
2831236,50.31,STAYOFF
2833235,50.31,STAYOFF
2835234,50.38,STAYOFF
2837234,50.31,STAYOFF
2839235,50.31,STAYOFF
2841235,50.31,STAYOFF
2843234,50.31,STAYOFF
2845235,50.31,STAYOFF
2847236,50.31,STAYOFF
2849235,50.31,STAYOFF
2851234,50.31,STAYOFF
2853235,50.31,STAYOFF
2855236,50.31,STAYOFF
2857235,50.31,STAYOFF
2859236,50.31,STAYOFF
2861237,50.31,STAYOFF
2863236,50.31,STAYOFF
2865235,50.31,STAYOFF
2867236,50.31,STAYOFF
2869236,50.25,STAYOFF
2871235,50.25,STAYOFF
2873236,50.25,STAYOFF
2875236,50.25,STAYOFF
2877235,50.25,STAYOFF
2879236,50.25,STAYOFF
2881236,50.25,STAYOFF
2883235,50.25,STAYOFF
2885236,50.25,STAYOFF
2887237,50.25,STAYOFF
2889235,50.25,STAYOFF
2891236,50.25,STAYOFF
2893237,50.25,STAYOFF
2895236,50.19,STAYOFF
2897236,50.19,STAYOFF
2899237,50.19,STAYOFF
2901236,50.19,STAYOFF
2903236,50.19,STAYOFF
2905237,50.19,STAYOFF
2907237,50.19,STAYOFF
2909236,50.19,STAYOFF
2911237,50.19,STAYOFF
2913236,50.19,STAYOFF
2915235,50.19,STAYOFF
2917236,50.19,STAYOFF
2919237,50.19,STAYOFF
2921235,50.19,STAYOFF
2923236,50.13,STAYOFF
2925237,50.13,STAYOFF
2927236,50.13,STAYOFF
2929236,50.13,STAYOFF
2931237,50.13,STAYOFF
2933236,50.13,STAYOFF
2935237,50.13,STAYOFF
2937237,50.13,STAYOFF
2939237,50.13,STAYOFF
2941236,50.13,STAYOFF
2943237,50.13,STAYOFF
2945236,50.13,STAYOFF
2947235,50.06,STAYOFF
2949236,50.06,STAYOFF
2951237,50.13,STAYOFF
2953235,50.06,STAYOFF
2955236,50.06,STAYOFF
2957237,50.06,STAYOFF
2959236,50.06,STAYOFF
2961236,50.06,STAYOFF
2963237,50.06,STAYOFF
2965236,50.06,STAYOFF
2967237,50.06,STAYOFF
2969237,50.06,STAYOFF
2971236,50.06,STAYOFF
2973237,50.06,STAYOFF
2975238,50.06,STAYOFF
2977236,50.00,STAYOFF
2979237,50.00,STAYOFF
2981238,50.00,STAYOFF
2983237,50.00,STAYOFF
2985236,50.00,STAYOFF
2987237,50.00,STAYOFF
2989237,50.00,STAYOFF
2991236,50.00,STAYOFF
2993236,50.00,STAYOFF
2995236,50.00,STAYOFF
2997235,50.00,STAYOFF
2999236,50.00,STAYOFF
3001236,50.00,STAYOFF
3003235,50.00,STAYOFF
3005236,50.00,STAYOFF
3007237,49.94,STAYOFF
3009235,49.94,STAYOFF
3011236,49.94,STAYOFF
3013237,49.94,STAYOFF
3015236,49.94,STAYOFF
3017237,49.94,STAYOFF
3019238,49.94,STAYOFF
3021237,49.94,STAYOFF
3023238,49.94,STAYOFF
3025239,49.94,STAYOFF
3027237,49.94,STAYOFF
3029237,49.94,STAYOFF
3031238,49.94,STAYOFF
3033237,49.88,STAYOFF
3035236,49.94,STAYOFF
3037237,49.88,STAYOFF
3039237,49.88,STAYOFF
3041235,49.88,STAYOFF
3043236,49.88,STAYOFF
3045237,49.88,STAYOFF
3047236,49.88,STAYOFF
3049237,49.88,STAYOFF
3051238,49.88,STAYOFF
3053237,49.88,STAYOFF
3055238,49.88,STAYOFF
3057239,49.81,STAYOFF
3059237,49.81,STAYOFF
3061238,49.88,STAYOFF
3063239,49.81,STAYOFF
3065237,49.81,STAYOFF
3067237,49.81,STAYOFF
3069238,49.81,STAYOFF
3071238,49.81,STAYOFF
3073236,49.81,STAYOFF
3075237,49.81,STAYOFF
3077236,49.81,STAYOFF
3079236,49.81,STAYOFF
3081237,49.81,STAYOFF
3083236,49.81,STAYOFF
3085236,49.75,STAYOFF
3087237,49.75,STAYOFF
3089235,49.75,STAYOFF
3091236,49.75,STAYOFF
3093237,49.75,STAYOFF
3095236,49.75,STAYOFF
3097237,49.75,STAYOFF
3099238,49.75,STAYOFF
3101237,49.75,STAYOFF
3103238,49.75,STAYOFF
3105236,49.75,STAYOFF
3107237,49.75,STAYOFF
3109238,49.75,STAYOFF
3111237,49.75,STAYOFF
3113237,49.69,STAYOFF
3115238,49.69,STAYOFF
3117237,49.69,STAYOFF
3119238,49.69,STAYOFF
3121239,49.69,STAYOFF
3123237,49.69,STAYOFF
3125238,49.69,STAYOFF
3127237,49.69,STAYOFF
3129237,49.69,STAYOFF
3131238,49.69,STAYOFF
3133237,49.69,STAYOFF
3135238,49.63,STAYOFF
3137238,49.63,STAYOFF
3139236,49.63,STAYOFF
3141237,49.63,STAYOFF
3143236,49.63,STAYOFF
3145237,49.63,STAYOFF
3147238,49.63,STAYOFF
3149237,49.63,STAYOFF
3151238,49.63,STAYOFF
3153236,49.63,STAYOFF
3155236,49.63,STAYOFF
3157237,49.63,STAYOFF
3159236,49.56,STAYOFF
3161237,49.56,STAYOFF
3163238,49.56,STAYOFF
3165237,49.56,STAYOFF
3167238,49.56,STAYOFF
3169236,49.56,STAYOFF
3171237,49.56,STAYOFF
3173238,49.56,STAYOFF
3175237,49.56,STAYOFF
3177237,49.56,STAYOFF
3179237,49.56,STAYOFF
3181236,49.56,STAYOFF
3183237,49.50,STAYOFF
3185235,49.50,STAYOFF
3187236,49.50,STAYOFF
3189237,49.50,STAYOFF
3191236,49.50,STAYOFF
3193237,49.50,STAYOFF
3195236,49.50,STAYOFF
3197237,49.50,STAYOFF
3199238,49.50,STAYOFF
3201236,49.50,STAYOFF
3203237,49.50,STAYOFF
3205237,49.44,STAYOFF
3207236,49.44,STAYOFF
3209237,49.44,STAYOFF
3211236,49.44,STAYOFF
3213237,49.44,STAYOFF
3215238,49.44,STAYOFF
3217236,49.44,STAYOFF
3219237,49.44,STAYOFF
3221236,49.44,STAYOFF
3223237,49.44,STAYOFF
3225237,49.44,STAYOFF
3227236,49.38,STAYOFF
3229237,49.38,STAYOFF
3231238,49.38,STAYOFF
3233236,49.38,STAYOFF
3235237,49.38,STAYOFF
3237236,49.38,STAYOFF
3239237,49.38,STAYOFF
3241237,49.38,STAYOFF
3243236,49.38,STAYOFF
3245237,49.38,STAYOFF
3247236,49.38,STAYOFF
3249235,49.38,STAYOFF
3251236,49.38,STAYOFF
3253235,49.38,STAYOFF
3255236,49.31,STAYOFF
3257237,49.31,STAYOFF
3259236,49.31,STAYOFF
3261237,49.31,STAYOFF
3263236,49.31,STAYOFF
3265236,49.31,STAYOFF
3267237,49.31,STAYOFF
3269236,49.31,STAYOFF
3271237,49.31,STAYOFF
3273236,49.31,STAYOFF
3275235,49.25,STAYOFF
3277236,49.25,STAYOFF
3279235,49.25,STAYOFF
3281235,49.25,STAYOFF
3283236,49.25,STAYOFF
3285235,49.25,STAYOFF
3287236,49.25,STAYOFF
3289235,49.25,STAYOFF
3291235,49.25,STAYOFF
3293236,49.25,STAYOFF
3295235,49.25,STAYOFF
3297235,49.25,STAYOFF
3299234,49.19,STAYOFF
3301235,49.19,STAYOFF
3303236,49.19,STAYOFF
3305235,49.19,STAYOFF
3307236,49.19,STAYOFF
3309235,49.19,STAYOFF
3311236,49.19,STAYOFF
3313234,49.19,STAYOFF
3315235,49.19,STAYOFF
3317236,49.19,STAYOFF
3319235,49.19,STAYOFF
3321236,49.13,STAYOFF
3323235,49.13,STAYOFF
3325236,49.13,STAYOFF
3327237,49.13,STAYOFF
3329235,49.13,STAYOFF
3331236,49.13,STAYOFF
3333235,49.13,STAYOFF
3335236,49.13,STAYOFF
3337237,49.13,STAYOFF
3339236,49.13,STAYOFF
3341237,49.13,STAYOFF
3343236,49.13,STAYOFF
3345236,49.06,STAYOFF
3347237,49.06,STAYOFF
3349236,49.06,STAYOFF
3351237,49.06,STAYOFF
3353235,49.06,STAYOFF
3355236,49.06,STAYOFF
3357236,49.06,STAYOFF
3359237,49.06,STAYOFF
3361236,49.06,STAYOFF
3363236,49.06,STAYOFF
3365237,49.06,STAYOFF
3367236,49.06,STAYOFF
3369237,49.06,STAYOFF
3371236,49.00,STAYOFF
3373237,49.00,STAYOFF
3375237,49.00,STAYOFF
3377238,49.00,STAYOFF
3379237,49.00,STAYOFF
3381238,49.00,STAYOFF
3383239,49.00,STAYOFF
3385237,49.00,STAYOFF
3387238,49.00,STAYOFF
3389237,49.00,STAYOFF
3391238,49.00,STAYOFF
3393236,49.00,STAYOFF
3395237,48.94,STAYOFF
3397236,48.94,STAYOFF
3399237,48.94,STAYOFF
3401236,48.94,STAYOFF
3403236,48.94,STAYOFF
3405237,48.94,STAYOFF
3407236,48.94,STAYOFF
3409236,48.94,STAYOFF
3411235,48.94,STAYOFF
3413236,48.94,STAYOFF
3415235,48.94,STAYOFF
3417236,48.88,STAYOFF
3419236,48.88,STAYOFF
3421237,48.88,STAYOFF
3423237,48.88,STAYOFF
3425236,48.88,STAYOFF
3427237,48.88,STAYOFF
3429236,48.88,STAYOFF
3431237,48.88,STAYOFF
3433235,48.88,STAYOFF
3435236,48.88,STAYOFF
3437235,48.88,STAYOFF
3439236,48.88,STAYOFF
3441235,48.81,STAYOFF
3443236,48.81,STAYOFF
3445237,48.81,STAYOFF
3447236,48.81,STAYOFF
3449237,48.81,STAYOFF
3451236,48.81,STAYOFF
3453237,48.81,STAYOFF
3455236,48.81,STAYOFF
3457236,48.81,STAYOFF
3459235,48.81,STAYOFF
3461236,48.81,STAYOFF
3463236,48.81,STAYOFF
3465235,48.81,STAYOFF
3467236,48.75,STAYOFF
3469235,48.75,STAYOFF
3471236,48.75,STAYOFF
3473234,48.75,STAYOFF
3475235,48.75,STAYOFF
3477234,48.75,STAYOFF
3479235,48.75,STAYOFF
3481235,48.75,STAYOFF
3483236,48.75,STAYOFF
3485237,48.75,STAYOFF
3487236,48.75,STAYOFF
3489236,48.75,STAYOFF
3491235,48.69,STAYOFF
3493236,48.69,STAYOFF
3495235,48.69,STAYOFF
3497236,48.69,STAYOFF
3499235,48.69,STAYOFF
3501236,48.69,STAYOFF
3503236,48.69,STAYOFF
3505235,48.69,STAYOFF
3507236,48.69,STAYOFF
3509235,48.69,STAYOFF
3511236,48.69,STAYOFF
3513235,48.69,STAYOFF
3515236,48.63,STAYOFF
3517235,48.63,STAYOFF
3519236,48.63,STAYOFF
3521235,48.63,STAYOFF
3523236,48.63,STAYOFF
3525237,48.63,STAYOFF
3527236,48.63,STAYOFF
3529236,48.63,STAYOFF
3531236,48.63,STAYOFF
3533237,48.63,STAYOFF
3535236,48.63,STAYOFF
3537236,48.56,STAYOFF
3539235,48.56,STAYOFF
3541236,48.56,STAYOFF
3543235,48.56,STAYOFF
3545236,48.56,STAYOFF
3547235,48.56,STAYOFF
3549236,48.56,STAYOFF
3551235,48.56,STAYOFF
3553235,48.56,STAYOFF
3555234,48.56,STAYOFF
3557235,48.56,STAYOFF
3559234,48.56,STAYOFF
3561235,48.56,STAYOFF
3563234,48.50,STAYOFF
3565235,48.50,STAYOFF
3567234,48.50,STAYOFF
3569233,48.50,STAYOFF
3571234,48.50,STAYOFF
3573234,48.50,STAYOFF
3575235,48.50,STAYOFF
3577235,48.50,STAYOFF
3579236,48.50,STAYOFF
3581236,48.50,STAYOFF
3583237,48.50,STAYOFF
3585235,48.44,STAYOFF
3587236,48.50,STAYOFF
3589235,48.44,STAYOFF
3591236,48.44,STAYOFF
3593235,48.44,STAYOFF
3595236,48.44,STAYOFF
3597235,48.44,STAYOFF
3599236,48.44,STAYOFF
3601234,48.44,STAYOFF
3603235,48.44,STAYOFF
3605234,48.44,STAYOFF
3607235,48.44,STAYOFF
3609234,48.44,STAYOFF
3611235,48.44,STAYOFF
3613234,48.38,STAYOFF
3615235,48.38,STAYOFF
3617233,48.38,STAYOFF
3619234,48.38,STAYOFF
3621233,48.38,STAYOFF
3623233,48.38,STAYOFF
3625233,48.38,STAYOFF
3627233,48.38,STAYOFF
3629234,48.38,STAYOFF
3631234,48.38,STAYOFF
3633234,48.38,STAYOFF
3635234,48.38,STAYOFF
3637235,48.38,STAYOFF
3639235,48.38,STAYOFF
3641236,48.31,STAYOFF
3643235,48.31,STAYOFF
3645236,48.31,STAYOFF
3647235,48.31,STAYOFF
3649235,48.31,STAYOFF
3651234,48.31,STAYOFF
3653235,48.31,STAYOFF
3655234,48.31,STAYOFF
3657235,48.31,STAYOFF
3659234,48.31,STAYOFF
3661235,48.31,STAYOFF
3663234,48.25,STAYOFF
3665234,48.25,STAYOFF
3667233,48.25,STAYOFF
3669234,48.25,STAYOFF
3671233,48.25,STAYOFF
3673234,48.25,STAYOFF
3675233,48.25,STAYOFF
3677234,48.25,STAYOFF
3679233,48.25,STAYOFF
3681233,48.25,STAYOFF
3683232,48.25,STAYOFF
3685232,48.25,STAYOFF
3687231,48.25,STAYOFF
3689231,48.19,STAYOFF
3691231,48.19,STAYOFF
3693231,48.19,STAYOFF
3695232,48.19,STAYOFF
3697231,48.19,STAYOFF
3699232,48.19,STAYOFF
3701232,48.19,STAYOFF
3703232,48.19,STAYOFF
3705232,48.19,STAYOFF
3707233,48.19,STAYOFF
3709233,48.19,STAYOFF
3711234,48.19,STAYOFF
3713232,48.13,STAYOFF
3715233,48.13,STAYOFF
3717232,48.13,STAYOFF
3719232,48.13,STAYOFF
3721231,48.13,STAYOFF
3723232,48.13,STAYOFF
3725231,48.13,STAYOFF
3727232,48.13,STAYOFF
3729230,48.13,STAYOFF
3731231,48.13,STAYOFF
3733230,48.13,STAYOFF
3735231,48.13,STAYOFF
3737230,48.06,STAYOFF
3739231,48.06,STAYOFF
3741230,48.06,STAYOFF
3743230,48.06,STAYOFF
3745229,48.06,STAYOFF
3747230,48.06,STAYOFF
3749229,48.06,STAYOFF
3751229,48.06,STAYOFF
3753230,48.06,STAYOFF
3755230,48.06,STAYOFF
3757231,48.06,STAYOFF
3759229,48.06,STAYOFF
3761229,48.06,STAYOFF
3763229,48.00,STAYOFF
3765229,48.06,STAYOFF
3767230,48.00,STAYOFF
3769230,48.00,STAYOFF
3771231,48.00,STAYOFF
3773230,48.00,STAYOFF
3775229,48.00,STAYOFF
3777230,48.00,STAYOFF
3779230,48.00,STAYOFF
3781231,48.00,STAYOFF
3783230,48.00,STAYOFF
3785231,48.00,STAYOFF
3787230,47.94,STAYOFF
3789230,48.00,STAYOFF
3791230,48.00,STAYOFF
3793230,47.94,STAYOFF
3795231,47.94,STAYOFF
3797230,47.94,STAYOFF
3799230,47.94,STAYOFF
3801231,47.94,STAYOFF
3803231,47.94,STAYOFF
3805232,47.94,STAYOFF
3807230,47.94,STAYOFF
3809230,47.94,STAYOFF
3811231,47.94,STAYOFF
3813231,47.94,STAYOFF
3815232,47.88,STAYOFF
3817231,47.94,STAYOFF
3819231,47.88,STAYOFF
3821231,47.88,STAYOFF
3823230,47.88,STAYOFF
3825231,47.88,STAYOFF
3827231,47.88,STAYOFF
3829232,47.88,STAYOFF
3831230,47.88,STAYOFF
3833230,47.88,STAYOFF
3835231,47.88,STAYOFF
3837231,47.88,STAYOFF
3839232,47.88,STAYOFF
3841230,47.88,STAYOFF
3843230,47.81,STAYOFF
3845231,47.81,STAYOFF
3847231,47.88,STAYOFF
3849232,47.81,STAYOFF
3851231,47.81,STAYOFF
3853231,47.81,STAYOFF
3855230,47.81,STAYOFF
3857230,47.81,STAYOFF
3859231,47.81,STAYOFF
3861231,47.81,STAYOFF
3863232,47.81,STAYOFF
3865231,47.81,STAYOFF
3867231,47.81,STAYOFF
3869232,47.75,STAYOFF
3871232,47.81,STAYOFF
3873232,47.75,STAYOFF
3875231,47.75,STAYOFF
3877231,47.75,STAYOFF
3879232,47.75,STAYOFF
3881232,47.75,STAYOFF
3883233,47.75,STAYOFF
3885232,47.75,STAYOFF
3887233,47.75,STAYOFF
3889231,47.75,STAYOFF
3891231,47.75,STAYOFF
3893232,47.75,STAYOFF
3895231,47.75,STAYOFF
3897232,47.69,STAYOFF
3899231,47.69,STAYOFF
3901231,47.69,STAYOFF
3903232,47.69,STAYOFF
3905231,47.69,STAYOFF
3907232,47.69,STAYOFF
3909231,47.69,STAYOFF
3911231,47.69,STAYOFF
3913231,47.69,STAYOFF
3915231,47.69,STAYOFF
3917232,47.69,STAYOFF
3919232,47.63,STAYOFF
3921232,47.63,STAYOFF
3923231,47.63,STAYOFF
3925231,47.63,STAYOFF
3927232,47.63,STAYOFF
3929232,47.63,STAYOFF
3931233,47.63,STAYOFF
3933232,47.63,STAYOFF
3935232,47.63,STAYOFF
3937232,47.63,STAYOFF
3939232,47.63,STAYOFF
3941233,47.63,STAYOFF
3943231,47.63,STAYOFF
3945232,47.63,STAYOFF
3947231,47.63,STAYOFF
3949231,47.56,STAYOFF
3951232,47.56,STAYOFF
3953231,47.56,STAYOFF
3955232,47.56,STAYOFF
3957231,47.56,STAYOFF
3959231,47.56,STAYOFF
3961232,47.56,STAYOFF
3963232,47.56,STAYOFF
3965233,47.56,STAYOFF
3967232,47.56,STAYOFF
3969231,47.56,STAYOFF
3971232,47.56,STAYOFF
3973232,47.56,STAYOFF
3975231,47.56,STAYOFF
3977232,47.50,STAYOFF
3979232,47.50,STAYOFF
3981232,47.50,STAYOFF
3983233,47.50,STAYOFF
3985232,47.50,STAYOFF
3987233,47.50,STAYOFF
3989232,47.50,STAYOFF
3991231,47.50,STAYOFF
3993232,47.50,STAYOFF
3995231,47.50,STAYOFF
3997231,47.50,STAYOFF
3999232,47.50,STAYOFF
4001231,47.44,STAYOFF
4003231,47.44,STAYOFF
4005232,47.44,STAYOFF
4007231,47.44,STAYOFF
4009231,47.44,STAYOFF
4011232,47.44,STAYOFF
4013232,47.44,STAYOFF
4015232,47.44,STAYOFF
4017232,47.44,STAYOFF
4019232,47.44,STAYOFF
4021232,47.44,STAYOFF
4023232,47.44,STAYOFF
4025232,47.44,STAYOFF
4027232,47.44,STAYOFF
4029233,47.38,STAYOFF
4031233,47.38,STAYOFF
4033232,47.38,STAYOFF
4035232,47.38,STAYOFF
4037232,47.38,STAYOFF
4039232,47.38,STAYOFF
4041231,47.38,STAYOFF
4043231,47.38,STAYOFF
4045232,47.38,STAYOFF
4047230,47.38,STAYOFF
4049230,47.38,STAYOFF
4051231,47.38,STAYOFF
4053231,47.38,STAYOFF
4055231,47.38,STAYOFF
4057232,47.31,STAYOFF
4059232,47.31,STAYOFF
4061232,47.31,STAYOFF
4063233,47.31,STAYOFF
4065232,47.31,STAYOFF
4067232,47.31,STAYOFF
4069233,47.31,STAYOFF
4071233,47.31,STAYOFF
4073233,47.31,STAYOFF
4075234,47.31,STAYOFF
4077234,47.31,STAYOFF
4079234,47.31,STAYOFF
4081234,47.25,STAYOFF
4083234,47.31,STAYOFF
4085234,47.25,STAYOFF
4087235,47.25,STAYOFF
4089235,47.25,STAYOFF
4091235,47.25,STAYOFF
4093235,47.25,STAYOFF
4095235,47.25,STAYOFF
4097235,47.25,STAYOFF
4099234,47.25,STAYOFF
4101234,47.25,STAYOFF
4103235,47.25,STAYOFF
4105234,47.25,STAYOFF
4107234,47.19,STAYOFF
4109235,47.19,STAYOFF
4111234,47.19,STAYOFF
4113233,47.19,STAYOFF
4115234,47.19,STAYOFF
4117234,47.19,STAYOFF
4119234,47.19,STAYOFF
4121235,47.19,STAYOFF
4123235,47.19,STAYOFF
4125235,47.19,STAYOFF
4127236,47.19,STAYOFF
4129235,47.19,STAYOFF
4131235,47.19,STAYOFF
4133236,47.19,STAYOFF
4135236,47.19,STAYOFF
4137236,47.19,STAYOFF
4139237,47.13,STAYOFF
4141237,47.13,STAYOFF
4143237,47.13,STAYOFF
4145238,47.13,STAYOFF
4147237,47.13,STAYOFF
4149237,47.13,STAYOFF
4151238,47.13,STAYOFF
4153237,47.13,STAYOFF
4155237,47.13,STAYOFF
4157237,47.13,STAYOFF
4159237,47.13,STAYOFF
4161238,47.13,STAYOFF
4163236,47.13,STAYOFF
4165236,47.13,STAYOFF
4167237,47.06,STAYOFF
4169235,47.06,STAYOFF
4171235,47.06,STAYOFF
4173236,47.06,STAYOFF
4175235,47.06,STAYOFF
4177234,47.06,STAYOFF
4179235,47.06,STAYOFF
4181235,47.06,STAYOFF
4183235,47.06,STAYOFF
4185236,47.06,STAYOFF
4187236,47.06,STAYOFF
4189236,47.06,STAYOFF
4191237,47.06,STAYOFF
4193235,47.06,STAYOFF
4195235,47.00,STAYOFF
4197236,47.00,STAYOFF
4199235,47.00,STAYOFF
4201235,47.00,STAYOFF
4203235,47.00,STAYOFF
4205236,47.00,STAYOFF
4207236,47.00,STAYOFF
4209235,47.00,STAYOFF
4211236,47.00,STAYOFF
4213236,47.00,STAYOFF
4215236,47.00,STAYOFF
4217237,47.00,STAYOFF
4219236,46.94,SWITCHON
4221236,46.94,STAYON
4223236,46.94,STAYON
4225236,46.94,STAYON
4227236,46.94,STAYON
4229236,46.94,STAYON
4231237,46.94,STAYON
4233235,46.94,STAYON
4235235,47.00,STAYON
4237236,47.00,STAYON
4239235,47.06,STAYON
4241234,47.06,STAYON
4243235,47.13,STAYON
4245234,47.19,STAYON
4247234,47.25,STAYON
4249235,47.31,STAYON
4251234,47.44,STAYON
4253234,47.50,STAYON
4255235,47.63,SWITCHOFF
4257233,47.69,STAYOFF
4259234,47.81,STAYOFF
4261233,47.88,STAYOFF
4263233,48.00,STAYOFF
4265234,48.06,STAYOFF
4267234,48.19,STAYOFF
4269235,48.25,STAYOFF
4271234,48.31,STAYOFF
4273234,48.38,STAYOFF
4275233,48.44,STAYOFF
4277234,48.50,STAYOFF
4279233,48.50,STAYOFF
4281234,48.63,STAYOFF
4283233,48.69,STAYOFF
4285234,48.75,STAYOFF
4287233,48.81,STAYOFF
4289233,48.88,STAYOFF
4291232,48.94,STAYOFF
4293233,49.00,STAYOFF
4295231,49.06,STAYOFF
4297232,49.13,STAYOFF
4299232,49.19,STAYOFF
4301232,49.19,STAYOFF
4303233,49.25,STAYOFF
4305231,49.25,STAYOFF
4307232,49.25,STAYOFF
4309231,49.31,STAYOFF
4311232,49.31,STAYOFF
4313231,49.38,STAYOFF
4315232,49.38,STAYOFF
4317233,49.44,STAYOFF
4319232,49.44,STAYOFF
4321232,49.50,STAYOFF
4323232,49.50,STAYOFF
4325231,49.50,STAYOFF
4327232,49.56,STAYOFF
4329231,49.56,STAYOFF
4331232,49.63,STAYOFF
4333233,49.63,STAYOFF
4335232,49.69,STAYOFF
4337232,49.69,STAYOFF
4339231,49.75,STAYOFF
4341232,49.75,STAYOFF
4343232,49.81,STAYOFF
4345231,49.81,STAYOFF
4347232,49.81,STAYOFF
4349233,49.81,STAYOFF
4351232,49.81,STAYOFF
4353232,49.81,STAYOFF
4355231,49.88,STAYOFF
4357232,49.88,STAYOFF
4359232,49.88,STAYOFF
4361231,49.94,STAYOFF
4363231,49.94,STAYOFF
4365232,49.94,STAYOFF
4367232,50.00,STAYOFF
4369230,50.00,STAYOFF
4371231,50.00,STAYOFF
4373231,50.00,STAYOFF
4375230,50.00,STAYOFF
4377231,50.00,STAYOFF
4379231,50.00,STAYOFF
4381230,50.00,STAYOFF
4383230,50.00,STAYOFF
4385231,50.00,STAYOFF
4387230,50.06,STAYOFF
4389231,50.06,STAYOFF
4391232,50.06,STAYOFF
4393231,50.06,STAYOFF
4395232,50.13,STAYOFF
4397233,50.13,STAYOFF
4399232,50.13,STAYOFF
4401232,50.19,STAYOFF
4403233,50.19,STAYOFF
4405232,50.19,STAYOFF
4407231,50.19,STAYOFF
4409232,50.19,STAYOFF
4411232,50.25,STAYOFF
4413231,50.25,STAYOFF
4415232,50.25,STAYOFF
4417231,50.25,STAYOFF
4419230,50.25,STAYOFF
4421231,50.25,STAYOFF
4423232,50.31,STAYOFF
4425231,50.31,STAYOFF
4427232,50.31,STAYOFF
4429233,50.31,STAYOFF
4431232,50.31,STAYOFF
4433232,50.31,STAYOFF
4435233,50.31,STAYOFF
4437232,50.31,STAYOFF
4439231,50.31,STAYOFF
4441232,50.31,STAYOFF
4443232,50.31,STAYOFF
4445231,50.31,STAYOFF
4447232,50.38,STAYOFF
4449231,50.38,STAYOFF
4451230,50.38,STAYOFF
4453231,50.38,STAYOFF
4455232,50.38,STAYOFF
4457232,50.38,STAYOFF
4459231,50.38,STAYOFF
4461232,50.38,STAYOFF
4463232,50.38,STAYOFF
4465230,50.38,STAYOFF
4467231,50.38,STAYOFF
4469232,50.38,STAYOFF
4471231,50.38,STAYOFF
4473230,50.38,STAYOFF
4475231,50.31,STAYOFF
4477231,50.31,STAYOFF
4479229,50.31,STAYOFF
4481230,50.31,STAYOFF
4483231,50.31,STAYOFF
4485230,50.31,STAYOFF
4487231,50.31,STAYOFF
4489232,50.31,STAYOFF
4491231,50.31,STAYOFF
4493232,50.31,STAYOFF
4495233,50.31,STAYOFF
4497231,50.31,STAYOFF
4499232,50.31,STAYOFF
4501233,50.31,STAYOFF
4503232,50.31,STAYOFF
4505231,50.31,STAYOFF
4507232,50.31,STAYOFF
4509232,50.31,STAYOFF
4511230,50.31,STAYOFF
4513231,50.31,STAYOFF
4515232,50.31,STAYOFF
4517231,50.31,STAYOFF
4519232,50.31,STAYOFF
4521233,50.31,STAYOFF
4523232,50.31,STAYOFF
4525233,50.31,STAYOFF
4527234,50.31,STAYOFF
4529233,50.31,STAYOFF
4531232,50.31,STAYOFF
4533233,50.31,STAYOFF
4535234,50.31,STAYOFF
4537233,50.31,STAYOFF
4539234,50.31,STAYOFF
4541235,50.31,STAYOFF
4543235,50.31,STAYOFF
4545233,50.31,STAYOFF
4547234,50.31,STAYOFF
4549234,50.31,STAYOFF
4551233,50.31,STAYOFF
4553234,50.31,STAYOFF
4555235,50.31,STAYOFF
4557235,50.31,STAYOFF
4559234,50.31,STAYOFF
4561234,50.31,STAYOFF
4563234,50.31,STAYOFF
4565233,50.31,STAYOFF
4567234,50.31,STAYOFF
4569235,50.31,STAYOFF
4571234,50.31,STAYOFF
4573235,50.31,STAYOFF
4575236,50.31,STAYOFF
4577234,50.31,STAYOFF
4579235,50.31,STAYOFF
4581236,50.31,STAYOFF
4583235,50.31,STAYOFF
4585236,50.31,STAYOFF
4587237,50.25,STAYOFF
4589236,50.25,STAYOFF
4591236,50.25,STAYOFF
4593236,50.25,STAYOFF
4595236,50.25,STAYOFF
4597235,50.25,STAYOFF
4599236,50.25,STAYOFF
4601236,50.25,STAYOFF
4603235,50.25,STAYOFF
4605236,50.25,STAYOFF
4607237,50.25,STAYOFF
4609235,50.25,STAYOFF

Terminating...
Thanks for using picocom
