picocom v3.1

port is        : /dev/ttyACM3
flowcontrol    : none
baudrate is    : 9600
parity is      : none
databits are   : 8
stopbits are   : 1
escape is      : C-a
local echo is  : no
noinit is      : no
noreset is     : no
hangup is      : no
nolock is      : no
send_cmd is    : sz -vv
receive_cmd is : rz -vv -E
imap is        : 
omap is        : 
emap is        : crcrlf,delbs,
logfile is     : none
initstring     : none
exit_after is  : not set
exit is        : no

Type [C-a] [C-h] to see available commands
Terminal ready
39237,17.00,STAYON
644,17.00,SWITCHON
3237,17.00,STAYON
5237,17.00,STAYON
7237,17.00,STAYON
9237,17.00,STAYON
11237,17.00,STAYON
13237,17.06,STAYON
15237,17.12,STAYON
17236,17.19,STAYON
19236,17.37,STAYON
21236,17.50,STAYON
23236,17.69,STAYON
25237,17.94,STAYON
27237,18.19,STAYON
29237,18.50,STAYON
31237,18.87,STAYON
33236,19.31,STAYON
35236,19.81,STAYON
37237,20.31,STAYON
39236,20.81,STAYON
41237,21.37,STAYON
43238,21.81,STAYON
45237,22.25,STAYON
47238,22.62,STAYON
49236,23.00,STAYON
51237,23.44,STAYON
53237,23.87,STAYON
55237,24.31,STAYON
57238,24.69,STAYON
59238,25.06,STAYON
61237,25.50,STAYON
63238,25.81,STAYON
65238,26.06,STAYON
67237,26.31,STAYON
69237,26.56,STAYON
71237,26.81,STAYON
73237,27.06,STAYON
75237,27.44,STAYON
77237,27.75,STAYON
79237,28.19,STAYON
81236,28.56,STAYON
83236,28.87,STAYON
85236,29.25,STAYON
87236,29.50,STAYON
89237,29.75,STAYON
91236,29.94,STAYON
93236,30.19,STAYON
95237,30.37,STAYON
97236,30.62,STAYON
99236,30.94,STAYON
101237,31.12,STAYON
103236,31.37,STAYON
105237,31.62,STAYON
107236,31.94,STAYON
109237,32.19,STAYON
111236,32.38,STAYON
113236,32.56,STAYON
115235,32.75,STAYON
117236,33.00,STAYON
119236,33.25,STAYON
121235,33.56,STAYON
123236,33.81,STAYON
125236,34.13,STAYON
127236,34.44,STAYON
129234,34.69,STAYON
131235,35.00,STAYON
133236,35.31,STAYON
135236,35.63,STAYON
137236,35.88,STAYON
139236,36.06,STAYON
141236,36.38,STAYON
143236,36.63,STAYON
145235,36.81,STAYON
147235,37.00,STAYON
149235,37.25,STAYON
151235,37.50,STAYON
153236,37.94,STAYON
155236,38.19,STAYON
157236,38.50,STAYON
159236,38.75,STAYON
161236,38.94,STAYON
163235,39.25,STAYON
165235,39.50,STAYON
167236,39.88,STAYON
169235,40.13,STAYON
171236,40.44,STAYON
173235,40.69,STAYON
175236,40.88,STAYON
177234,41.13,STAYON
179235,41.25,STAYON
181234,41.44,STAYON
183235,41.69,STAYON
185234,41.88,STAYON
187235,42.13,STAYON
189236,42.44,STAYON
191235,42.56,STAYON
193235,42.81,STAYON
195236,43.00,STAYON
197236,43.25,STAYON
199235,43.50,STAYON
201236,43.75,STAYON
203237,43.94,STAYON
205237,44.25,STAYON
207237,44.50,STAYON
209236,44.81,STAYON
211236,45.13,STAYON
213236,45.44,STAYON
215236,45.69,STAYON
217236,45.88,STAYON
219236,46.00,STAYON
221236,46.19,STAYON
223236,46.38,STAYON
225235,46.63,STAYON
227236,46.88,STAYON
229236,47.19,STAYON
231236,47.50,STAYON
233236,47.81,STAYON
235237,48.06,STAYON
237236,48.38,STAYON
239236,48.69,STAYON
241236,49.06,STAYON
243235,49.25,STAYON
245236,49.44,STAYON
247235,49.69,STAYON
249236,49.88,STAYON
251235,50.19,SWITCHOFF
253236,50.50,STAYOFF
255235,50.88,STAYOFF
257235,51.06,STAYOFF
259236,51.44,STAYOFF
261236,51.88,STAYOFF
263235,52.13,STAYOFF
265236,52.25,STAYOFF
267237,52.38,STAYOFF
269237,52.50,STAYOFF
271237,52.56,STAYOFF
273236,52.50,STAYOFF
275236,52.44,STAYOFF
277237,52.25,STAYOFF
279237,52.13,STAYOFF
281236,52.06,STAYOFF
283235,52.00,STAYOFF
285236,52.06,STAYOFF
287237,52.13,STAYOFF
289236,52.00,STAYOFF
291235,51.94,STAYOFF
293236,51.81,STAYOFF
295237,51.63,STAYOFF
297235,51.50,STAYOFF
299236,51.44,STAYOFF
301237,51.50,STAYOFF
303236,51.44,STAYOFF
305236,51.44,STAYOFF
307237,51.38,STAYOFF
309237,51.38,STAYOFF
311236,51.38,STAYOFF
313237,51.31,STAYOFF
315237,51.25,STAYOFF
317236,51.13,STAYOFF
319237,51.06,STAYOFF
321235,51.00,STAYOFF
323236,51.00,STAYOFF
325237,50.94,STAYOFF
327236,50.88,STAYOFF
329237,50.81,STAYOFF
331236,50.81,STAYOFF
333237,50.75,STAYOFF
335238,50.69,STAYOFF
337236,50.75,STAYOFF
339237,50.69,STAYOFF
341237,50.56,STAYOFF
343237,50.50,STAYOFF
345237,50.44,STAYOFF
347236,50.44,STAYOFF
349237,50.44,STAYOFF
351236,50.50,STAYOFF
353236,50.56,STAYOFF
355235,50.56,STAYOFF
357236,50.56,STAYOFF
359236,50.56,STAYOFF
361237,50.56,STAYOFF
363238,50.50,STAYOFF
365237,50.50,STAYOFF
367238,50.44,STAYOFF
369236,50.44,STAYOFF
371237,50.38,STAYOFF
373236,50.38,STAYOFF
375237,50.38,STAYOFF
377235,50.31,STAYOFF
379236,50.31,STAYOFF
381237,50.25,STAYOFF
383236,50.19,STAYOFF
385236,50.19,STAYOFF
387235,50.13,STAYOFF
389236,50.13,STAYOFF
391235,50.00,STAYOFF
393236,50.00,STAYOFF
395235,49.94,STAYOFF
397236,49.88,STAYOFF
399235,49.88,STAYOFF
401235,49.88,STAYOFF
403234,49.88,STAYOFF
405235,49.88,STAYOFF
407234,49.81,STAYOFF
409235,49.81,STAYOFF
411234,49.81,STAYOFF
413235,49.75,STAYOFF
415234,49.69,STAYOFF
417234,49.63,STAYOFF
419234,49.63,STAYOFF
421234,49.63,STAYOFF
423235,49.63,STAYOFF
425235,49.69,STAYOFF
427236,49.69,STAYOFF
429236,49.69,STAYOFF
431237,49.69,STAYOFF
433235,49.63,STAYOFF
435236,49.63,STAYOFF
437235,49.63,STAYOFF
439236,49.63,STAYOFF
441235,49.63,STAYOFF
443236,49.63,STAYOFF
445235,49.56,STAYOFF
447236,49.56,STAYOFF
449234,49.56,STAYOFF
451235,49.50,STAYOFF
453235,49.50,STAYOFF
455235,49.44,STAYOFF
457236,49.44,STAYOFF
459236,49.38,STAYOFF
461237,49.38,STAYOFF
463236,49.31,STAYOFF
465235,49.31,STAYOFF
467236,49.31,STAYOFF
469236,49.31,STAYOFF
471237,49.25,STAYOFF
473235,49.25,STAYOFF
475236,49.19,STAYOFF
477235,49.19,STAYOFF
479235,49.13,STAYOFF
481235,49.13,STAYOFF
483235,49.13,STAYOFF
485236,49.13,STAYOFF
487235,49.13,STAYOFF
489235,49.13,STAYOFF
491236,49.13,STAYOFF
493236,49.06,STAYOFF
495237,49.06,STAYOFF
497235,49.06,STAYOFF
499235,49.06,STAYOFF
501236,49.06,STAYOFF
503236,49.06,STAYOFF
505237,49.06,STAYOFF
507236,49.06,STAYOFF
509236,49.00,STAYOFF
511237,49.00,STAYOFF
513236,48.94,STAYOFF
515237,48.94,STAYOFF
517237,48.88,STAYOFF
519237,48.81,STAYOFF
521237,48.81,STAYOFF
523236,48.75,STAYOFF
525236,48.75,STAYOFF
527237,48.75,STAYOFF
529235,48.69,STAYOFF
531235,48.69,STAYOFF
533236,48.63,STAYOFF
535235,48.63,STAYOFF
537235,48.63,STAYOFF
539236,48.63,STAYOFF
541236,48.63,STAYOFF
543236,48.63,STAYOFF
545236,48.63,STAYOFF
547236,48.56,STAYOFF
549236,48.63,STAYOFF
551237,48.56,STAYOFF
553236,48.56,STAYOFF
555237,48.56,STAYOFF
557237,48.56,STAYOFF
559237,48.50,STAYOFF
561238,48.50,STAYOFF
563237,48.50,STAYOFF
565237,48.50,STAYOFF
567238,48.50,STAYOFF
569236,48.50,STAYOFF
571236,48.44,STAYOFF
573237,48.44,STAYOFF
575236,48.44,STAYOFF
577235,48.44,STAYOFF
579236,48.44,STAYOFF
581235,48.44,STAYOFF
583235,48.44,STAYOFF
585236,48.44,STAYOFF
587236,48.44,STAYOFF
589236,48.44,STAYOFF
591237,48.44,STAYOFF
593236,48.44,STAYOFF
595236,48.44,STAYOFF
597237,48.44,STAYOFF
599237,48.38,STAYOFF
601236,48.38,STAYOFF
603237,48.38,STAYOFF
605237,48.38,STAYOFF
607237,48.31,STAYOFF
609238,48.31,STAYOFF
611236,48.25,STAYOFF
613236,48.25,STAYOFF
615236,48.25,STAYOFF
617237,48.25,STAYOFF
619237,48.25,STAYOFF
621237,48.19,STAYOFF
623238,48.19,STAYOFF
625236,48.19,STAYOFF
627236,48.19,STAYOFF
629236,48.19,STAYOFF
631237,48.19,STAYOFF
633236,48.19,STAYOFF
635236,48.19,STAYOFF
637237,48.13,STAYOFF
639236,48.13,STAYOFF
641235,48.13,STAYOFF
643235,48.13,STAYOFF
645236,48.13,STAYOFF
647236,48.06,STAYOFF
649236,48.06,STAYOFF
651237,48.06,STAYOFF
653237,48.06,STAYOFF
655237,48.00,STAYOFF
657236,48.00,STAYOFF
659237,48.00,STAYOFF
661236,48.00,STAYOFF
663236,48.00,STAYOFF
665236,48.00,STAYOFF
667237,48.00,STAYOFF
669237,48.00,STAYOFF
671237,47.94,STAYOFF
673238,47.94,STAYOFF
675236,47.94,STAYOFF
677236,47.94,STAYOFF
679236,47.94,STAYOFF
681237,47.94,STAYOFF
683237,47.94,STAYOFF
685237,47.88,STAYOFF
687237,47.88,STAYOFF
689238,47.88,STAYOFF
691237,47.88,STAYOFF
693237,47.88,STAYOFF
695238,47.88,STAYOFF
697236,47.88,STAYOFF
699236,47.88,STAYOFF
701236,47.81,STAYOFF
703237,47.81,STAYOFF
705236,47.81,STAYOFF
707236,47.81,STAYOFF
709237,47.81,STAYOFF
711237,47.81,STAYOFF
713236,47.75,STAYOFF
715236,47.75,STAYOFF
717236,47.75,STAYOFF
719237,47.75,STAYOFF
721236,47.75,STAYOFF
723236,47.75,STAYOFF
725236,47.75,STAYOFF
727237,47.75,STAYOFF
729235,47.75,STAYOFF
731235,47.75,STAYOFF
733235,47.69,STAYOFF
735235,47.69,STAYOFF
737235,47.69,STAYOFF
739235,47.69,STAYOFF
741235,47.69,STAYOFF
743235,47.69,STAYOFF
745236,47.69,STAYOFF
747236,47.63,STAYOFF
749236,47.63,STAYOFF
751236,47.63,STAYOFF
753235,47.63,STAYOFF
755236,47.63,STAYOFF
757235,47.63,STAYOFF
759235,47.63,STAYOFF
761235,47.63,STAYOFF
763235,47.56,STAYOFF
765236,47.56,STAYOFF
767236,47.56,STAYOFF
769235,47.56,STAYOFF
771235,47.56,STAYOFF
773235,47.56,STAYOFF
775236,47.56,STAYOFF
777236,47.50,STAYOFF
779236,47.50,STAYOFF
781236,47.50,STAYOFF
783237,47.50,STAYOFF
785235,47.50,STAYOFF
787235,47.50,STAYOFF
789235,47.44,STAYOFF
791235,47.44,STAYOFF
793236,47.44,STAYOFF
795236,47.44,STAYOFF
797236,47.44,STAYOFF
799236,47.44,STAYOFF
801235,47.44,STAYOFF
803236,47.44,STAYOFF
805236,47.44,STAYOFF
807236,47.38,STAYOFF
809236,47.38,STAYOFF
811237,47.38,STAYOFF
813237,47.38,STAYOFF
815237,47.38,STAYOFF
817236,47.38,STAYOFF
819236,47.38,STAYOFF
821237,47.38,STAYOFF
823236,47.31,STAYOFF
825236,47.31,STAYOFF
827236,47.31,STAYOFF
829236,47.31,STAYOFF
831237,47.31,STAYOFF
833235,47.31,STAYOFF
835235,47.31,STAYOFF
837235,47.31,STAYOFF
839235,47.31,STAYOFF
841236,47.25,STAYOFF
843236,47.25,STAYOFF
845236,47.25,STAYOFF
847236,47.25,STAYOFF
849235,47.25,STAYOFF
851235,47.25,STAYOFF
853236,47.25,STAYOFF
855236,47.25,STAYOFF
857236,47.25,STAYOFF
859236,47.19,STAYOFF
861236,47.19,STAYOFF
863236,47.19,STAYOFF
865236,47.19,STAYOFF
867236,47.19,STAYOFF
869236,47.19,STAYOFF
871236,47.19,STAYOFF
873236,47.19,STAYOFF
875236,47.19,STAYOFF
877236,47.13,STAYOFF
879237,47.13,STAYOFF
881236,47.13,STAYOFF
883236,47.13,STAYOFF
885236,47.13,STAYOFF
887236,47.13,STAYOFF
889236,47.13,STAYOFF
891236,47.13,STAYOFF
893237,47.13,STAYOFF
895237,47.13,STAYOFF
897236,47.06,STAYOFF
899236,47.06,STAYOFF
901236,47.06,STAYOFF
903236,47.06,STAYOFF
905236,47.06,STAYOFF
907237,47.06,STAYOFF
909237,47.06,STAYOFF
911237,47.06,STAYOFF
913236,47.00,STAYOFF
915236,47.00,STAYOFF
917236,47.00,STAYOFF
919236,47.00,STAYOFF
921237,47.00,STAYOFF
923237,47.00,STAYOFF
925237,47.00,STAYOFF
927237,47.00,STAYOFF
929236,47.00,STAYOFF
931236,46.94,STAYOFF
933236,47.00,STAYOFF
935237,46.94,STAYOFF
937238,46.94,STAYOFF
939238,46.94,STAYOFF
941238,46.94,STAYOFF
943238,46.94,STAYOFF
945238,46.94,STAYOFF
947237,46.94,STAYOFF
949237,46.94,STAYOFF
951238,46.94,STAYOFF
953237,46.94,STAYOFF
955237,46.94,STAYOFF
957237,46.88,STAYOFF
959237,46.88,STAYOFF
961236,46.88,STAYOFF
963237,46.88,STAYOFF
965238,46.88,STAYOFF
967238,46.88,STAYOFF
969237,46.88,STAYOFF
971237,46.88,STAYOFF
973237,46.88,STAYOFF
975237,46.88,STAYOFF
977238,46.81,STAYOFF
979238,46.81,STAYOFF
981238,46.81,STAYOFF
983238,46.81,STAYOFF
985237,46.81,STAYOFF
987237,46.81,STAYOFF
989237,46.81,STAYOFF
991238,46.81,STAYOFF
993239,46.75,STAYOFF
995238,46.75,STAYOFF
997238,46.75,STAYOFF
999238,46.75,STAYOFF
1001237,46.75,STAYOFF
1003237,46.75,STAYOFF
1005238,46.75,STAYOFF
1007238,46.75,STAYOFF
1009238,46.75,STAYOFF
1011237,46.75,STAYOFF
1013237,46.75,STAYOFF
1015237,46.69,STAYOFF
1017237,46.69,STAYOFF
1019237,46.69,STAYOFF
1021237,46.69,STAYOFF
1023237,46.69,STAYOFF
1025236,46.69,STAYOFF
1027236,46.69,STAYOFF
1029236,46.69,STAYOFF
1031238,46.69,STAYOFF
1033237,46.69,STAYOFF
1035237,46.63,STAYOFF
1037237,46.63,STAYOFF
1039237,46.63,STAYOFF
1041236,46.63,STAYOFF
1043236,46.63,STAYOFF
1045238,46.63,STAYOFF
1047238,46.63,STAYOFF
1049237,46.63,STAYOFF
1051237,46.63,STAYOFF
1053237,46.63,STAYOFF
1055237,46.56,STAYOFF
1057236,46.56,STAYOFF
1059236,46.56,STAYOFF
1061237,46.56,STAYOFF
1063237,46.56,STAYOFF
1065236,46.56,STAYOFF
1067236,46.56,STAYOFF
1069236,46.56,STAYOFF
1071236,46.56,STAYOFF
1073235,46.56,STAYOFF
1075236,46.56,STAYOFF
1077236,46.50,STAYOFF
1079236,46.50,STAYOFF
1081236,46.50,STAYOFF
1083236,46.50,STAYOFF
1085236,46.50,STAYOFF
1087236,46.50,STAYOFF
1089235,46.50,STAYOFF
1091237,46.50,STAYOFF
1093237,46.50,STAYOFF
1095237,46.44,STAYOFF
1097236,46.50,STAYOFF
1099236,46.44,STAYOFF
1101236,46.44,STAYOFF
1103236,46.44,STAYOFF
1105235,46.44,STAYOFF
1107236,46.44,STAYOFF
1109236,46.44,STAYOFF
1111236,46.44,STAYOFF
1113236,46.44,STAYOFF
1115236,46.38,STAYOFF
1117236,46.38,STAYOFF
1119236,46.38,STAYOFF
1121236,46.38,STAYOFF
1123236,46.38,STAYOFF
1125236,46.38,STAYOFF
1127236,46.38,STAYOFF
1129236,46.38,STAYOFF
1131236,46.38,STAYOFF
1133236,46.38,STAYOFF
1135236,46.38,STAYOFF
1137236,46.31,STAYOFF
1139236,46.31,STAYOFF
1141236,46.31,STAYOFF
1143236,46.31,STAYOFF
1145236,46.31,STAYOFF
1147236,46.31,STAYOFF
1149236,46.31,STAYOFF
1151236,46.31,STAYOFF
1153236,46.31,STAYOFF
1155236,46.31,STAYOFF
1157236,46.31,STAYOFF
1159236,46.25,STAYOFF
1161236,46.25,STAYOFF
1163236,46.25,STAYOFF
1165236,46.25,STAYOFF
1167237,46.25,STAYOFF
1169236,46.25,STAYOFF
1171236,46.25,STAYOFF
1173236,46.25,STAYOFF
1175236,46.25,STAYOFF
1177236,46.19,STAYOFF
1179236,46.19,STAYOFF
1181236,46.19,STAYOFF
1183236,46.19,STAYOFF
1185238,46.19,STAYOFF
1187237,46.19,STAYOFF
1189237,46.19,STAYOFF
1191237,46.19,STAYOFF
1193236,46.19,STAYOFF
1195236,46.19,STAYOFF
1197236,46.19,STAYOFF
1199236,46.19,STAYOFF
1201235,46.19,STAYOFF
1203235,46.13,STAYOFF
1205235,46.13,STAYOFF
1207235,46.13,STAYOFF
1209235,46.13,STAYOFF
1211236,46.13,STAYOFF
1213237,46.13,STAYOFF
1215238,46.13,STAYOFF
1217239,46.13,STAYOFF
1219238,46.13,STAYOFF
1221238,46.13,STAYOFF
1223238,46.13,STAYOFF
1225237,46.06,STAYOFF
1227237,46.06,STAYOFF
1229237,46.06,STAYOFF
1231237,46.06,STAYOFF
1233236,46.06,STAYOFF
1235236,46.06,STAYOFF
1237236,46.06,STAYOFF
1239236,46.06,STAYOFF
1241236,46.06,STAYOFF
1243236,46.06,STAYOFF
1245237,46.00,STAYOFF
1247238,46.00,STAYOFF
1249239,46.00,STAYOFF
1251239,46.00,STAYOFF
1253239,46.00,STAYOFF
1255239,46.00,STAYOFF
1257239,46.00,STAYOFF
1259239,46.00,STAYOFF
1261239,46.00,STAYOFF
1263239,46.00,STAYOFF
1265239,46.00,STAYOFF
1267238,45.94,STAYOFF
1269238,45.94,STAYOFF
1271238,45.94,STAYOFF
1273237,45.94,STAYOFF
1275237,45.94,STAYOFF
1277237,45.94,STAYOFF
1279237,45.94,STAYOFF
1281238,45.94,STAYOFF
1283238,45.94,STAYOFF
1285240,45.94,STAYOFF
1287240,45.94,STAYOFF
1289240,45.94,STAYOFF
1291240,45.88,STAYOFF
1293240,45.88,STAYOFF
1295240,45.88,STAYOFF
1297240,45.88,STAYOFF
1299239,45.88,STAYOFF
1301239,45.88,STAYOFF
1303239,45.88,STAYOFF
1305239,45.88,STAYOFF
1307239,45.88,STAYOFF
1309239,45.88,STAYOFF
1311239,45.88,STAYOFF
1313239,45.88,STAYOFF
1315239,45.81,STAYOFF
1317240,45.81,STAYOFF
1319241,45.81,STAYOFF
1321242,45.81,STAYOFF
1323242,45.81,STAYOFF
1325242,45.81,STAYOFF
1327242,45.81,STAYOFF
1329242,45.81,STAYOFF
1331241,45.81,STAYOFF
1333241,45.81,STAYOFF
1335241,45.81,STAYOFF
1337241,45.75,STAYOFF
1339241,45.75,STAYOFF
1341241,45.75,STAYOFF
1343241,45.75,STAYOFF
1345241,45.75,STAYOFF
1347240,45.75,STAYOFF
1349241,45.75,STAYOFF
1351242,45.75,STAYOFF
1353244,45.75,STAYOFF
1355244,45.75,STAYOFF
1357244,45.69,STAYOFF
1359244,45.75,STAYOFF
1361244,45.69,STAYOFF
1363244,45.69,STAYOFF
1365243,45.69,STAYOFF
1367243,45.69,STAYOFF
1369243,45.69,STAYOFF
1371242,45.69,STAYOFF
1373242,45.69,STAYOFF
1375242,45.69,STAYOFF
1377242,45.69,STAYOFF
1379241,45.69,STAYOFF
1381241,45.63,STAYOFF
1383241,45.63,STAYOFF
1385241,45.63,STAYOFF
1387241,45.63,STAYOFF
1389241,45.63,STAYOFF
1391241,45.63,STAYOFF
1393241,45.63,STAYOFF
1395240,45.63,STAYOFF
1397240,45.63,STAYOFF
1399240,45.63,STAYOFF
1401240,45.63,STAYOFF
1403240,45.63,STAYOFF
1405240,45.63,STAYOFF
1407240,45.56,STAYOFF
1409240,45.56,STAYOFF
1411239,45.56,STAYOFF
1413239,45.56,STAYOFF
1415239,45.56,STAYOFF
1417239,45.56,STAYOFF
1419239,45.56,STAYOFF
1421239,45.56,STAYOFF
1423239,45.56,STAYOFF
1425239,45.56,STAYOFF
1427238,45.56,STAYOFF
1429238,45.56,STAYOFF
1431238,45.50,STAYOFF
1433237,45.50,STAYOFF
1435237,45.50,STAYOFF
1437237,45.50,STAYOFF
1439237,45.50,STAYOFF
1441236,45.50,STAYOFF
1443236,45.50,STAYOFF
1445236,45.50,STAYOFF
1447236,45.50,STAYOFF
1449236,45.50,STAYOFF
1451236,45.50,STAYOFF
1453236,45.44,STAYOFF
1455236,45.44,STAYOFF
1457235,45.44,STAYOFF
1459235,45.44,STAYOFF
1461235,45.44,STAYOFF
1463235,45.44,STAYOFF
1465235,45.44,STAYOFF
1467235,45.44,STAYOFF
1469235,45.44,STAYOFF
1471235,45.44,STAYOFF
1473234,45.44,STAYOFF
1475234,45.38,STAYOFF
1477234,45.38,STAYOFF
1479234,45.38,STAYOFF
1481234,45.38,STAYOFF
1483234,45.38,STAYOFF
1485234,45.38,STAYOFF
1487234,45.38,STAYOFF
1489233,45.38,STAYOFF
1491233,45.38,STAYOFF
1493233,45.38,STAYOFF
1495233,45.38,STAYOFF
1497233,45.38,STAYOFF
1499233,45.31,STAYOFF
1501233,45.38,STAYOFF
1503233,45.31,STAYOFF
1505232,45.31,STAYOFF
1507232,45.31,STAYOFF
1509232,45.31,STAYOFF
1511231,45.31,STAYOFF
1513231,45.31,STAYOFF
1515231,45.31,STAYOFF
1517231,45.31,STAYOFF
1519230,45.31,STAYOFF
1521230,45.31,STAYOFF
1523230,45.31,STAYOFF
1525230,45.25,STAYOFF
1527230,45.25,STAYOFF
1529230,45.25,STAYOFF
1531230,45.25,STAYOFF
1533230,45.25,STAYOFF
1535229,45.25,STAYOFF
1537229,45.25,STAYOFF
1539229,45.25,STAYOFF
1541229,45.25,STAYOFF
1543229,45.25,STAYOFF
1545229,45.25,STAYOFF
1547229,45.25,STAYOFF
1549229,45.25,STAYOFF
1551228,45.19,STAYOFF
1553228,45.19,STAYOFF
1555228,45.19,STAYOFF
1557228,45.19,STAYOFF
1559228,45.19,STAYOFF
1561228,45.19,STAYOFF
1563228,45.19,STAYOFF
1565228,45.19,STAYOFF
1567227,45.19,STAYOFF
1569227,45.19,STAYOFF
1571227,45.19,STAYOFF
1573226,45.13,STAYOFF
1575226,45.19,STAYOFF
1577226,45.13,STAYOFF
1579226,45.13,STAYOFF
1581225,45.13,STAYOFF
1583225,45.13,STAYOFF
1585225,45.13,STAYOFF
1587225,45.13,STAYOFF
1589225,45.13,STAYOFF
1591225,45.13,STAYOFF
1593225,45.13,STAYOFF
1595225,45.13,STAYOFF
1597224,45.06,STAYOFF
1599224,45.06,STAYOFF
1601224,45.06,STAYOFF
1603224,45.06,STAYOFF
1605224,45.06,STAYOFF
1607224,45.06,STAYOFF
1609224,45.06,STAYOFF
1611224,45.06,STAYOFF
1613222,45.06,STAYOFF
1615223,45.06,STAYOFF
1617224,45.06,STAYOFF
1619225,45.06,STAYOFF
1621225,45.06,STAYOFF
1623225,45.00,STAYOFF
1625225,45.06,STAYOFF
1627225,45.00,STAYOFF
1629224,45.00,STAYOFF
1631224,45.00,STAYOFF
1633224,45.00,STAYOFF
1635224,45.00,STAYOFF
1637224,45.00,STAYOFF
1639223,45.00,STAYOFF
1641224,45.00,STAYOFF
1643225,45.00,STAYOFF
1645224,45.00,STAYOFF
1647224,45.00,STAYOFF
1649224,45.00,STAYOFF
1651224,44.94,STAYOFF
1653224,44.94,STAYOFF
1655224,44.94,STAYOFF
1657224,44.94,STAYOFF
1659224,44.94,STAYOFF
1661223,44.94,STAYOFF
1663223,44.94,STAYOFF
1665222,44.94,STAYOFF
1667222,44.94,STAYOFF
1669223,44.94,STAYOFF
1671224,44.94,STAYOFF
1673224,44.94,STAYOFF
1675224,44.94,STAYOFF
1677223,44.88,STAYOFF
1679223,44.88,STAYOFF
1681223,44.88,STAYOFF
1683223,44.88,STAYOFF
1685223,44.88,STAYOFF
1687223,44.88,STAYOFF
1689223,44.88,STAYOFF
1691223,44.88,STAYOFF
1693221,44.88,STAYOFF
1695222,44.88,STAYOFF
1697223,44.88,STAYOFF
1699224,44.88,STAYOFF
1701224,44.88,STAYOFF
1703224,44.88,STAYOFF
1705224,44.81,STAYOFF
1707224,44.81,STAYOFF
1709223,44.81,STAYOFF
1711223,44.81,STAYOFF
1713223,44.81,STAYOFF
1715223,44.81,STAYOFF
1717223,44.81,STAYOFF
1719222,44.81,STAYOFF
1721222,44.81,STAYOFF
1723223,44.81,STAYOFF
1725223,44.81,STAYOFF
1727224,44.81,STAYOFF
1729224,44.75,STAYOFF
1731224,44.75,STAYOFF
1733224,44.75,STAYOFF
1735224,44.75,STAYOFF
1737224,44.75,STAYOFF
1739224,44.75,STAYOFF
1741223,44.75,STAYOFF
1743223,44.75,STAYOFF
1745223,44.75,STAYOFF
1747222,44.75,STAYOFF
1749222,44.75,STAYOFF
1751223,44.75,STAYOFF
1753224,44.69,STAYOFF
1755224,44.69,STAYOFF
1757223,44.69,STAYOFF
1759223,44.69,STAYOFF
1761223,44.69,STAYOFF
1763223,44.69,STAYOFF
1765223,44.69,STAYOFF
1767223,44.69,STAYOFF
1769223,44.69,STAYOFF
1771223,44.69,STAYOFF
1773222,44.69,STAYOFF
1775221,44.69,STAYOFF
1777222,44.69,STAYOFF
1779223,44.69,STAYOFF
1781224,44.63,STAYOFF
1783224,44.63,STAYOFF
1785224,44.63,STAYOFF
1787224,44.63,STAYOFF
1789223,44.63,STAYOFF
1791223,44.63,STAYOFF
1793223,44.63,STAYOFF
1795223,44.63,STAYOFF
1797223,44.63,STAYOFF
1799223,44.63,STAYOFF
1801223,44.63,STAYOFF
1803222,44.63,STAYOFF
1805222,44.63,STAYOFF
1807223,44.56,STAYOFF
1809224,44.56,STAYOFF
1811224,44.56,STAYOFF
1813224,44.56,STAYOFF
1815224,44.56,STAYOFF
1817224,44.56,STAYOFF
1819224,44.56,STAYOFF
1821223,44.56,STAYOFF
1823223,44.56,STAYOFF
1825223,44.56,STAYOFF
1827223,44.56,STAYOFF
1829222,44.56,STAYOFF
1831223,44.56,STAYOFF
1833224,44.56,STAYOFF
1835225,44.50,STAYOFF
1837224,44.50,STAYOFF
1839224,44.50,STAYOFF
1841224,44.50,STAYOFF
1843224,44.50,STAYOFF
1845224,44.50,STAYOFF
1847224,44.50,STAYOFF
1849224,44.50,STAYOFF
1851224,44.50,STAYOFF
1853222,44.50,STAYOFF
1855223,44.50,STAYOFF
1857224,44.50,STAYOFF
1859224,44.44,STAYOFF
1861224,44.44,STAYOFF
1863224,44.44,STAYOFF
1865224,44.44,STAYOFF
1867223,44.44,STAYOFF
1869223,44.44,STAYOFF
1871224,44.44,STAYOFF
1873224,44.44,STAYOFF
1875224,44.44,STAYOFF
1877224,44.44,STAYOFF
1879224,44.44,STAYOFF
1881223,44.44,STAYOFF
1883224,44.44,STAYOFF
1885224,44.38,STAYOFF
1887224,44.38,STAYOFF
1889224,44.38,STAYOFF
1891224,44.38,STAYOFF
1893224,44.38,STAYOFF
1895223,44.38,STAYOFF
1897223,44.38,STAYOFF
1899224,44.38,STAYOFF
1901224,44.38,STAYOFF
1903224,44.38,STAYOFF
1905224,44.38,STAYOFF
1907224,44.38,STAYOFF
1909224,44.38,STAYOFF
1911223,44.38,STAYOFF
1913224,44.38,STAYOFF
1915225,44.38,STAYOFF
1917224,44.38,STAYOFF
1919224,44.38,STAYOFF
1921224,44.38,STAYOFF
1923224,44.38,STAYOFF
1925223,44.38,STAYOFF
1927224,44.38,STAYOFF
1929225,44.38,STAYOFF
1931225,44.38,STAYOFF
1933224,44.38,STAYOFF
1935224,44.31,STAYOFF
1937224,44.31,STAYOFF
1939223,44.31,STAYOFF
1941224,44.31,STAYOFF
1943225,44.31,STAYOFF
1945225,44.31,STAYOFF
1947225,44.31,STAYOFF
1949224,44.31,STAYOFF
1951224,44.31,STAYOFF
1953223,44.25,STAYOFF
1955224,44.25,STAYOFF
1957225,44.25,STAYOFF
1959225,44.25,STAYOFF
1961225,44.25,STAYOFF
1963225,44.25,STAYOFF
1965224,44.25,STAYOFF
1967223,44.25,STAYOFF
1969224,44.25,STAYOFF
1971225,44.25,STAYOFF
1973225,44.19,STAYOFF
1975225,44.19,STAYOFF
1977225,44.19,STAYOFF
1979225,44.19,STAYOFF
1981223,44.19,STAYOFF
1983224,44.19,STAYOFF
1985225,44.19,STAYOFF
1987225,44.19,STAYOFF
1989225,44.19,STAYOFF
1991225,44.19,STAYOFF
1993225,44.19,STAYOFF
1995224,44.19,STAYOFF
1997223,44.13,STAYOFF
1999224,44.13,STAYOFF
2001225,44.13,STAYOFF
2003225,44.13,STAYOFF
2005225,44.13,STAYOFF
2007225,44.13,STAYOFF
2009225,44.13,STAYOFF
2011224,44.13,STAYOFF
2013224,44.13,STAYOFF
2015225,44.13,STAYOFF
2017225,44.13,STAYOFF
2019225,44.13,STAYOFF
2021225,44.06,STAYOFF
2023225,44.06,STAYOFF
2025224,44.06,STAYOFF
2027225,44.06,STAYOFF
2029225,44.06,STAYOFF
2031225,44.06,STAYOFF
2033225,44.06,STAYOFF
2035225,44.06,STAYOFF
2037225,44.06,STAYOFF
2039224,44.06,STAYOFF
2041225,44.06,STAYOFF
2043226,44.06,STAYOFF
2045225,44.06,STAYOFF
2047225,44.00,STAYOFF
2049225,44.00,STAYOFF
2051224,44.00,STAYOFF
2053225,44.00,STAYOFF
2055226,44.00,STAYOFF
2057226,44.00,STAYOFF
2059226,44.00,STAYOFF
2061225,44.00,STAYOFF
2063224,44.00,STAYOFF
2065225,44.00,STAYOFF
2067226,44.00,STAYOFF
2069226,43.94,STAYOFF
2071226,44.00,STAYOFF
2073226,43.94,STAYOFF
2075226,43.94,STAYOFF
2077224,43.94,STAYOFF
2079225,43.94,STAYOFF
2081226,43.94,STAYOFF
2083226,43.94,STAYOFF
2085226,43.94,STAYOFF
2087226,43.94,STAYOFF
2089225,43.94,STAYOFF
2091226,43.94,STAYOFF
2093227,43.94,STAYOFF
2095226,43.88,STAYOFF
2097226,43.88,STAYOFF
2099225,43.88,STAYOFF
2101226,43.88,STAYOFF
2103226,43.88,STAYOFF
2105226,43.88,STAYOFF
2107225,43.88,STAYOFF
2109225,43.88,STAYOFF
2111226,43.88,STAYOFF
2113226,43.88,STAYOFF
2115226,43.88,STAYOFF
2117225,43.88,STAYOFF
2119226,43.88,STAYOFF
2121227,43.81,STAYOFF
2123227,43.88,STAYOFF
2125227,43.81,STAYOFF
2127225,43.81,STAYOFF
2129226,43.81,STAYOFF
2131227,43.81,STAYOFF
2133226,43.81,STAYOFF
2135226,43.81,STAYOFF
2137225,43.81,STAYOFF
2139226,43.81,STAYOFF
2141225,43.81,STAYOFF
2143225,43.81,STAYOFF
2145225,43.81,STAYOFF
2147224,43.81,STAYOFF
2149225,43.75,STAYOFF
2151225,43.75,STAYOFF
2153225,43.75,STAYOFF
2155224,43.75,STAYOFF
2157223,43.75,STAYOFF
2159224,43.75,STAYOFF
2161224,43.75,STAYOFF
2163224,43.75,STAYOFF
2165223,43.75,STAYOFF
2167199,-127.00,SWITCHON
2169224,43.75,STAYON
2171225,43.75,STAYON
2173224,43.75,STAYON
2175224,43.75,STAYON
2177223,43.81,STAYON
2179224,43.94,STAYON
2181225,44.13,STAYON
2183225,44.31,STAYON
2185225,44.56,STAYON
2187225,44.88,STAYON
2189224,45.25,STAYON
2191224,45.69,STAYON
2193224,46.13,STAYON
2195224,46.63,STAYON
2197224,47.13,STAYON
2199224,47.63,STAYON
2201225,48.06,STAYON
2203225,48.56,STAYON
2205225,49.00,STAYON
2207224,49.44,STAYON
2209225,49.94,STAYON
2211224,50.44,SWITCHOFF
2213225,50.81,STAYOFF
2215225,51.31,STAYOFF
2217224,51.69,STAYOFF
2219225,51.94,STAYOFF
2221225,52.13,STAYOFF
2223225,52.31,STAYOFF
2225225,52.50,STAYOFF
2227224,52.63,STAYOFF
2229225,52.75,STAYOFF
2231226,52.81,STAYOFF
2233226,52.88,STAYOFF
2235226,52.88,STAYOFF
2237225,52.88,STAYOFF
2239225,52.88,STAYOFF
2241225,52.88,STAYOFF
2243224,52.81,STAYOFF
2245225,52.75,STAYOFF
2247226,52.69,STAYOFF
2249226,52.63,STAYOFF
2251226,52.56,STAYOFF
2253225,52.50,STAYOFF
2255225,52.44,STAYOFF
2257224,52.38,STAYOFF
2259225,52.31,STAYOFF
2261226,52.25,STAYOFF
2263226,52.19,STAYOFF
2265226,52.19,STAYOFF
2267225,52.19,STAYOFF
2269225,52.13,STAYOFF
2271226,52.06,STAYOFF
2273226,52.06,STAYOFF
2275226,52.00,STAYOFF
2277225,52.00,STAYOFF
2279226,51.94,STAYOFF
2281227,51.94,STAYOFF
2283227,51.88,STAYOFF
2285225,51.88,STAYOFF
2287226,51.81,STAYOFF
2289227,51.75,STAYOFF
2291227,51.75,STAYOFF
2293225,51.69,STAYOFF
2295226,51.69,STAYOFF
2297227,51.63,STAYOFF
2299227,51.56,STAYOFF
2301225,51.50,STAYOFF
2303226,51.50,STAYOFF
2305227,51.44,STAYOFF
2307227,51.38,STAYOFF
2309225,51.38,STAYOFF
2311226,51.31,STAYOFF
2313227,51.19,STAYOFF
2315226,51.13,STAYOFF
2317227,51.06,STAYOFF
2319227,51.06,STAYOFF
2321226,51.06,STAYOFF
2323227,51.00,STAYOFF
2325227,51.00,STAYOFF
2327226,50.94,STAYOFF
2329227,50.94,STAYOFF
2331228,50.94,STAYOFF
2333227,50.88,STAYOFF
2335227,50.81,STAYOFF
2337228,50.81,STAYOFF
2339227,50.75,STAYOFF
2341227,50.75,STAYOFF
2343228,50.75,STAYOFF
2345227,50.75,STAYOFF
2347228,50.69,STAYOFF
2349229,50.69,STAYOFF
2351227,50.69,STAYOFF
2353228,50.69,STAYOFF
2355227,50.69,STAYOFF
2357226,50.63,STAYOFF
2359227,50.63,STAYOFF
2361226,50.56,STAYOFF
2363227,50.56,STAYOFF
2365228,50.56,STAYOFF
2367226,50.50,STAYOFF
2369227,50.50,STAYOFF
2371226,50.44,STAYOFF
2373227,50.44,STAYOFF
2375228,50.44,STAYOFF
2377227,50.44,STAYOFF
2379228,50.44,STAYOFF
2381227,50.38,STAYOFF
2383227,50.38,STAYOFF
2385228,50.31,STAYOFF
2387227,50.31,STAYOFF
2389227,50.31,STAYOFF
2391226,50.25,STAYOFF
2393227,50.25,STAYOFF
2395228,50.19,STAYOFF
2397227,50.19,STAYOFF
2399227,50.13,STAYOFF
2401226,50.13,STAYOFF
2403227,50.13,STAYOFF
2405227,50.13,STAYOFF
2407226,50.13,STAYOFF
2409227,50.06,STAYOFF
2411226,50.06,STAYOFF
2413227,50.06,STAYOFF
2415227,50.06,STAYOFF
2417226,50.06,STAYOFF
2419227,50.06,STAYOFF
2421225,50.06,STAYOFF
2423226,50.06,STAYOFF
2425226,50.06,STAYOFF
2427227,50.00,STAYOFF
2429227,50.00,STAYOFF
2431227,50.00,STAYOFF
2433227,49.94,STAYOFF
2435228,49.94,STAYOFF
2437229,49.94,STAYOFF
2439228,49.94,STAYOFF
2441229,49.88,STAYOFF
2443228,49.88,STAYOFF
2445229,49.88,STAYOFF
2447227,49.88,STAYOFF
2449228,49.88,STAYOFF
2451227,49.81,STAYOFF
2453227,49.81,STAYOFF
2455227,49.81,STAYOFF
2457228,49.75,STAYOFF
2459228,49.75,STAYOFF
2461229,49.75,STAYOFF
2463228,49.75,STAYOFF
2465228,49.69,STAYOFF
2467229,49.69,STAYOFF
2469228,49.69,STAYOFF
2471229,49.69,STAYOFF
2473228,49.63,STAYOFF
2475229,49.63,STAYOFF
2477228,49.63,STAYOFF
2479228,49.56,STAYOFF
2481227,49.56,STAYOFF
2483228,49.56,STAYOFF
2485228,49.56,STAYOFF
2487229,49.56,STAYOFF
2489229,49.50,STAYOFF
2491230,49.50,STAYOFF
2493231,49.50,STAYOFF
2495229,49.50,STAYOFF
2497230,49.44,STAYOFF
2499229,49.44,STAYOFF
2501230,49.44,STAYOFF
2503229,49.44,STAYOFF
2505230,49.44,STAYOFF
2507229,49.44,STAYOFF
2509230,49.44,STAYOFF
2511228,49.44,STAYOFF
2513229,49.38,STAYOFF
2515228,49.38,STAYOFF
2517229,49.38,STAYOFF
2519228,49.38,STAYOFF
2521229,49.38,STAYOFF
2523228,49.31,STAYOFF
2525229,49.31,STAYOFF
2527227,49.31,STAYOFF
2529227,49.31,STAYOFF
2531228,49.31,STAYOFF
2533228,49.25,STAYOFF
2535229,49.25,STAYOFF
2537229,49.25,STAYOFF
2539230,49.25,STAYOFF
2541230,49.25,STAYOFF
2543230,49.19,STAYOFF
2545229,49.19,STAYOFF
2547230,49.19,STAYOFF
2549229,49.19,STAYOFF
2551230,49.19,STAYOFF
2553229,49.19,STAYOFF
2555230,49.13,STAYOFF
2557229,49.13,STAYOFF
2559229,49.13,STAYOFF
2561228,49.13,STAYOFF
2563229,49.06,STAYOFF
2565228,49.06,STAYOFF
2567228,49.06,STAYOFF
2569229,49.06,STAYOFF
2571229,49.06,STAYOFF
2573230,49.00,STAYOFF
2575229,49.00,STAYOFF
2577230,49.00,STAYOFF
2579229,49.00,STAYOFF
2581230,49.00,STAYOFF
2583229,49.00,STAYOFF
2585230,48.94,STAYOFF
2587229,48.94,STAYOFF
2589230,48.94,STAYOFF
2591228,48.94,STAYOFF
2593228,48.94,STAYOFF
2595229,48.88,STAYOFF
2597229,48.88,STAYOFF
2599230,48.88,STAYOFF
2601229,48.88,STAYOFF
2603230,48.88,STAYOFF
2605229,48.81,STAYOFF
2607228,48.81,STAYOFF
2609229,48.81,STAYOFF
2611229,48.81,STAYOFF
2613230,48.75,STAYOFF
2615229,48.75,STAYOFF
2617229,48.75,STAYOFF
2619230,48.75,STAYOFF
2621230,48.75,STAYOFF
2623230,48.75,STAYOFF
2625229,48.69,STAYOFF
2627229,48.69,STAYOFF
2629230,48.69,STAYOFF
2631230,48.69,STAYOFF
2633231,48.69,STAYOFF
2635230,48.69,STAYOFF
2637230,48.63,STAYOFF
2639230,48.63,STAYOFF
2641230,48.63,STAYOFF
2643231,48.63,STAYOFF
2645230,48.63,STAYOFF
2647230,48.56,STAYOFF
2649231,48.56,STAYOFF
2651231,48.56,STAYOFF
2653232,48.56,STAYOFF
2655230,48.56,STAYOFF
2657230,48.56,STAYOFF
2659231,48.50,STAYOFF
2661231,48.50,STAYOFF
2663232,48.50,STAYOFF
2665231,48.50,STAYOFF
2667231,48.50,STAYOFF
2669232,48.50,STAYOFF
2671232,48.44,STAYOFF
2673232,48.44,STAYOFF
2675231,48.44,STAYOFF
2677231,48.44,STAYOFF
2679232,48.44,STAYOFF
2681232,48.44,STAYOFF
2683233,48.38,STAYOFF
2685232,48.38,STAYOFF
2687232,48.38,STAYOFF
2689232,48.38,STAYOFF
2691232,48.38,STAYOFF
2693233,48.38,STAYOFF
2695231,48.31,STAYOFF
2697231,48.31,STAYOFF
2699232,48.31,STAYOFF
2701232,48.31,STAYOFF
2703232,48.31,STAYOFF
2705231,48.31,STAYOFF
2707231,48.25,STAYOFF
2709232,48.25,STAYOFF
2711230,48.25,STAYOFF
2713230,48.25,STAYOFF
2715231,48.25,STAYOFF
2717230,48.25,STAYOFF
2719229,48.25,STAYOFF
2721230,48.19,STAYOFF
2723229,48.19,STAYOFF
2725229,48.19,STAYOFF
2727230,48.19,STAYOFF
2729229,48.19,STAYOFF
2731229,48.19,STAYOFF
2733230,48.19,STAYOFF
2735228,48.13,STAYOFF
2737228,48.13,STAYOFF
2739229,48.13,STAYOFF
2741228,48.13,STAYOFF
2743228,48.13,STAYOFF
2745229,48.13,STAYOFF
2747228,48.13,STAYOFF
2749228,48.06,STAYOFF
2751228,48.06,STAYOFF
2753227,48.06,STAYOFF
2755227,48.06,STAYOFF
2757227,48.06,STAYOFF
2759227,48.06,STAYOFF
2761227,48.06,STAYOFF
2763228,48.06,STAYOFF
2765227,48.00,STAYOFF
2767226,48.00,STAYOFF
2769227,48.00,STAYOFF
2771226,48.00,STAYOFF
2773226,48.00,STAYOFF
2775227,48.00,STAYOFF
2777226,47.94,STAYOFF
2779226,47.94,STAYOFF
2781227,47.94,STAYOFF
2783225,47.94,STAYOFF
2785225,47.94,STAYOFF
2787226,47.94,STAYOFF
2789225,47.94,STAYOFF
2791225,47.88,STAYOFF
2793226,47.88,STAYOFF
2795226,47.88,STAYOFF
2797225,47.88,STAYOFF
2799226,47.88,STAYOFF
2801225,47.88,STAYOFF
2803225,47.88,STAYOFF
2805226,47.88,STAYOFF
2807226,47.81,STAYOFF
2809226,47.81,STAYOFF
2811227,47.81,STAYOFF
2813225,47.81,STAYOFF
2815225,47.81,STAYOFF
2817226,47.81,STAYOFF
2819226,47.81,STAYOFF
2821226,47.81,STAYOFF
2823227,47.81,STAYOFF
2825227,47.81,STAYOFF
2827227,47.81,STAYOFF
2829228,47.75,STAYOFF
2831226,47.75,STAYOFF
2833226,47.75,STAYOFF
2835227,47.75,STAYOFF
2837225,47.75,STAYOFF
2839225,47.69,STAYOFF
2841225,47.69,STAYOFF
2843226,47.69,STAYOFF
2845225,47.69,STAYOFF
2847225,47.69,STAYOFF
2849226,47.69,STAYOFF
2851225,47.63,STAYOFF
2853225,47.63,STAYOFF
2855225,47.63,STAYOFF
2857226,47.63,STAYOFF
2859226,47.63,STAYOFF
2861225,47.63,STAYOFF
2863225,47.63,STAYOFF
2865226,47.56,STAYOFF
2867226,47.56,STAYOFF
2869226,47.56,STAYOFF
2871226,47.56,STAYOFF
2873227,47.56,STAYOFF
2875227,47.56,STAYOFF
2877227,47.50,STAYOFF
2879227,47.50,STAYOFF
2881226,47.50,STAYOFF
2883226,47.50,STAYOFF
2885226,47.50,STAYOFF
2887227,47.50,STAYOFF
2889227,47.50,STAYOFF
2891227,47.44,STAYOFF
2893227,47.44,STAYOFF
2895227,47.44,STAYOFF
2897227,47.44,STAYOFF
2899227,47.44,STAYOFF
2901226,47.44,STAYOFF
2903227,47.44,STAYOFF
2905227,47.44,STAYOFF
2907227,47.44,STAYOFF
2909227,47.38,STAYOFF
2911226,47.38,STAYOFF
2913226,47.38,STAYOFF
2915226,47.38,STAYOFF
2917227,47.38,STAYOFF
2919227,47.38,STAYOFF
2921227,47.38,STAYOFF
2923227,47.38,STAYOFF
2925228,47.31,STAYOFF
2927227,47.31,STAYOFF
2929227,47.31,STAYOFF
2931227,47.31,STAYOFF
2933227,47.31,STAYOFF
2935227,47.31,STAYOFF
2937227,47.31,STAYOFF
2939228,47.31,STAYOFF
2941227,47.31,STAYOFF
2943226,47.25,STAYOFF
2945226,47.25,STAYOFF
2947227,47.25,STAYOFF
2949226,47.25,STAYOFF
2951226,47.25,STAYOFF
2953226,47.25,STAYOFF
2955227,47.25,STAYOFF
2957227,47.25,STAYOFF
2959226,47.19,STAYOFF
2961226,47.19,STAYOFF
2963227,47.19,STAYOFF
2965226,47.19,STAYOFF
2967226,47.19,STAYOFF
2969226,47.19,STAYOFF
2971226,47.19,STAYOFF
2973227,47.19,STAYOFF
2975226,47.19,STAYOFF
2977226,47.13,STAYOFF
2979226,47.13,STAYOFF
2981226,47.13,STAYOFF
2983227,47.13,STAYOFF
2985227,47.13,STAYOFF
2987227,47.13,STAYOFF
2989227,47.13,STAYOFF
2991227,47.13,STAYOFF
2993227,47.13,STAYOFF
2995227,47.13,STAYOFF
2997226,47.06,STAYOFF
2999226,47.06,STAYOFF
3001227,47.06,STAYOFF
3003227,47.06,STAYOFF
3005227,47.06,STAYOFF
3007226,47.06,STAYOFF
3009226,47.06,STAYOFF
3011227,47.06,STAYOFF
3013225,47.00,STAYOFF
3015225,47.00,STAYOFF
3017225,47.00,STAYOFF
3019225,47.00,STAYOFF
3021225,47.00,STAYOFF
3023225,47.00,STAYOFF
3025225,47.00,STAYOFF
3027225,47.00,STAYOFF
3029225,47.00,STAYOFF
3031225,47.00,STAYOFF
3033226,47.00,STAYOFF
3035226,46.94,STAYOFF
3037225,46.94,STAYOFF
3039225,46.94,STAYOFF
3041225,46.94,STAYOFF
3043226,46.94,STAYOFF
3045226,46.94,STAYOFF
3047226,46.94,STAYOFF
3049226,46.94,STAYOFF
3051226,46.94,STAYOFF
3053227,46.88,STAYOFF
3055226,46.88,STAYOFF
3057226,46.88,STAYOFF
3059226,46.88,STAYOFF
3061226,46.88,STAYOFF
3063227,46.88,STAYOFF
3065227,46.88,STAYOFF
3067227,46.88,STAYOFF
3069227,46.88,STAYOFF
3071226,46.81,STAYOFF
3073227,46.81,STAYOFF
3075227,46.81,STAYOFF
3077226,46.81,STAYOFF
3079226,46.81,STAYOFF
3081226,46.81,STAYOFF
3083227,46.81,STAYOFF
3085227,46.81,STAYOFF
3087226,46.81,STAYOFF
3089226,46.75,STAYOFF
3091226,46.75,STAYOFF
3093227,46.75,STAYOFF
3095227,46.75,STAYOFF
3097227,46.75,STAYOFF
3099227,46.75,STAYOFF
3101227,46.75,STAYOFF
3103227,46.75,STAYOFF
3105227,46.75,STAYOFF
3107227,46.75,STAYOFF
3109226,46.75,STAYOFF
3111226,46.75,STAYOFF
3113227,46.69,STAYOFF
3115227,46.69,STAYOFF
3117227,46.69,STAYOFF
3119226,46.69,STAYOFF
3121226,46.69,STAYOFF
3123227,46.69,STAYOFF
3125226,46.69,STAYOFF
3127226,46.69,STAYOFF
3129226,46.69,STAYOFF
3131226,46.69,STAYOFF
3133225,46.63,STAYOFF
3135226,46.63,STAYOFF
3137226,46.63,STAYOFF
3139226,46.63,STAYOFF
3141226,46.63,STAYOFF
3143226,46.63,STAYOFF
3145226,46.63,STAYOFF
3147226,46.63,STAYOFF
3149227,46.63,STAYOFF
3151226,46.56,STAYOFF
3153226,46.56,STAYOFF
3155226,46.56,STAYOFF
3157226,46.56,STAYOFF
3159226,46.56,STAYOFF
3161226,46.56,STAYOFF
3163227,46.56,STAYOFF
3165227,46.56,STAYOFF
3167226,46.56,STAYOFF
3169226,46.56,STAYOFF
3171226,46.50,STAYOFF
3173226,46.50,STAYOFF
3175226,46.50,STAYOFF
3177226,46.50,STAYOFF
3179227,46.50,STAYOFF
3181227,46.50,STAYOFF
3183226,46.50,STAYOFF
3185226,46.50,STAYOFF
3187226,46.50,STAYOFF
3189226,46.50,STAYOFF
3191226,46.50,STAYOFF
3193226,46.44,STAYOFF
3195228,46.44,STAYOFF
3197228,46.44,STAYOFF
3199227,46.44,STAYOFF
3201227,46.44,STAYOFF
3203227,46.44,STAYOFF
3205226,46.44,STAYOFF
3207226,46.44,STAYOFF
3209227,46.44,STAYOFF
3211227,46.44,STAYOFF
3213227,46.44,STAYOFF
3215226,46.38,STAYOFF
3217226,46.38,STAYOFF
3219226,46.38,STAYOFF
3221226,46.38,STAYOFF
3223226,46.38,STAYOFF
3225228,46.38,STAYOFF
3227228,46.38,STAYOFF
3229228,46.38,STAYOFF
3231227,46.38,STAYOFF
3233227,46.31,STAYOFF
3235227,46.31,STAYOFF
3237226,46.31,STAYOFF
3239226,46.31,STAYOFF
3241227,46.31,STAYOFF
3243227,46.31,STAYOFF
3245227,46.31,STAYOFF
3247226,46.31,STAYOFF
3249226,46.31,STAYOFF
3251226,46.31,STAYOFF
3253226,46.31,STAYOFF
3255227,46.25,STAYOFF
3257227,46.25,STAYOFF
3259227,46.25,STAYOFF
3261227,46.25,STAYOFF
3263226,46.25,STAYOFF
3265226,46.25,STAYOFF
3267226,46.25,STAYOFF
3269226,46.25,STAYOFF
3271227,46.25,STAYOFF
3273227,46.25,STAYOFF
3275227,46.25,STAYOFF
3277227,46.19,STAYOFF
3279226,46.19,STAYOFF
3281226,46.19,STAYOFF
3283226,46.19,STAYOFF
3285227,46.19,STAYOFF
3287227,46.19,STAYOFF
3289227,46.19,STAYOFF
3291227,46.19,STAYOFF
3293227,46.19,STAYOFF
3295226,46.19,STAYOFF
3297226,46.19,STAYOFF
3299226,46.19,STAYOFF
3301226,46.13,STAYOFF
3303228,46.13,STAYOFF
3305228,46.13,STAYOFF
3307228,46.13,STAYOFF
3309228,46.13,STAYOFF
3311227,46.13,STAYOFF
3313227,46.13,STAYOFF
3315227,46.13,STAYOFF
3317227,46.13,STAYOFF
3319227,46.13,STAYOFF
3321227,46.06,STAYOFF
3323227,46.06,STAYOFF
3325227,46.06,STAYOFF
3327226,46.06,STAYOFF
3329226,46.06,STAYOFF
3331226,46.06,STAYOFF
3333226,46.06,STAYOFF
3335226,46.06,STAYOFF
3337226,46.06,STAYOFF
3339226,46.06,STAYOFF
3341225,46.06,STAYOFF
3343225,46.06,STAYOFF
3345225,46.00,STAYOFF
3347226,46.00,STAYOFF
3349227,46.00,STAYOFF
3351229,46.00,STAYOFF
3353229,46.00,STAYOFF
3355229,46.00,STAYOFF
3357229,46.00,STAYOFF
3359228,46.00,STAYOFF
3361228,46.00,STAYOFF
3363228,46.00,STAYOFF
3365228,46.00,STAYOFF
3367228,46.00,STAYOFF
3369228,45.94,STAYOFF
3371228,45.94,STAYOFF
3373228,45.94,STAYOFF
3375227,45.94,STAYOFF
3377227,45.94,STAYOFF
3379227,45.94,STAYOFF
3381226,45.94,STAYOFF
3383227,45.94,STAYOFF
3385228,45.94,STAYOFF
3387228,45.94,STAYOFF
3389228,45.94,STAYOFF
3391227,45.94,STAYOFF
3393227,45.88,STAYOFF
3395227,45.88,STAYOFF
3397226,45.88,STAYOFF
3399226,45.88,STAYOFF
3401226,45.88,STAYOFF
3403226,45.88,STAYOFF
3405225,45.88,STAYOFF
3407225,45.88,STAYOFF
3409225,45.88,STAYOFF
3411225,45.88,STAYOFF
3413226,45.81,STAYOFF
3415227,45.81,STAYOFF
3417228,45.81,STAYOFF
3419229,45.81,STAYOFF
3421229,45.81,STAYOFF
3423228,45.81,STAYOFF
3425228,45.81,STAYOFF
3427228,45.81,STAYOFF
3429228,45.81,STAYOFF
3431228,45.81,STAYOFF
3433228,45.81,STAYOFF
3435228,45.75,STAYOFF
3437228,45.75,STAYOFF
3439227,45.75,STAYOFF
3441227,45.75,STAYOFF
3443227,45.75,STAYOFF
3445226,45.75,STAYOFF
3447227,45.75,STAYOFF
3449229,45.75,STAYOFF
3451229,45.75,STAYOFF
3453229,45.75,STAYOFF
3455228,45.75,STAYOFF
3457228,45.69,STAYOFF
3459228,45.69,STAYOFF
3461228,45.69,STAYOFF
3463228,45.69,STAYOFF
3465228,45.69,STAYOFF
3467228,45.69,STAYOFF
3469228,45.69,STAYOFF
3471227,45.69,STAYOFF
3473227,45.69,STAYOFF
3475227,45.69,STAYOFF
3477226,45.69,STAYOFF
3479227,45.69,STAYOFF
3481229,45.69,STAYOFF
3483229,45.63,STAYOFF
3485229,45.63,STAYOFF
3487228,45.63,STAYOFF
3489228,45.63,STAYOFF
3491228,45.63,STAYOFF
3493228,45.63,STAYOFF
3495228,45.63,STAYOFF
3497228,45.63,STAYOFF
3499228,45.63,STAYOFF
3501228,45.63,STAYOFF
3503227,45.63,STAYOFF
3505227,45.63,STAYOFF
3507227,45.56,STAYOFF
3509226,45.56,STAYOFF
3511227,45.56,STAYOFF
3513228,45.56,STAYOFF
3515228,45.56,STAYOFF
3517228,45.56,STAYOFF
3519227,45.63,STAYOFF
3521227,45.63,STAYOFF
3523227,45.63,STAYOFF
3525226,45.63,STAYOFF
3527226,45.63,STAYOFF
3529226,45.63,STAYOFF
3531226,45.63,STAYOFF
3533225,45.63,STAYOFF
3535225,45.63,STAYOFF
3537225,45.63,STAYOFF
3539225,45.63,STAYOFF
3541226,45.63,STAYOFF
3543227,45.63,STAYOFF
3545228,45.56,STAYOFF
3547228,45.56,STAYOFF
3549228,45.56,STAYOFF
3551227,45.56,STAYOFF
3553227,45.56,STAYOFF
3555227,45.50,STAYOFF
3557226,45.50,STAYOFF
3559226,45.44,STAYOFF
3561226,45.44,STAYOFF
3563226,45.44,STAYOFF
3565225,45.38,STAYOFF
3567225,45.38,STAYOFF
3569225,45.38,STAYOFF
3571225,45.31,STAYOFF
3573225,45.31,STAYOFF
3575225,45.25,STAYOFF
3577225,45.25,STAYOFF
3579225,45.19,STAYOFF
3581224,45.19,STAYOFF
3583224,45.19,STAYOFF
3585224,45.13,STAYOFF
3587224,45.13,STAYOFF
3589224,45.06,STAYOFF
3591224,45.06,STAYOFF
3593224,45.00,STAYOFF
3595224,45.00,STAYOFF
3597223,45.00,STAYOFF
3599223,44.94,STAYOFF
3601223,44.94,STAYOFF
3603222,44.94,STAYOFF
3605222,44.88,STAYOFF
3607223,44.88,STAYOFF
3609224,44.88,STAYOFF
3611224,44.81,STAYOFF
3613223,44.81,STAYOFF
3615223,44.75,STAYOFF
3617223,44.75,STAYOFF
3619223,44.75,STAYOFF
3621223,44.69,STAYOFF
3623223,44.69,STAYOFF
3625223,44.69,STAYOFF
3627223,44.63,STAYOFF
3629222,44.63,STAYOFF
3631221,44.63,STAYOFF
3633221,44.56,STAYOFF
3635221,44.56,STAYOFF
3637222,44.56,STAYOFF
3639223,44.50,STAYOFF
3641223,44.50,STAYOFF
3643223,44.44,STAYOFF
3645222,44.44,STAYOFF
3647222,44.44,STAYOFF
3649222,44.38,STAYOFF
3651220,44.38,STAYOFF
3653221,44.38,STAYOFF
3655222,44.31,STAYOFF
3657222,44.31,STAYOFF
3659222,44.31,STAYOFF
3661221,44.31,STAYOFF
3663221,44.25,STAYOFF
3665220,44.25,STAYOFF
3667219,44.19,STAYOFF
3669220,44.19,STAYOFF
3671221,44.19,STAYOFF
3673221,44.13,STAYOFF
3675220,44.13,STAYOFF
3677220,44.06,STAYOFF
3679220,44.06,STAYOFF
3681219,44.06,STAYOFF
3683220,44.06,STAYOFF
3685221,44.00,STAYOFF
3687221,44.00,STAYOFF
3689221,44.00,STAYOFF
3691220,43.94,STAYOFF
3693220,43.94,STAYOFF
3695219,43.94,STAYOFF
3697220,43.94,STAYOFF
3699221,43.88,STAYOFF
3701221,43.88,STAYOFF
3703221,43.88,STAYOFF
3705220,43.81,STAYOFF
3707220,43.81,STAYOFF
3709221,43.81,STAYOFF
3711221,43.81,STAYOFF
3713221,43.75,STAYOFF
3715219,43.75,STAYOFF
3717220,43.75,STAYOFF
3719221,43.69,STAYOFF
3721221,43.69,STAYOFF
3723220,43.69,STAYOFF
3725219,43.69,STAYOFF
3727220,43.63,STAYOFF
3729221,43.63,STAYOFF
3731220,43.56,STAYOFF
3733220,43.56,STAYOFF
3735219,43.50,STAYOFF
3737220,43.50,STAYOFF
3739220,43.44,STAYOFF
3741220,43.44,STAYOFF
3743219,43.44,STAYOFF
3745219,43.38,STAYOFF
3747220,43.38,STAYOFF
3749220,43.38,STAYOFF
3751220,43.31,STAYOFF
3753219,43.31,STAYOFF
3755219,43.31,STAYOFF
3757220,43.31,STAYOFF
3759220,43.25,STAYOFF
3761220,43.25,STAYOFF
3763219,43.25,STAYOFF
3765220,43.25,STAYOFF
3767221,43.19,STAYOFF
3769221,43.19,STAYOFF
3771219,43.19,STAYOFF
3773220,43.13,STAYOFF
3775221,43.13,STAYOFF
3777221,43.13,STAYOFF
3779219,43.13,STAYOFF
3781220,43.06,STAYOFF
3783220,43.06,STAYOFF
3785219,43.06,STAYOFF
3787219,43.00,STAYOFF
3789220,43.00,STAYOFF
3791220,43.00,STAYOFF
3793219,42.94,STAYOFF
3795220,42.94,STAYOFF
3797221,42.94,STAYOFF
3799220,42.88,STAYOFF
3801220,42.88,STAYOFF
3803220,42.88,STAYOFF
3805220,42.88,STAYOFF
3807219,42.81,STAYOFF
3809220,42.81,STAYOFF
3811221,42.75,STAYOFF
3813221,42.75,STAYOFF
3815220,42.75,STAYOFF
3817221,42.75,STAYOFF
3819220,42.69,STAYOFF
3821219,42.69,STAYOFF
3823220,42.69,STAYOFF
3825221,42.63,STAYOFF
3827219,42.63,STAYOFF
3829220,42.63,STAYOFF
3831221,42.56,STAYOFF
3833220,42.56,STAYOFF
3835220,42.56,STAYOFF
3837221,42.56,STAYOFF
3839220,42.50,STAYOFF
3841221,42.50,STAYOFF
3843221,42.50,STAYOFF
3845220,42.44,STAYOFF
3847221,42.44,STAYOFF
3849221,42.44,STAYOFF
3851219,42.38,STAYOFF
3853220,42.38,STAYOFF
3855220,42.38,STAYOFF
3857219,42.31,STAYOFF
3859220,42.31,STAYOFF
3861220,42.31,STAYOFF
3863219,42.25,STAYOFF
3865220,42.25,STAYOFF
3867219,42.25,STAYOFF
3869218,42.25,STAYOFF
3871219,42.25,STAYOFF
3873219,42.19,STAYOFF
3875218,42.19,STAYOFF
3877219,42.19,STAYOFF
3879218,42.13,STAYOFF
3881218,42.13,STAYOFF
3883218,42.13,STAYOFF
3885217,42.13,STAYOFF
3887218,42.13,STAYOFF
3889219,42.06,STAYOFF
3891218,42.06,STAYOFF
3893219,42.06,STAYOFF
3895218,42.06,STAYOFF
3897219,42.00,STAYOFF
3899217,42.00,STAYOFF
3901218,42.00,STAYOFF
3903219,41.94,STAYOFF
3905218,41.94,STAYOFF
3907219,41.94,STAYOFF
3909218,41.88,STAYOFF
3911219,41.88,STAYOFF
3913220,41.88,STAYOFF
3915218,41.88,STAYOFF
3917219,41.81,STAYOFF
3919218,41.81,STAYOFF
3921219,41.81,STAYOFF
3923218,41.81,STAYOFF
3925219,41.81,STAYOFF
3927220,41.75,STAYOFF
3929219,41.75,STAYOFF
3931219,41.75,STAYOFF
3933218,41.75,STAYOFF
3935219,41.69,STAYOFF
3937220,41.69,STAYOFF
3939219,41.69,STAYOFF
3941220,41.63,STAYOFF
3943219,41.63,STAYOFF
3945220,41.63,STAYOFF
3947220,41.56,STAYOFF
3949219,41.56,STAYOFF
3951220,41.56,STAYOFF
3953219,41.56,STAYOFF
3955220,41.56,STAYOFF
3957219,41.50,STAYOFF
3959220,41.50,STAYOFF
3961220,41.50,STAYOFF
3963219,41.50,STAYOFF
3965220,41.44,STAYOFF
3967219,41.44,STAYOFF
3969220,41.44,STAYOFF
3971219,41.44,STAYOFF
3973220,41.38,STAYOFF
3975219,41.38,STAYOFF
3977220,41.38,STAYOFF
3979218,41.31,STAYOFF
3981219,41.31,STAYOFF
3983218,41.31,STAYOFF
3985219,41.31,STAYOFF
3987218,41.31,STAYOFF
3989219,41.25,STAYOFF
3991219,41.25,STAYOFF
3993220,41.25,STAYOFF
3995219,41.25,STAYOFF
3997220,41.25,STAYOFF
3999220,41.19,STAYOFF
4001221,41.19,STAYOFF
4003220,41.19,STAYOFF
4005220,41.19,STAYOFF
4007221,41.13,STAYOFF
4009220,41.13,STAYOFF
4011220,41.13,STAYOFF
4013219,41.13,STAYOFF
4015220,41.06,STAYOFF
4017219,41.06,STAYOFF
4019220,41.06,STAYOFF
4021219,41.00,STAYOFF
4023220,41.00,STAYOFF
4025219,41.00,STAYOFF
4027219,41.00,STAYOFF
4029218,40.94,STAYOFF
4031219,40.94,STAYOFF
4033218,40.94,STAYOFF
4035219,40.88,STAYOFF
4037218,40.88,STAYOFF
4039218,40.88,STAYOFF
4041219,40.88,STAYOFF
4043218,40.81,STAYOFF
4045219,40.81,STAYOFF
4047219,40.81,STAYOFF
4049220,40.81,STAYOFF
4051219,40.81,STAYOFF
4053220,40.81,STAYOFF
4055219,40.75,STAYOFF
4057220,40.75,STAYOFF
4059218,40.75,STAYOFF
4061218,40.69,STAYOFF
4063219,40.69,STAYOFF
4065219,40.69,STAYOFF
4067220,40.69,STAYOFF
4069219,40.63,STAYOFF
4071220,40.63,STAYOFF
4073219,40.63,STAYOFF
4075219,40.63,STAYOFF
4077218,40.56,STAYOFF
4079219,40.56,STAYOFF
4081218,40.56,STAYOFF
4083218,40.56,STAYOFF
4085219,40.56,STAYOFF
4087219,40.50,STAYOFF
4089220,40.50,STAYOFF
4091218,40.50,STAYOFF
4093219,40.50,STAYOFF
4095218,40.44,STAYOFF
4097219,40.44,STAYOFF
4099218,40.44,STAYOFF
4101218,40.44,STAYOFF
4103218,40.38,STAYOFF
4105218,40.38,STAYOFF
4107218,40.38,STAYOFF
4109218,40.38,STAYOFF
4111219,40.38,STAYOFF
4113218,40.38,STAYOFF
4115219,40.31,STAYOFF
4117218,40.31,STAYOFF
4119218,40.31,STAYOFF
4121219,40.31,STAYOFF
4123218,40.25,STAYOFF
4125219,40.25,STAYOFF
4127218,40.25,STAYOFF
4129218,40.25,STAYOFF
4131219,40.19,STAYOFF
4133219,40.19,STAYOFF
4135219,40.19,STAYOFF
4137219,40.19,STAYOFF
4139218,40.13,STAYOFF
4141219,40.13,STAYOFF
4143218,40.06,STAYOFF
4145218,40.06,STAYOFF
4147219,40.06,STAYOFF
4149219,40.06,STAYOFF
4151220,40.00,STAYOFF
4153219,40.00,STAYOFF
4155218,40.00,STAYOFF
4157219,39.94,SWITCHON
4159218,39.94,STAYON
4161218,39.94,STAYON
4163219,39.94,STAYON
4165219,39.94,STAYON
4167220,39.94,STAYON
4169219,39.94,STAYON
4171218,39.94,STAYON
4173219,39.94,STAYON
4175218,39.94,STAYON
4177218,40.00,STAYON
4179219,40.06,STAYON
4181219,40.13,STAYON
4183220,40.19,STAYON
4185219,40.25,STAYON
4187218,40.38,STAYON
4189219,40.44,STAYON
4191218,40.56,STAYON
4193219,40.63,STAYON
4195218,40.69,STAYON
4197218,40.75,STAYON
4199219,40.81,STAYON
4201219,40.88,STAYON
4203219,40.88,STAYON
4205218,40.94,STAYON
4207219,41.00,STAYON
4209218,41.13,STAYON
4211219,41.25,STAYON
4213218,41.44,STAYON
4215219,41.63,STAYON
4217218,41.88,STAYON
4219218,42.00,STAYON
4221219,42.00,STAYON
4223218,42.06,STAYON
4225219,42.06,STAYON
4227218,42.13,STAYON
4229219,42.25,STAYON
4231219,42.44,STAYON
4233218,42.75,STAYON
4235218,43.00,STAYON
4237218,43.19,STAYON
4239217,43.38,STAYON
4241218,43.63,STAYON
4243219,43.75,STAYON
4245219,43.88,STAYON
4247219,43.94,STAYON
4249218,44.13,STAYON
4251218,44.25,STAYON
4253219,44.31,STAYON
4255219,44.44,STAYON
4257219,44.56,STAYON
4259219,44.69,STAYON
4261219,44.75,STAYON
4263219,44.81,STAYON
4265219,44.94,STAYON
4267218,45.06,STAYON
4269218,45.25,STAYON
4271218,45.38,STAYON
4273218,45.56,STAYON
4275218,45.69,STAYON
4277218,45.75,STAYON
4279218,45.88,STAYON
4281218,46.06,STAYON
4283217,46.25,STAYON
4285217,46.44,STAYON
4287217,46.63,STAYON
4289217,46.81,STAYON
4291218,46.94,STAYON
4293218,47.06,STAYON
4295218,47.25,STAYON
4297218,47.38,STAYON
4299217,47.56,STAYON
4301218,47.69,STAYON
4303218,47.94,STAYON
4305218,48.13,STAYON
4307219,48.31,STAYON
4309219,48.50,STAYON
4311219,48.69,STAYON
4313220,48.88,STAYON
4315219,49.06,STAYON
4317220,49.25,STAYON
4319219,49.44,STAYON
4321220,49.56,STAYON
4323219,49.69,STAYON
4325220,50.06,SWITCHOFF
4327219,50.38,STAYOFF
4329220,50.50,STAYOFF
4331220,50.56,STAYOFF
4333219,50.69,STAYOFF
4335220,50.81,STAYOFF
4337220,51.06,STAYOFF
4339219,51.25,STAYOFF
4341220,51.44,STAYOFF
4343220,51.69,STAYOFF
4345220,51.88,STAYOFF
4347218,51.94,STAYOFF
4349219,52.13,STAYOFF
4351220,52.31,STAYOFF
4353220,52.50,STAYOFF
4355220,52.63,STAYOFF
4357220,52.81,STAYOFF
4359220,53.00,STAYOFF
4361220,53.19,STAYOFF
4363218,53.38,STAYOFF
4365218,53.56,STAYOFF
4367219,53.75,STAYOFF
4369219,53.94,STAYOFF
4371219,54.06,STAYOFF
4373219,54.13,STAYOFF
4375219,54.13,STAYOFF
4377219,54.19,STAYOFF
4379218,54.25,STAYOFF
4381218,54.44,STAYOFF
4383218,54.63,STAYOFF
4385218,54.75,STAYOFF
4387218,54.81,STAYOFF
4389218,54.81,STAYOFF
4391219,54.81,STAYOFF
4393219,54.94,STAYOFF
4395218,55.00,STAYOFF
4397218,55.13,STAYOFF
4399218,55.13,STAYOFF
4401218,55.25,STAYOFF
4403219,55.38,STAYOFF
4405219,55.50,STAYOFF
4407219,55.69,STAYOFF
4409219,55.81,STAYOFF
4411218,55.94,STAYOFF
4413219,56.06,STAYOFF
4415219,56.19,STAYOFF
4417219,56.31,STAYOFF
4419220,56.38,STAYOFF
4421220,56.44,STAYOFF
4423220,56.44,STAYOFF
4425221,56.50,STAYOFF
4427219,56.56,STAYOFF
4429219,56.63,STAYOFF
4431220,56.63,STAYOFF
4433220,56.63,STAYOFF
4435220,56.69,STAYOFF
4437221,56.75,STAYOFF
4439221,56.75,STAYOFF
4441221,56.69,STAYOFF
4443222,56.69,STAYOFF
4445221,56.69,STAYOFF
4447221,56.69,STAYOFF
4449222,56.69,STAYOFF
4451221,56.69,STAYOFF
4453222,56.75,STAYOFF
4455221,56.75,STAYOFF
4457221,56.81,STAYOFF
4459222,56.81,STAYOFF
4461220,56.81,STAYOFF
4463220,56.81,STAYOFF
4465221,56.81,STAYOFF
4467220,56.81,STAYOFF
4469220,56.81,STAYOFF
4471221,56.81,STAYOFF
4473221,56.81,STAYOFF
4475220,56.75,STAYOFF
4477221,56.75,STAYOFF
4479221,56.81,STAYOFF
4481221,56.81,STAYOFF
4483221,56.81,STAYOFF
4485221,56.81,STAYOFF
4487222,56.81,STAYOFF
4489221,56.81,STAYOFF
4491220,56.81,STAYOFF
4493221,56.81,STAYOFF
4495220,56.88,STAYOFF
4497220,56.88,STAYOFF
4499221,56.88,STAYOFF
4501221,56.88,STAYOFF
4503221,56.88,STAYOFF
4505222,56.88,STAYOFF
4507222,56.88,STAYOFF
4509221,56.88,STAYOFF
4511222,56.88,STAYOFF
4513222,56.88,STAYOFF
4515221,56.88,STAYOFF
4517222,56.88,STAYOFF
4519222,56.88,STAYOFF
4521222,56.81,STAYOFF
4523223,56.81,STAYOFF
4525222,56.81,STAYOFF
4527223,56.81,STAYOFF
4529222,56.81,STAYOFF
4531221,56.75,STAYOFF
4533222,56.75,STAYOFF
4535221,56.69,STAYOFF
4537221,56.69,STAYOFF
4539222,56.69,STAYOFF
4541221,56.69,STAYOFF
4543221,56.69,STAYOFF
4545222,56.69,STAYOFF
4547221,56.69,STAYOFF
4549221,56.63,STAYOFF
4551222,56.63,STAYOFF
4553222,56.56,STAYOFF
4555222,56.50,STAYOFF
4557222,56.44,STAYOFF
4559222,56.44,STAYOFF
4561222,56.38,STAYOFF
4563222,56.31,STAYOFF
4565221,56.31,STAYOFF
4567221,56.31,STAYOFF
4569221,56.31,STAYOFF
4571222,56.31,STAYOFF
4573221,56.25,STAYOFF
4575221,56.13,STAYOFF
4577221,52.06,STAYOFF
4579219,48.00,STAYOFF
4581219,45.94,STAYOFF
4583219,44.75,STAYOFF
4585219,44.06,STAYOFF
4587217,43.38,STAYOFF
4589218,42.06,STAYOFF
4591217,41.06,STAYOFF
4593218,40.31,STAYOFF
4595217,39.81,SWITCHON
4597217,39.50,STAYON
4599217,39.19,STAYON
4601218,38.94,STAYON
4603217,38.69,STAYON
4605217,38.56,STAYON
4607217,38.44,STAYON
4609217,38.38,STAYON
4611217,38.31,STAYON
4613218,38.31,STAYON
4615218,38.38,STAYON
4617218,38.44,STAYON
4619217,38.50,STAYON
4621217,38.63,STAYON
4623217,38.69,STAYON
4625218,38.69,STAYON
4627218,38.75,STAYON
4629218,38.88,STAYON
4631218,38.94,STAYON
4633218,39.13,STAYON
4635218,39.25,STAYON
4637218,39.38,STAYON
4639218,39.44,STAYON
4641218,39.50,STAYON
4643219,39.56,STAYON
4645219,39.50,STAYON
4647219,39.56,STAYON
4649220,39.50,STAYON
4651219,39.56,STAYON
4653219,39.56,STAYON
4655220,39.63,STAYON
4657219,39.69,STAYON
4659219,39.88,STAYON
4661220,40.06,STAYON
4663219,40.19,STAYON
4665219,40.38,STAYON
4667219,40.44,STAYON
4669218,40.56,STAYON
4671218,40.56,STAYON
4673219,40.50,STAYON
4675219,40.50,STAYON
4677220,40.63,STAYON
4679219,40.69,STAYON
4681219,40.75,STAYON
4683219,40.81,STAYON
4685219,40.88,STAYON
4687220,40.94,STAYON
4689219,41.06,STAYON
4691220,41.19,STAYON
4693219,41.38,STAYON
4695220,41.44,STAYON
4697219,41.56,STAYON
4699219,41.63,STAYON
4701218,41.69,STAYON
4703219,41.81,STAYON
4705218,42.00,STAYON
4707219,42.13,STAYON
4709220,42.19,STAYON
4711219,42.25,STAYON
4713220,42.38,STAYON
4715218,42.44,STAYON
4717219,42.56,STAYON
4719220,42.75,STAYON
4721219,42.88,STAYON
4723220,43.00,STAYON
4725221,43.06,STAYON
4727221,43.13,STAYON
4729220,43.25,STAYON
4731220,43.50,STAYON
4733220,43.75,STAYON
4735220,44.00,STAYON
4737219,44.25,STAYON
4739220,44.44,STAYON
4741221,44.63,STAYON
4743221,44.56,STAYON
4745221,44.50,STAYON
4747220,44.50,STAYON
4749220,44.56,STAYON
4751219,44.69,STAYON
4753220,44.88,STAYON
4755221,45.06,STAYON
4757222,45.19,STAYON
4759222,45.31,STAYON
4761222,45.38,STAYON
4763222,45.38,STAYON
4765221,45.50,STAYON
4767221,45.63,STAYON
4769221,45.81,STAYON
4771220,45.94,STAYON
4773220,46.13,STAYON
4775220,46.31,STAYON
4777222,46.50,STAYON
4779222,46.56,STAYON
4781221,46.56,STAYON
4783221,46.69,STAYON
4785221,46.81,STAYON
4787220,46.88,STAYON
4789220,47.00,STAYON
4791221,47.13,STAYON
4793221,47.31,STAYON
4795220,47.44,STAYON
4797220,47.56,STAYON
4799220,47.75,STAYON
4801221,47.94,STAYON
4803220,48.13,STAYON
4805220,48.25,STAYON
4807221,48.31,STAYON
4809221,48.44,STAYON
4811220,48.56,STAYON
4813221,48.69,STAYON
4815221,48.81,STAYON
4817221,49.00,STAYON
4819221,49.25,STAYON
4821221,49.50,STAYON
4823222,49.63,STAYON
4825222,49.63,STAYON
4827223,49.63,STAYON
4829221,49.63,STAYON
4831222,49.75,STAYON
4833221,49.88,STAYON
4835221,50.19,SWITCHOFF
4837220,50.50,STAYOFF
4839221,50.75,STAYOFF
4841222,50.88,STAYOFF
4843220,51.06,STAYOFF
4845221,51.19,STAYOFF
4847222,51.25,STAYOFF
4849221,51.25,STAYOFF
4851221,51.31,STAYOFF
4853222,51.38,STAYOFF
4855221,51.56,STAYOFF
4857222,51.75,STAYOFF
4859223,51.88,STAYOFF
4861222,51.94,STAYOFF
4863222,52.06,STAYOFF
4865221,52.25,STAYOFF
4867221,52.38,STAYOFF
4869222,52.50,STAYOFF
4871222,52.63,STAYOFF
4873222,52.69,STAYOFF
4875222,52.81,STAYOFF
4877220,52.88,STAYOFF
4879221,52.88,STAYOFF
4881222,53.06,STAYOFF
4883222,53.19,STAYOFF
4885222,53.38,STAYOFF
4887222,53.44,STAYOFF
4889222,53.50,STAYOFF
4891222,53.50,STAYOFF
4893221,53.56,STAYOFF
4895221,53.56,STAYOFF
4897221,53.63,STAYOFF
4899220,53.75,STAYOFF
4901220,53.88,STAYOFF
4903220,54.00,STAYOFF
4905220,54.06,STAYOFF
4907219,54.19,STAYOFF
4909219,54.25,STAYOFF
4911219,54.38,STAYOFF
4913219,54.44,STAYOFF
4915219,54.50,STAYOFF
4917219,54.50,STAYOFF
4919219,54.50,STAYOFF
4921219,54.50,STAYOFF
4923219,54.56,STAYOFF
4925221,54.56,STAYOFF
4927221,54.69,STAYOFF
4929221,54.75,STAYOFF
4931220,54.88,STAYOFF
4933220,54.94,STAYOFF
4935220,55.00,STAYOFF
4937220,55.06,STAYOFF
4939219,55.13,STAYOFF
4941220,55.19,STAYOFF
4943220,55.25,STAYOFF
4945220,55.25,STAYOFF
4947220,55.25,STAYOFF
4949220,55.31,STAYOFF
4951220,55.31,STAYOFF
4953221,55.44,STAYOFF
4955220,55.50,STAYOFF
4957220,55.56,STAYOFF
4959220,55.56,STAYOFF
4961220,55.56,STAYOFF
4963221,55.56,STAYOFF
4965221,55.56,STAYOFF
4967221,55.50,STAYOFF
4969221,55.50,STAYOFF
4971222,55.50,STAYOFF
4973221,55.44,STAYOFF
4975221,55.44,STAYOFF
4977221,55.44,STAYOFF
4979220,55.44,STAYOFF
4981221,55.44,STAYOFF
4983221,55.50,STAYOFF
4985221,55.44,STAYOFF
4987220,55.44,STAYOFF
4989220,55.44,STAYOFF
4991221,55.50,STAYOFF
4993221,55.50,STAYOFF
4995220,55.50,STAYOFF
4997220,55.50,STAYOFF
4999221,55.50,STAYOFF
5001221,55.50,STAYOFF
5003220,55.56,STAYOFF
5005220,55.56,STAYOFF
5007220,55.56,STAYOFF
5009221,55.56,STAYOFF
5011220,55.56,STAYOFF
5013220,55.63,STAYOFF
5015220,55.63,STAYOFF
5017220,55.69,STAYOFF
5019219,55.69,STAYOFF
5021219,55.75,STAYOFF
5023219,55.75,STAYOFF
5025219,55.81,STAYOFF
5027220,55.81,STAYOFF
5029220,55.81,STAYOFF
5031220,55.81,STAYOFF
5033220,55.88,STAYOFF
5035219,55.88,STAYOFF
5037220,55.88,STAYOFF
5039220,55.88,STAYOFF
5041220,55.94,STAYOFF
5043220,55.94,STAYOFF
5045221,55.94,STAYOFF
5047221,56.00,STAYOFF
5049221,56.00,STAYOFF
5051220,56.00,STAYOFF
5053221,56.00,STAYOFF
5055221,56.00,STAYOFF
5057221,56.00,STAYOFF
5059220,56.00,STAYOFF
5061220,56.00,STAYOFF
5063221,55.94,STAYOFF
5065221,55.94,STAYOFF
5067220,55.94,STAYOFF
5069220,55.94,STAYOFF
5071220,55.94,STAYOFF
5073220,55.94,STAYOFF
5075220,55.94,STAYOFF
5077220,55.94,STAYOFF
5079220,56.00,STAYOFF
5081221,56.00,STAYOFF
5083220,56.00,STAYOFF
5085220,55.94,STAYOFF
5087220,55.94,STAYOFF
5089221,56.00,STAYOFF
5091220,55.94,STAYOFF
5093220,55.94,STAYOFF
5095220,56.00,STAYOFF
5097221,56.00,STAYOFF
5099220,56.00,STAYOFF
5101220,56.00,STAYOFF
5103221,56.00,STAYOFF
5105221,56.00,STAYOFF
5107220,56.06,STAYOFF
5109220,56.00,STAYOFF
5111221,56.06,STAYOFF
5113221,56.06,STAYOFF
5115220,56.06,STAYOFF
5117221,56.13,STAYOFF
5119220,56.13,STAYOFF
5121220,56.13,STAYOFF
5123220,56.13,STAYOFF
5125221,56.13,STAYOFF
5127221,56.13,STAYOFF
5129221,56.13,STAYOFF
5131222,56.13,STAYOFF
5133220,56.13,STAYOFF
5135220,56.13,STAYOFF
5137220,56.19,STAYOFF
5139221,56.19,STAYOFF
5141221,56.19,STAYOFF
5143221,56.19,STAYOFF
5145222,56.19,STAYOFF
5147220,56.19,STAYOFF
5149220,56.19,STAYOFF
5151220,56.19,STAYOFF
5153221,56.19,STAYOFF
5155220,56.19,STAYOFF
5157220,56.19,STAYOFF
5159221,56.19,STAYOFF
5161221,56.19,STAYOFF
5163220,56.19,STAYOFF
5165220,56.19,STAYOFF
5167221,56.19,STAYOFF
5169221,56.19,STAYOFF
5171220,56.19,STAYOFF
5173221,56.19,STAYOFF
5175221,56.19,STAYOFF
5177221,56.19,STAYOFF
5179220,56.19,STAYOFF
5181221,56.19,STAYOFF
5183221,56.19,STAYOFF
5185221,56.19,STAYOFF
5187221,56.19,STAYOFF
5189221,56.19,STAYOFF
5191221,56.19,STAYOFF
5193221,56.19,STAYOFF
5195222,56.19,STAYOFF
5197221,56.19,STAYOFF
5199221,56.25,STAYOFF
5201222,56.25,STAYOFF
5203220,56.25,STAYOFF
5205220,56.25,STAYOFF
5207220,56.25,STAYOFF
5209221,56.25,STAYOFF
5211220,56.25,STAYOFF
5213220,56.25,STAYOFF
5215221,56.25,STAYOFF
5217220,56.25,STAYOFF
5219220,56.25,STAYOFF
5221220,56.25,STAYOFF
5223221,56.25,STAYOFF
5225221,56.25,STAYOFF
5227220,56.25,STAYOFF
5229221,56.19,STAYOFF
5231221,56.19,STAYOFF
5233221,56.19,STAYOFF
5235220,56.19,STAYOFF
5237221,56.19,STAYOFF
5239221,56.19,STAYOFF
5241221,56.19,STAYOFF
5243222,56.19,STAYOFF
5245221,56.19,STAYOFF
5247221,56.19,STAYOFF
5249221,56.19,STAYOFF
5251221,56.19,STAYOFF
5253221,56.19,STAYOFF
5255221,56.19,STAYOFF
5257222,56.19,STAYOFF
5259220,56.19,STAYOFF
5261220,56.19,STAYOFF
5263220,56.19,STAYOFF
5265221,56.19,STAYOFF
5267220,56.19,STAYOFF
5269220,56.19,STAYOFF
5271221,56.19,STAYOFF
5273221,56.19,STAYOFF
5275220,56.19,STAYOFF
5277220,56.19,STAYOFF
5279221,56.13,STAYOFF
5281221,56.13,STAYOFF
5283220,56.13,STAYOFF
5285221,56.13,STAYOFF
5287221,56.13,STAYOFF
5289221,56.13,STAYOFF

Terminating...
Thanks for using picocom
