NOTE: Press Ctrl+A Ctrl+X to exit.
picocom -b 86400 /dev/ttyACM3
picocom v3.1

port is        : /dev/ttyACM3
flowcontrol    : none
baudrate is    : 86400
parity is      : none
databits are   : 8
stopbits are   : 1
escape is      : C-a
local echo is  : no
noinit is      : no
noreset is     : no
hangup is      : no
nolock is      : no
send_cmd is    : sz -vv
receive_cmd is : rz -vv -E
imap is        : 
omap is        : 
emap is        : crcrlf,delbs,
logfile is     : none
initstring     : none
exit_after is  : not set
exit is        : no

Type [C-a] [C-h] to see available commands
Terminal ready
644,54.81,STAYOFF
3243,55.06,STAYOFF
5242,55.25,STAYOFF
7242,55.38,STAYOFF
9242,55.56,STAYOFF
11243,55.69,STAYOFF
13242,55.81,STAYOFF
15242,56.00,STAYOFF
17243,56.13,STAYOFF
19243,56.25,STAYOFF
21243,56.38,STAYOFF
23242,56.56,STAYOFF
25243,56.69,STAYOFF
27241,56.88,STAYOFF
29242,56.94,STAYOFF
31241,57.00,STAYOFF
33242,57.13,STAYOFF
35240,57.19,STAYOFF
37241,57.25,STAYOFF
39240,57.38,STAYOFF
41241,57.44,STAYOFF
43240,57.50,STAYOFF
45241,57.56,STAYOFF
47242,57.63,STAYOFF
49241,57.69,STAYOFF
51241,57.75,STAYOFF
53240,57.81,STAYOFF
55241,57.88,STAYOFF
57242,57.94,STAYOFF
59241,57.94,STAYOFF
61242,58.00,STAYOFF
63241,58.06,STAYOFF
65242,58.13,STAYOFF
67243,58.19,STAYOFF
69241,58.25,STAYOFF
71242,58.31,STAYOFF
73242,58.31,STAYOFF
75241,58.38,STAYOFF
77242,58.44,STAYOFF
79242,58.44,STAYOFF
81241,58.50,STAYOFF
83241,58.56,STAYOFF
85241,58.63,STAYOFF
87240,58.69,STAYOFF
89241,58.75,STAYOFF
91241,58.81,STAYOFF
93241,58.88,STAYOFF
95241,58.94,STAYOFF
97242,59.00,STAYOFF
99241,59.06,STAYOFF
101240,59.13,STAYOFF
103241,59.13,STAYOFF
105242,59.19,STAYOFF
107242,59.25,STAYOFF
109242,59.25,STAYOFF
111241,59.31,STAYOFF
113242,59.31,STAYOFF
115241,59.38,STAYOFF
117241,59.38,STAYOFF
119241,59.44,STAYOFF
121240,59.44,STAYOFF
123241,59.50,STAYOFF
125242,59.50,STAYOFF
127242,59.50,STAYOFF
129242,59.56,STAYOFF
131241,59.56,STAYOFF
133241,59.56,STAYOFF
135240,59.56,STAYOFF
137241,59.63,STAYOFF
139242,59.63,STAYOFF
141242,59.63,STAYOFF
143242,59.69,STAYOFF
145242,59.69,STAYOFF
147241,59.69,STAYOFF
149240,59.69,STAYOFF
151241,59.75,STAYOFF
153242,59.75,STAYOFF
155242,59.81,STAYOFF
157242,59.81,STAYOFF
159242,59.81,STAYOFF
161242,59.88,STAYOFF
163241,59.88,STAYOFF
165242,59.88,STAYOFF
167243,59.94,STAYOFF
169243,59.94,STAYOFF
171242,60.00,STAYOFF
173242,60.00,STAYOFF
175242,60.00,STAYOFF
177242,60.06,STAYOFF
179241,60.06,STAYOFF
181242,60.06,STAYOFF
183243,60.06,STAYOFF
185243,60.13,STAYOFF
187242,60.13,STAYOFF
189242,60.13,STAYOFF
191242,60.19,STAYOFF
193242,60.19,STAYOFF
195241,60.19,STAYOFF
197241,60.19,STAYOFF
199241,60.25,STAYOFF
201241,60.25,STAYOFF
203240,60.25,STAYOFF
205241,60.25,STAYOFF
207242,60.25,STAYOFF
209243,60.31,STAYOFF
211243,60.31,STAYOFF
213242,60.38,STAYOFF
215242,60.38,STAYOFF
217242,60.38,STAYOFF
219242,60.38,STAYOFF
221242,60.44,STAYOFF
223242,60.44,STAYOFF
225242,60.44,STAYOFF
227241,60.44,STAYOFF
229241,60.44,STAYOFF
231242,60.44,STAYOFF
233243,60.44,STAYOFF
235242,60.44,STAYOFF
237242,60.44,STAYOFF
239242,60.44,STAYOFF
241242,60.44,STAYOFF
243241,60.44,STAYOFF
245241,60.44,STAYOFF
247241,60.44,STAYOFF
249241,60.44,STAYOFF
251241,60.44,STAYOFF
253240,60.44,STAYOFF
255241,60.38,STAYOFF
257242,60.38,STAYOFF
259243,60.38,STAYOFF
261242,60.38,STAYOFF
263242,60.38,STAYOFF
265242,60.38,STAYOFF
267242,60.38,STAYOFF
269242,60.38,STAYOFF
271242,60.38,STAYOFF
273242,60.44,STAYOFF
275241,60.44,STAYOFF
277241,60.44,STAYOFF
279241,60.44,STAYOFF
281242,60.44,STAYOFF
283243,60.44,STAYOFF
285243,60.44,STAYOFF
287243,60.50,STAYOFF
289243,60.50,STAYOFF
291243,60.50,STAYOFF
293242,60.50,STAYOFF
295242,60.50,STAYOFF
297242,60.50,STAYOFF
299242,60.50,STAYOFF
301242,60.50,STAYOFF
303241,60.50,STAYOFF
305242,60.50,STAYOFF
307243,60.50,STAYOFF
309243,60.50,STAYOFF
311243,60.44,STAYOFF
313243,60.50,STAYOFF
315242,60.50,STAYOFF
317242,60.50,STAYOFF
319242,60.50,STAYOFF
321242,60.50,STAYOFF
323241,60.50,STAYOFF
325241,60.50,STAYOFF
327241,60.50,STAYOFF
329241,60.50,STAYOFF
331242,60.50,STAYOFF
333243,60.50,STAYOFF
335243,60.50,STAYOFF
337243,60.50,STAYOFF
339243,60.50,STAYOFF
341242,60.50,STAYOFF
343242,60.50,STAYOFF
345242,60.50,STAYOFF
347242,60.50,STAYOFF
349242,60.50,STAYOFF
351242,60.50,STAYOFF
353241,60.50,STAYOFF
355241,60.50,STAYOFF
357242,60.50,STAYOFF
359243,60.50,STAYOFF
361243,60.50,STAYOFF
363242,60.50,STAYOFF
365242,60.50,STAYOFF
367242,60.44,STAYOFF
369242,60.44,STAYOFF
371241,60.44,STAYOFF
373241,60.44,STAYOFF
375241,60.44,STAYOFF
377241,60.44,STAYOFF
379241,60.44,STAYOFF
381242,60.44,STAYOFF
383243,60.44,STAYOFF
385243,60.44,STAYOFF
387243,60.44,STAYOFF
389242,60.44,STAYOFF
391242,60.44,STAYOFF
393242,60.44,STAYOFF
395242,60.38,STAYOFF
397242,60.38,STAYOFF
399242,60.38,STAYOFF
401242,60.38,STAYOFF
403240,60.38,STAYOFF
405241,60.38,STAYOFF
407242,60.38,STAYOFF
409243,60.38,STAYOFF
411242,60.38,STAYOFF
413242,60.38,STAYOFF
415242,60.31,STAYOFF
417242,60.31,STAYOFF
419241,60.31,STAYOFF
421241,60.31,STAYOFF
423241,60.31,STAYOFF
425241,60.31,STAYOFF
427240,60.31,STAYOFF
429241,60.25,STAYOFF
431242,60.25,STAYOFF
433243,60.25,STAYOFF
435243,60.25,STAYOFF
437242,60.25,STAYOFF
439242,60.25,STAYOFF
441242,60.25,STAYOFF
443242,60.25,STAYOFF
445242,60.25,STAYOFF
447241,60.19,STAYOFF
449242,60.19,STAYOFF
451243,60.19,STAYOFF
453243,60.19,STAYOFF
455243,60.19,STAYOFF
457243,60.19,STAYOFF
459242,60.19,STAYOFF
461242,60.19,STAYOFF
463242,60.19,STAYOFF
465242,60.19,STAYOFF
467243,60.13,STAYOFF
469243,60.13,STAYOFF
471243,60.13,STAYOFF
473243,60.13,STAYOFF
475242,60.13,STAYOFF
477242,60.13,STAYOFF
479242,60.13,STAYOFF
481243,60.13,STAYOFF
483244,60.13,STAYOFF
485243,60.13,STAYOFF
487243,60.06,STAYOFF
489243,60.06,STAYOFF
491241,60.06,STAYOFF
493242,60.06,STAYOFF
495243,60.06,STAYOFF
497243,60.06,STAYOFF
499243,60.06,STAYOFF
501242,60.06,STAYOFF
503242,60.06,STAYOFF
505241,60.06,STAYOFF
507242,60.00,STAYOFF
509243,60.00,STAYOFF
511243,60.00,STAYOFF
513243,60.00,STAYOFF
515243,60.00,STAYOFF
517241,60.00,STAYOFF
519242,60.00,STAYOFF
521243,60.00,STAYOFF
523242,60.00,STAYOFF
525242,60.00,STAYOFF
527242,60.00,STAYOFF
529242,60.00,STAYOFF
531240,60.00,STAYOFF
533241,59.94,STAYOFF
535242,59.94,STAYOFF
537242,59.94,STAYOFF
539242,59.94,STAYOFF
541242,59.94,STAYOFF
543242,59.94,STAYOFF
545241,59.94,STAYOFF
547241,59.94,STAYOFF
549242,59.88,STAYOFF
551242,59.88,STAYOFF
553242,59.88,STAYOFF
555242,59.88,STAYOFF
557242,59.88,STAYOFF
559242,59.88,STAYOFF
561243,59.88,STAYOFF
563244,59.88,STAYOFF
565243,59.88,STAYOFF
567243,59.81,STAYOFF
569243,59.81,STAYOFF
571243,59.81,STAYOFF
573244,59.81,STAYOFF
575245,59.81,STAYOFF
577245,59.81,STAYOFF
579245,59.81,STAYOFF
581243,59.75,STAYOFF
583244,59.75,STAYOFF
585245,59.75,STAYOFF
587244,59.75,STAYOFF
589244,59.75,STAYOFF
591243,59.75,STAYOFF
593244,59.75,STAYOFF
595245,59.75,STAYOFF
597244,59.75,STAYOFF
599244,59.69,STAYOFF
601243,59.69,STAYOFF
603243,59.69,STAYOFF
605244,59.69,STAYOFF
607244,59.69,STAYOFF
609244,59.69,STAYOFF
611244,59.69,STAYOFF
613244,59.69,STAYOFF
615244,59.63,STAYOFF
617244,59.63,STAYOFF
619242,59.63,STAYOFF
621243,59.63,STAYOFF
623244,59.63,STAYOFF
625244,59.63,STAYOFF
627244,59.63,STAYOFF
629242,59.56,STAYOFF
631243,59.56,STAYOFF
633244,59.56,STAYOFF
635243,59.56,STAYOFF
637243,59.56,STAYOFF
639243,59.56,STAYOFF
641244,59.56,STAYOFF
643244,59.56,STAYOFF
645243,59.56,STAYOFF
647242,59.50,STAYOFF
649243,59.50,STAYOFF
651243,59.50,STAYOFF
653243,59.50,STAYOFF
655243,59.50,STAYOFF
657242,59.50,STAYOFF
659243,59.50,STAYOFF
661243,59.44,STAYOFF
663243,59.44,STAYOFF
665242,59.44,STAYOFF
667243,59.44,STAYOFF
669244,59.44,STAYOFF
671244,59.44,STAYOFF
673244,59.44,STAYOFF
675243,59.38,STAYOFF
677243,59.38,STAYOFF
679244,59.38,STAYOFF
681244,59.38,STAYOFF
683243,59.38,STAYOFF
685242,59.38,STAYOFF
687243,59.31,STAYOFF
689243,59.31,STAYOFF
691243,59.31,STAYOFF
693241,59.31,STAYOFF
695242,59.31,STAYOFF
697243,59.31,STAYOFF
699242,59.31,STAYOFF
701242,59.31,STAYOFF
703241,59.31,STAYOFF
705242,59.25,STAYOFF
707243,59.25,STAYOFF
709242,59.25,STAYOFF
711242,59.25,STAYOFF
713242,59.25,STAYOFF
715243,59.25,STAYOFF
717243,59.25,STAYOFF
719243,59.19,STAYOFF
721243,59.19,STAYOFF
723244,59.19,STAYOFF
725243,59.19,STAYOFF
727242,59.19,STAYOFF
729243,59.19,STAYOFF
731243,59.19,STAYOFF
733243,59.19,STAYOFF
735242,59.13,STAYOFF
737243,59.13,STAYOFF
739244,59.13,STAYOFF
741243,59.13,STAYOFF
743242,59.13,STAYOFF
745243,59.13,STAYOFF
747242,59.06,STAYOFF
749241,59.06,STAYOFF
751242,59.06,STAYOFF
753243,59.06,STAYOFF
755243,59.06,STAYOFF
757241,59.06,STAYOFF
759242,59.06,STAYOFF
761242,59.00,STAYOFF
763241,59.00,STAYOFF
765242,59.00,STAYOFF
767243,59.00,STAYOFF
769243,59.00,STAYOFF
771241,59.00,STAYOFF
773242,59.00,STAYOFF
775242,58.94,STAYOFF
777241,58.94,STAYOFF
779242,58.94,STAYOFF
781243,58.94,STAYOFF
783243,58.94,STAYOFF
785242,58.94,STAYOFF
787243,58.94,STAYOFF
789242,58.88,STAYOFF
791241,58.88,STAYOFF
793242,58.88,STAYOFF
795243,58.88,STAYOFF
797243,58.88,STAYOFF
799242,58.88,STAYOFF
801243,58.88,STAYOFF
803243,58.88,STAYOFF
805241,58.88,STAYOFF
807242,58.81,STAYOFF
809243,58.81,STAYOFF
811242,58.81,STAYOFF
813241,58.81,STAYOFF
815242,58.81,STAYOFF
817243,58.81,STAYOFF
819241,58.81,STAYOFF
821242,58.75,STAYOFF
823243,58.75,STAYOFF
825243,58.75,STAYOFF
827241,58.75,STAYOFF
829242,58.75,STAYOFF
831242,58.75,STAYOFF
833241,58.75,STAYOFF
835241,58.69,STAYOFF
837242,58.69,STAYOFF
839241,58.69,STAYOFF
841242,58.69,STAYOFF
843243,58.69,STAYOFF
845242,58.69,STAYOFF
847243,58.69,STAYOFF
849244,58.63,STAYOFF
851243,58.63,STAYOFF
853243,58.63,STAYOFF
855244,58.63,STAYOFF
857243,58.63,STAYOFF
859243,58.63,STAYOFF
861244,58.63,STAYOFF
863243,58.56,STAYOFF
865244,58.56,STAYOFF
867244,58.56,STAYOFF
869242,58.56,STAYOFF
871243,58.56,STAYOFF
873243,58.56,STAYOFF
875241,58.56,STAYOFF
877242,58.56,STAYOFF
879242,58.50,STAYOFF
881242,58.50,STAYOFF
883243,58.50,STAYOFF
885241,58.50,STAYOFF
887242,58.50,STAYOFF
889243,58.50,STAYOFF
891241,58.50,STAYOFF
893242,58.44,STAYOFF
895243,58.44,STAYOFF
897242,58.44,STAYOFF
899243,58.44,STAYOFF
901243,58.44,STAYOFF
903242,58.44,STAYOFF
905243,58.44,STAYOFF
907242,58.44,STAYOFF
909241,58.38,STAYOFF
911242,58.38,STAYOFF
913242,58.38,STAYOFF
915240,58.38,STAYOFF
917241,58.38,STAYOFF
919241,58.38,STAYOFF
921241,58.38,STAYOFF
923242,58.31,STAYOFF
925241,58.31,STAYOFF
927242,58.31,STAYOFF
929243,58.31,STAYOFF
931241,58.31,STAYOFF
933242,58.31,STAYOFF
935243,58.31,STAYOFF
937243,58.25,STAYOFF
939241,58.25,STAYOFF
941242,58.25,STAYOFF
943242,58.19,STAYOFF
945241,58.19,STAYOFF
947241,58.25,STAYOFF
949242,58.25,STAYOFF
951242,58.19,STAYOFF
953241,58.19,STAYOFF
955242,58.19,STAYOFF
957242,58.19,STAYOFF
959241,58.13,STAYOFF
961242,58.13,STAYOFF
963241,58.13,STAYOFF
965240,58.13,STAYOFF
967241,58.06,STAYOFF
969241,58.06,STAYOFF
971240,58.06,STAYOFF
973241,58.06,STAYOFF
975241,58.00,STAYOFF
977241,58.00,STAYOFF
979241,58.00,STAYOFF
981240,57.94,STAYOFF
983241,57.94,STAYOFF
985242,57.94,STAYOFF
987241,57.94,STAYOFF
989242,57.88,STAYOFF
991243,57.88,STAYOFF
993242,57.88,STAYOFF
995243,57.88,STAYOFF
997242,57.88,STAYOFF
999241,57.88,STAYOFF
1001242,57.81,STAYOFF
1003242,57.81,STAYOFF
1005241,57.81,STAYOFF
1007242,57.81,STAYOFF
1009243,57.81,STAYOFF
1011241,57.75,STAYOFF
1013242,57.75,STAYOFF
1015243,57.75,STAYOFF
1017243,57.75,STAYOFF
1019241,57.75,STAYOFF
1021242,57.69,STAYOFF
1023242,57.69,STAYOFF
1025241,57.69,STAYOFF
1027241,57.69,STAYOFF
1029242,57.69,STAYOFF
1031241,57.69,STAYOFF
1033242,57.69,STAYOFF
1035243,57.63,STAYOFF
1037242,57.63,STAYOFF
1039243,57.63,STAYOFF
1041244,57.63,STAYOFF
1043243,57.63,STAYOFF
1045243,57.56,STAYOFF
1047244,57.56,STAYOFF
1049243,57.56,STAYOFF
1051243,57.56,STAYOFF
1053243,57.56,STAYOFF
1055242,57.56,STAYOFF
1057243,57.50,STAYOFF
1059241,57.56,STAYOFF
1061242,57.50,STAYOFF
1063243,57.50,STAYOFF
1065242,57.50,STAYOFF
1067243,57.50,STAYOFF
1069244,57.44,STAYOFF
1071243,57.44,STAYOFF
1073244,57.44,STAYOFF
1075244,57.44,STAYOFF
1077242,57.44,STAYOFF
1079243,57.44,STAYOFF
1081242,57.44,STAYOFF
1083243,57.44,STAYOFF
1085244,57.38,STAYOFF
1087243,57.38,STAYOFF
1089244,57.38,STAYOFF
1091245,57.38,STAYOFF
1093243,57.38,STAYOFF
1095244,57.38,STAYOFF
1097243,57.31,STAYOFF
1099243,57.38,STAYOFF
1101244,57.31,STAYOFF
1103243,57.31,STAYOFF
1105244,57.31,STAYOFF
1107245,57.31,STAYOFF
1109243,57.31,STAYOFF
1111244,57.31,STAYOFF
1113245,57.25,STAYOFF
1115243,57.25,STAYOFF
1117244,57.25,STAYOFF
1119243,57.25,STAYOFF
1121243,57.25,STAYOFF
1123244,57.25,STAYOFF
1125242,57.25,STAYOFF
1127243,57.19,STAYOFF
1129244,57.19,STAYOFF
1131242,57.19,STAYOFF
1133243,57.19,STAYOFF
1135244,57.19,STAYOFF
1137243,57.19,STAYOFF
1139244,57.19,STAYOFF
1141243,57.13,STAYOFF
1143242,57.13,STAYOFF
1145243,57.13,STAYOFF
1147241,57.13,STAYOFF
1149242,57.13,STAYOFF
1151243,57.13,STAYOFF
1153242,57.13,STAYOFF
1155243,57.13,STAYOFF
1157242,57.13,STAYOFF
1159242,57.06,STAYOFF
1161243,57.06,STAYOFF
1163241,57.06,STAYOFF
1165242,57.06,STAYOFF
1167241,57.06,STAYOFF
1169242,57.06,STAYOFF
1171243,57.00,STAYOFF
1173241,57.00,STAYOFF
1175242,57.00,STAYOFF
1177241,57.00,STAYOFF
1179242,57.00,STAYOFF
1181241,57.00,STAYOFF
1183242,57.00,STAYOFF
1185242,57.00,STAYOFF
1187243,57.00,STAYOFF
1189243,56.94,STAYOFF
1191242,56.94,STAYOFF
1193243,56.94,STAYOFF
1195241,56.94,STAYOFF
1197242,56.94,STAYOFF
1199242,56.94,STAYOFF
1201243,56.94,STAYOFF
1203244,56.88,STAYOFF
1205242,56.94,STAYOFF
1207243,56.88,STAYOFF
1209242,56.88,STAYOFF
1211243,56.88,STAYOFF
1213242,56.88,STAYOFF
1215243,56.88,STAYOFF
1217244,56.88,STAYOFF
1219243,56.88,STAYOFF
1221243,56.81,STAYOFF
1223242,56.81,STAYOFF
1225243,56.81,STAYOFF
1227241,56.81,STAYOFF
1229242,56.81,STAYOFF
1231243,56.81,STAYOFF
1233242,56.81,STAYOFF
1235243,56.75,STAYOFF
1237241,56.75,STAYOFF
1239242,56.75,STAYOFF
1241241,56.75,STAYOFF
1243242,56.75,STAYOFF
1245242,56.75,STAYOFF
1247242,56.75,STAYOFF
1249243,56.75,STAYOFF
1251241,56.75,STAYOFF
1253242,56.69,STAYOFF
1255241,56.69,STAYOFF
1257242,56.69,STAYOFF
1259242,56.69,STAYOFF
1261243,56.69,STAYOFF
1263244,56.69,STAYOFF
1265243,56.69,STAYOFF
1267244,56.69,STAYOFF
1269242,56.63,STAYOFF
1271243,56.63,STAYOFF
1273243,56.63,STAYOFF
1275243,56.63,STAYOFF
1277244,56.63,STAYOFF
1279243,56.63,STAYOFF
1281244,56.63,STAYOFF
1283243,56.56,STAYOFF
1285243,56.56,STAYOFF
1287242,56.56,STAYOFF
1289243,56.56,STAYOFF
1291243,56.56,STAYOFF
1293242,56.56,STAYOFF
1295243,56.56,STAYOFF
1297242,56.56,STAYOFF
1299243,56.56,STAYOFF
1301241,56.50,STAYOFF
1303242,56.50,STAYOFF
1305242,56.50,STAYOFF
1307243,56.50,STAYOFF
1309243,56.50,STAYOFF
1311243,56.44,STAYOFF
1313244,56.44,STAYOFF
1315243,56.44,STAYOFF
1317243,56.44,STAYOFF
1319242,56.44,STAYOFF
1321243,56.44,STAYOFF
1323241,56.44,STAYOFF
1325242,56.44,STAYOFF
1327241,56.44,STAYOFF
1329242,56.38,STAYOFF
1331240,56.38,STAYOFF
1333241,56.31,STAYOFF
1335240,56.31,STAYOFF
1337241,56.25,STAYOFF
1339240,56.19,STAYOFF
1341241,56.19,STAYOFF
1343240,56.13,STAYOFF
1345241,56.13,STAYOFF
1347239,56.13,STAYOFF
1349240,56.06,STAYOFF
1351239,56.00,STAYOFF
1353239,56.00,STAYOFF
1355239,55.94,STAYOFF
1357240,55.94,STAYOFF
1359239,55.88,STAYOFF
1361239,55.88,STAYOFF
1363238,55.88,STAYOFF
1365238,55.81,STAYOFF
1367239,55.81,STAYOFF
1369238,55.81,STAYOFF
1371239,55.75,STAYOFF
1373238,55.75,STAYOFF
1375239,55.75,STAYOFF
1377238,55.75,STAYOFF
1379237,55.69,STAYOFF
1381238,55.69,STAYOFF
1383238,55.69,STAYOFF
1385238,55.69,STAYOFF
1387237,55.69,STAYOFF
1389238,55.69,STAYOFF
1391237,55.69,STAYOFF
1393236,55.63,STAYOFF
1395237,55.63,STAYOFF
1397237,55.63,STAYOFF
1399238,55.63,STAYOFF
1401236,55.63,STAYOFF
1403237,55.56,STAYOFF
1405236,55.56,STAYOFF
1407236,55.56,STAYOFF
1409235,55.56,STAYOFF
1411235,55.56,STAYOFF
1413236,55.56,STAYOFF
1415236,55.50,STAYOFF
1417237,55.50,STAYOFF
1419236,55.50,STAYOFF
1421237,55.50,STAYOFF
1423236,55.50,STAYOFF
1425235,55.50,STAYOFF
1427236,55.50,STAYOFF
1429236,55.44,STAYOFF
1431237,55.44,STAYOFF
1433235,55.44,STAYOFF
1435236,55.44,STAYOFF
1437235,55.44,STAYOFF
1439235,55.44,STAYOFF
1441235,55.38,STAYOFF
1443235,55.38,STAYOFF
1445236,55.38,STAYOFF
1447235,55.38,STAYOFF
1449236,55.38,STAYOFF
1451235,55.38,STAYOFF
1453235,55.38,STAYOFF
1455236,55.38,STAYOFF
1457235,55.31,STAYOFF
1459236,55.31,STAYOFF
1461235,55.31,STAYOFF
1463235,55.31,STAYOFF
1465236,55.31,STAYOFF
1467236,55.31,STAYOFF
1469237,55.31,STAYOFF
1471236,55.25,STAYOFF
1473235,55.31,STAYOFF
1475236,55.25,STAYOFF
1477235,55.25,STAYOFF
1479235,55.25,STAYOFF
1481236,55.25,STAYOFF
1483236,55.25,STAYOFF
1485236,55.19,STAYOFF
1487237,55.19,STAYOFF
1489236,55.19,STAYOFF
1491237,55.19,STAYOFF
1493236,55.19,STAYOFF
1495236,55.19,STAYOFF
1497237,55.19,STAYOFF
1499236,55.19,STAYOFF
1501236,55.19,STAYOFF
1503237,55.19,STAYOFF
1505236,55.13,STAYOFF
1507236,55.13,STAYOFF
1509237,55.13,STAYOFF
1511237,55.13,STAYOFF
1513237,55.13,STAYOFF
1515236,55.13,STAYOFF
1517236,55.13,STAYOFF
1519237,55.06,STAYOFF
1521236,55.06,STAYOFF
1523236,55.06,STAYOFF
1525237,55.06,STAYOFF
1527237,55.06,STAYOFF
1529236,55.06,STAYOFF
1531237,55.06,STAYOFF
1533237,55.06,STAYOFF
1535238,55.00,STAYOFF
1537236,55.00,STAYOFF
1539236,55.00,STAYOFF
1541237,55.00,STAYOFF
1543236,55.00,STAYOFF
1545236,55.00,STAYOFF
1547237,55.00,STAYOFF
1549237,55.00,STAYOFF
1551237,54.94,STAYOFF
1553238,54.94,STAYOFF
1555237,54.94,STAYOFF
1557237,54.94,STAYOFF
1559238,54.94,STAYOFF
1561237,54.94,STAYOFF
1563238,54.94,STAYOFF
1565237,54.94,STAYOFF
1567237,54.88,STAYOFF
1569238,54.88,STAYOFF
1571236,54.88,STAYOFF
1573236,54.88,STAYOFF
1575237,54.88,STAYOFF
1577236,54.88,STAYOFF
1579236,54.88,STAYOFF
1581237,54.88,STAYOFF
1583237,54.81,STAYOFF
1585238,54.81,STAYOFF
1587236,54.81,STAYOFF
1589236,54.81,STAYOFF
1591237,54.81,STAYOFF
1593235,54.81,STAYOFF
1595235,54.81,STAYOFF
1597235,54.81,STAYOFF
1599236,54.81,STAYOFF
1601235,54.75,STAYOFF
1603235,54.75,STAYOFF
1605236,54.75,STAYOFF
1607236,54.75,STAYOFF
1609236,54.75,STAYOFF
1611237,54.75,STAYOFF
1613237,54.75,STAYOFF
1615237,54.75,STAYOFF
1617236,54.75,STAYOFF
1619237,54.69,STAYOFF
1621237,54.69,STAYOFF
1623237,54.69,STAYOFF
1625237,54.69,STAYOFF
1627237,54.69,STAYOFF
1629237,54.69,STAYOFF
1631238,54.69,STAYOFF
1633236,54.63,STAYOFF
1635236,54.63,STAYOFF
1637236,54.63,STAYOFF
1639237,54.63,STAYOFF
1641236,54.63,STAYOFF
1643236,54.63,STAYOFF
1645237,54.63,STAYOFF
1647237,54.63,STAYOFF
1649236,54.63,STAYOFF
1651237,54.56,STAYOFF
1653236,54.56,STAYOFF
1655236,54.56,STAYOFF
1657236,54.56,STAYOFF
1659237,54.56,STAYOFF
1661237,54.56,STAYOFF
1663237,54.56,STAYOFF
1665238,54.56,STAYOFF
1667236,54.50,STAYOFF
1669236,54.50,STAYOFF
1671236,54.50,STAYOFF
1673237,54.50,STAYOFF
1675237,54.50,STAYOFF
1677237,54.50,STAYOFF
1679238,54.50,STAYOFF
1681238,54.50,STAYOFF
1683237,54.50,STAYOFF
1685237,54.50,STAYOFF
1687237,54.44,STAYOFF
1689236,54.44,STAYOFF
1691236,54.44,STAYOFF
1693237,54.44,STAYOFF
1695237,54.44,STAYOFF
1697236,54.44,STAYOFF
1699237,54.44,STAYOFF
1701236,54.44,STAYOFF
1703236,54.44,STAYOFF
1705236,54.38,STAYOFF
1707237,54.38,STAYOFF
1709237,54.38,STAYOFF
1711237,54.38,STAYOFF
1713236,54.44,STAYOFF
1715237,54.44,STAYOFF
1717237,54.50,STAYOFF
1719237,54.56,STAYOFF
1721237,54.56,STAYOFF
1723237,54.56,STAYOFF
1725237,54.56,STAYOFF
1727237,54.56,STAYOFF
1729236,54.50,STAYOFF
1731236,54.50,STAYOFF
1733236,54.50,STAYOFF
1735237,54.44,STAYOFF
1737236,54.44,STAYOFF
1739236,54.44,STAYOFF
1741237,54.38,STAYOFF
1743236,54.38,STAYOFF
1745235,54.31,STAYOFF
1747235,54.31,STAYOFF
1749236,54.25,STAYOFF
1751235,54.25,STAYOFF
1753235,54.25,STAYOFF
1755235,54.19,STAYOFF
1757235,54.19,STAYOFF
1759236,54.19,STAYOFF
1761235,54.19,STAYOFF
1763235,54.13,STAYOFF
1765235,54.13,STAYOFF
1767236,54.06,STAYOFF
1769236,54.06,STAYOFF
1771236,54.00,STAYOFF
1773236,54.00,STAYOFF
1775236,54.00,STAYOFF
1777236,54.00,STAYOFF
1779236,53.94,STAYOFF
1781236,53.94,STAYOFF
1783236,53.94,STAYOFF
1785237,53.94,STAYOFF
1787237,53.94,STAYOFF
1789237,53.88,STAYOFF
1791237,53.88,STAYOFF
1793236,53.88,STAYOFF
1795236,53.88,STAYOFF
1797237,53.88,STAYOFF
1799237,53.88,STAYOFF
1801236,53.81,STAYOFF
1803236,53.81,STAYOFF
1805236,53.81,STAYOFF
1807236,53.81,STAYOFF
1809236,53.81,STAYOFF
1811236,53.75,STAYOFF
1813236,53.75,STAYOFF
1815236,53.75,STAYOFF
1817236,53.75,STAYOFF
1819236,53.75,STAYOFF
1821237,53.69,STAYOFF
1823237,53.69,STAYOFF
1825236,53.69,STAYOFF
1827236,53.69,STAYOFF
1829236,53.69,STAYOFF
1831236,53.69,STAYOFF
1833236,53.69,STAYOFF
1835238,53.69,STAYOFF
1837238,53.63,STAYOFF
1839238,53.63,STAYOFF
1841238,53.63,STAYOFF
1843237,53.63,STAYOFF
1845237,53.63,STAYOFF
1847238,53.63,STAYOFF
1849237,53.63,STAYOFF
1851237,53.56,STAYOFF
1853237,53.56,STAYOFF
1855237,53.56,STAYOFF
1857236,53.56,STAYOFF
1859237,53.56,STAYOFF
1861237,53.56,STAYOFF
1863237,53.56,STAYOFF
1865236,53.56,STAYOFF
1867236,53.56,STAYOFF
1869236,53.50,STAYOFF
1871237,53.50,STAYOFF
1873236,53.50,STAYOFF
1875236,53.50,STAYOFF
1877236,53.50,STAYOFF
1879236,53.50,STAYOFF
1881236,53.50,STAYOFF
1883236,53.50,STAYOFF
1885238,53.50,STAYOFF
1887238,53.50,STAYOFF
1889238,53.44,STAYOFF
1891237,53.44,STAYOFF
1893237,53.44,STAYOFF
1895237,53.44,STAYOFF
1897237,53.44,STAYOFF
1899237,53.44,STAYOFF
1901237,53.44,STAYOFF
1903237,53.44,STAYOFF
1905236,53.38,STAYOFF
1907236,53.38,STAYOFF
1909236,53.38,STAYOFF
1911237,53.38,STAYOFF
1913236,53.38,STAYOFF
1915236,53.38,STAYOFF
1917236,53.38,STAYOFF
1919236,53.38,STAYOFF
1921235,53.38,STAYOFF
1923235,53.38,STAYOFF
1925235,53.38,STAYOFF
1927236,53.38,STAYOFF
1929236,53.38,STAYOFF
1931236,53.38,STAYOFF
1933236,53.38,STAYOFF
1935236,53.31,STAYOFF
1937235,53.31,STAYOFF
1939235,53.31,STAYOFF
1941235,53.25,STAYOFF
1943235,53.25,STAYOFF
1945236,53.25,STAYOFF
1947238,53.19,STAYOFF
1949238,53.19,STAYOFF
1951238,53.13,STAYOFF
1953238,53.13,STAYOFF
1955237,53.13,STAYOFF
1957237,53.13,STAYOFF
1959237,53.06,STAYOFF
1961236,53.06,STAYOFF
1963236,53.06,STAYOFF
1965236,53.06,STAYOFF
1967237,53.00,STAYOFF
1969239,53.00,STAYOFF
1971238,53.00,STAYOFF
1973238,53.00,STAYOFF
1975238,53.00,STAYOFF
1977237,52.94,STAYOFF
1979237,52.94,STAYOFF
1981237,52.94,STAYOFF
1983237,52.94,STAYOFF
1985236,52.94,STAYOFF
1987236,52.88,STAYOFF
1989236,52.88,STAYOFF
1991238,52.88,STAYOFF
1993237,52.88,STAYOFF
1995237,52.88,STAYOFF
1997237,52.88,STAYOFF
1999237,52.88,STAYOFF
2001236,52.81,STAYOFF
2003236,52.81,STAYOFF
2005236,52.81,STAYOFF
2007236,52.81,STAYOFF
2009236,52.81,STAYOFF
2011236,52.81,STAYOFF
2013236,52.81,STAYOFF
2015236,52.81,STAYOFF
2017235,52.75,STAYOFF
2019235,52.75,STAYOFF
2021235,52.75,STAYOFF
2023235,52.75,STAYOFF
2025235,52.75,STAYOFF
2027235,52.75,STAYOFF
2029235,52.75,STAYOFF
2031235,52.69,STAYOFF
2033234,52.69,STAYOFF
2035234,52.69,STAYOFF
2037235,52.69,STAYOFF
2039236,52.69,STAYOFF
2041237,52.69,STAYOFF
2043238,52.69,STAYOFF
2045239,52.69,STAYOFF
2047240,52.69,STAYOFF
2049241,52.63,STAYOFF
2051241,52.63,STAYOFF
2053242,52.63,STAYOFF
2055243,52.63,STAYOFF
2057244,52.63,STAYOFF
2059245,52.63,STAYOFF
2061246,52.63,STAYOFF
2063247,52.56,STAYOFF
2065248,52.56,STAYOFF
2067249,52.56,STAYOFF
2069250,52.56,STAYOFF
2071250,52.56,STAYOFF
2073251,52.56,STAYOFF
2075252,52.56,STAYOFF
2077253,52.56,STAYOFF
2079253,52.56,STAYOFF
2081254,52.50,STAYOFF
2083255,52.56,STAYOFF
2085256,52.50,STAYOFF
2087257,52.50,STAYOFF
2089257,52.50,STAYOFF
2091258,52.50,STAYOFF
2093259,52.50,STAYOFF
2095260,52.50,STAYOFF
2097261,52.50,STAYOFF
2099262,52.44,STAYOFF
2101263,52.44,STAYOFF
2103264,52.44,STAYOFF
2105265,52.44,STAYOFF
2107266,52.44,STAYOFF
2109266,52.44,STAYOFF
2111267,52.44,STAYOFF
2113268,52.44,STAYOFF
2115269,52.44,STAYOFF
2117269,52.38,STAYOFF
2119270,52.38,STAYOFF
2121271,52.38,STAYOFF
2123272,52.38,STAYOFF
2125273,52.38,STAYOFF
2127273,52.38,STAYOFF
2129273,52.38,STAYOFF
2131273,52.38,STAYOFF
2133274,52.38,STAYOFF
2135275,52.38,STAYOFF
2137275,52.38,STAYOFF
2139275,52.31,STAYOFF
2141275,52.31,STAYOFF
2143275,52.31,STAYOFF
2145274,52.31,STAYOFF
2147274,52.31,STAYOFF
2149274,52.31,STAYOFF
2151274,52.31,STAYOFF
2153274,52.31,STAYOFF
2155274,52.31,STAYOFF
2157274,52.25,STAYOFF
2159273,52.25,STAYOFF
2161273,52.25,STAYOFF
2163273,52.25,STAYOFF
2165273,52.25,STAYOFF
2167273,52.25,STAYOFF
2169273,52.25,STAYOFF
2171273,52.25,STAYOFF
2173273,52.25,STAYOFF
2175272,52.19,STAYOFF
2177272,52.19,STAYOFF
2179272,52.19,STAYOFF
2181271,52.19,STAYOFF
2183271,52.19,STAYOFF
2185272,52.19,STAYOFF
2187273,52.19,STAYOFF
2189274,52.19,STAYOFF
2191275,52.19,STAYOFF
2193274,52.13,STAYOFF
2195274,52.13,STAYOFF
2197274,52.13,STAYOFF
2199274,52.13,STAYOFF
2201274,52.13,STAYOFF
2203274,52.13,STAYOFF
2205274,52.13,STAYOFF
2207273,52.13,STAYOFF
2209273,52.13,STAYOFF
2211273,52.13,STAYOFF
2213273,52.06,STAYOFF
2215273,52.06,STAYOFF
2217273,52.06,STAYOFF
2219273,52.06,STAYOFF
2221273,52.06,STAYOFF
2223272,52.06,STAYOFF
2225272,52.06,STAYOFF
2227272,52.06,STAYOFF
2229271,52.06,STAYOFF
2231272,52.06,STAYOFF
2233273,52.00,STAYOFF
2235274,52.00,STAYOFF
2237274,52.00,STAYOFF
2239273,52.00,STAYOFF
2241273,52.00,STAYOFF
2243273,52.00,STAYOFF
2245273,52.00,STAYOFF
2247273,52.00,STAYOFF
2249273,52.00,STAYOFF
2251273,51.94,STAYOFF
2253273,51.94,STAYOFF
2255272,51.94,STAYOFF
2257272,51.94,STAYOFF
2259272,51.94,STAYOFF
2261272,51.94,STAYOFF
2263272,51.94,STAYOFF
2265272,51.94,STAYOFF
2267272,51.94,STAYOFF
2269272,51.88,STAYOFF
2271270,51.88,STAYOFF
2273270,51.88,STAYOFF
2275271,51.88,STAYOFF
2277272,51.88,STAYOFF
2279273,51.88,STAYOFF
2281274,51.88,STAYOFF
2283274,51.88,STAYOFF
2285274,51.88,STAYOFF
2287273,51.88,STAYOFF
2289273,51.88,STAYOFF
2291273,51.88,STAYOFF
2293273,51.81,STAYOFF
2295273,51.81,STAYOFF
2297273,51.81,STAYOFF
2299273,51.81,STAYOFF
2301273,51.81,STAYOFF
2303272,51.81,STAYOFF
2305272,51.81,STAYOFF
2307272,51.81,STAYOFF
2309272,51.81,STAYOFF
2311272,51.75,STAYOFF
2313271,51.75,STAYOFF
2315272,51.75,STAYOFF
2317273,51.75,STAYOFF
2319272,51.75,STAYOFF
2321272,51.75,STAYOFF
2323272,51.75,STAYOFF
2325272,51.75,STAYOFF
2327272,51.75,STAYOFF
2329272,51.69,STAYOFF
2331271,51.69,STAYOFF
2333272,51.69,STAYOFF
2335272,51.69,STAYOFF
2337272,51.69,STAYOFF
2339272,51.69,STAYOFF
2341272,51.69,STAYOFF
2343272,51.69,STAYOFF
2345272,51.69,STAYOFF
2347272,51.69,STAYOFF
2349271,51.69,STAYOFF
2351271,51.63,STAYOFF
2353272,51.63,STAYOFF
2355272,51.63,STAYOFF
2357272,51.63,STAYOFF
2359272,51.63,STAYOFF
2361272,51.63,STAYOFF
2363272,51.63,STAYOFF
2365272,51.63,STAYOFF
2367270,51.63,STAYOFF
2369271,51.56,STAYOFF
2371272,51.56,STAYOFF
2373273,51.56,STAYOFF
2375273,51.56,STAYOFF
2377273,51.56,STAYOFF
2379273,51.56,STAYOFF
2381273,51.56,STAYOFF
2383272,51.56,STAYOFF
2385271,51.56,STAYOFF
2387272,51.56,STAYOFF
2389273,51.50,STAYOFF
2391274,51.50,STAYOFF
2393274,51.50,STAYOFF
2395274,51.50,STAYOFF
2397274,51.50,STAYOFF
2399273,51.50,STAYOFF
2401273,51.50,STAYOFF
2403272,51.50,STAYOFF
2405273,51.50,STAYOFF
2407274,51.50,STAYOFF
2409274,51.50,STAYOFF
2411274,51.44,STAYOFF
2413274,51.44,STAYOFF
2415273,51.44,STAYOFF
2417273,51.44,STAYOFF
2419273,51.44,STAYOFF
2421272,51.44,STAYOFF
2423273,51.44,STAYOFF
2425274,51.44,STAYOFF
2427274,51.44,STAYOFF
2429274,51.44,STAYOFF
2431273,51.44,STAYOFF
2433273,51.38,STAYOFF
2435273,51.38,STAYOFF
2437273,51.38,STAYOFF
2439272,51.38,STAYOFF
2441273,51.38,STAYOFF
2443274,51.38,STAYOFF
2445274,51.38,STAYOFF
2447273,51.38,STAYOFF
2449273,51.38,STAYOFF
2451273,51.31,STAYOFF
2453273,51.31,STAYOFF
2455273,51.31,STAYOFF
2457272,51.31,STAYOFF
2459273,51.31,STAYOFF
2461274,51.31,STAYOFF
2463275,51.31,STAYOFF
2465274,51.31,STAYOFF
2467274,51.31,STAYOFF
2469274,51.31,STAYOFF
2471274,51.31,STAYOFF
2473274,51.25,STAYOFF
2475273,51.25,STAYOFF
2477274,51.25,STAYOFF
2479275,51.25,STAYOFF
2481274,51.25,STAYOFF
2483274,51.25,STAYOFF
2485274,51.25,STAYOFF
2487274,51.25,STAYOFF
2489273,51.25,STAYOFF
2491273,51.25,STAYOFF
2493274,51.19,STAYOFF
2495275,51.19,STAYOFF
2497274,51.19,STAYOFF
2499274,51.19,STAYOFF
2501274,51.19,STAYOFF
2503273,51.19,STAYOFF
2505274,51.19,STAYOFF
2507275,51.19,STAYOFF
2509275,51.19,STAYOFF
2511275,51.19,STAYOFF
2513274,51.19,STAYOFF
2515274,51.13,STAYOFF
2517273,51.13,STAYOFF
2519274,51.13,STAYOFF
2521275,51.13,STAYOFF
2523275,51.13,STAYOFF
2525275,51.13,STAYOFF
2527275,51.13,STAYOFF
2529273,51.13,STAYOFF
2531274,51.06,STAYOFF
2533275,51.13,STAYOFF
2535274,51.06,STAYOFF
2537274,51.06,STAYOFF
2539274,51.06,STAYOFF
2541273,51.06,STAYOFF
2543273,51.06,STAYOFF
2545274,51.06,STAYOFF
2547274,51.06,STAYOFF
2549274,51.06,STAYOFF
2551273,51.00,STAYOFF
2553274,51.06,STAYOFF
2555275,51.00,STAYOFF
2557275,51.00,STAYOFF
2559275,51.00,STAYOFF
2561273,51.00,STAYOFF
2563274,51.00,STAYOFF
2565275,51.00,STAYOFF
2567274,51.00,STAYOFF
2569274,51.00,STAYOFF
2571274,51.00,STAYOFF
2573273,50.94,STAYOFF
2575273,51.00,STAYOFF
2577274,50.94,STAYOFF
2579274,50.94,STAYOFF
2581274,50.94,STAYOFF
2583273,50.94,STAYOFF
2585274,50.94,STAYOFF
2587275,50.94,STAYOFF
2589275,50.94,STAYOFF
2591275,50.94,STAYOFF
2593274,50.94,STAYOFF
2595273,50.94,STAYOFF
2597274,50.88,STAYOFF
2599275,50.88,STAYOFF
2601275,50.88,STAYOFF
2603275,50.88,STAYOFF
2605274,50.88,STAYOFF
2607275,50.88,STAYOFF
2609275,50.88,STAYOFF
2611275,50.88,STAYOFF
2613275,50.88,STAYOFF
2615274,50.88,STAYOFF
2617273,50.81,STAYOFF
2619274,50.81,STAYOFF
2621275,50.81,STAYOFF
2623275,50.81,STAYOFF
2625274,50.81,STAYOFF
2627273,50.81,STAYOFF
2629274,50.81,STAYOFF
2631275,50.81,STAYOFF
2633275,50.81,STAYOFF
2635275,50.81,STAYOFF
2637275,50.75,STAYOFF
2639273,50.75,STAYOFF
2641274,50.75,STAYOFF
2643275,50.75,STAYOFF
2645275,50.75,STAYOFF
2647274,50.75,STAYOFF
2649274,50.75,STAYOFF
2651273,50.75,STAYOFF
2653274,50.75,STAYOFF
2655275,50.75,STAYOFF
2657274,50.75,STAYOFF
2659274,50.75,STAYOFF
2661273,50.75,STAYOFF
2663274,50.75,STAYOFF
2665275,50.75,STAYOFF
2667275,50.75,STAYOFF
2669275,50.75,STAYOFF
2671275,50.75,STAYOFF
2673273,50.75,STAYOFF
2675274,50.69,STAYOFF
2677275,50.69,STAYOFF
2679274,50.69,STAYOFF
2681273,50.63,STAYOFF
2683274,50.63,STAYOFF
2685275,50.63,STAYOFF
2687275,50.56,STAYOFF
2689273,50.56,STAYOFF
2691274,50.56,STAYOFF
2693275,50.56,STAYOFF
2695274,50.56,STAYOFF
2697273,50.50,STAYOFF
2699274,50.50,STAYOFF
2701275,50.50,STAYOFF
2703275,50.50,STAYOFF
2705273,50.44,STAYOFF
2707274,50.44,STAYOFF
2709275,50.44,STAYOFF
2711274,50.44,STAYOFF
2713273,50.44,STAYOFF
2715274,50.44,STAYOFF
2717275,50.38,STAYOFF
2719275,50.38,STAYOFF
2721273,50.38,STAYOFF
2723274,50.38,STAYOFF
2725275,50.38,STAYOFF
2727274,50.38,STAYOFF
2729273,50.38,STAYOFF
2731273,50.38,STAYOFF
2733274,50.31,STAYOFF
2735273,50.31,STAYOFF
2737273,50.31,STAYOFF
2739272,50.31,STAYOFF
2741273,50.31,STAYOFF
2743273,50.31,STAYOFF
2745273,50.31,STAYOFF
2747272,50.31,STAYOFF
2749273,50.25,STAYOFF
2751273,50.25,STAYOFF
2753273,50.25,STAYOFF
2755272,50.25,STAYOFF
2757273,50.25,STAYOFF
2759274,50.25,STAYOFF
2761274,50.25,STAYOFF
2763273,50.25,STAYOFF
2765274,50.25,STAYOFF
2767275,50.19,STAYOFF
2769274,50.19,STAYOFF
2771273,50.19,STAYOFF
2773274,50.19,STAYOFF
2775275,50.19,STAYOFF
2777274,50.19,STAYOFF
2779274,50.19,STAYOFF
2781275,50.19,STAYOFF
2783275,50.19,STAYOFF
2785274,50.19,STAYOFF
2787273,50.19,STAYOFF
2789274,50.13,STAYOFF
2791274,50.13,STAYOFF
2793273,50.13,STAYOFF
2795274,50.13,STAYOFF
2797275,50.13,STAYOFF
2799273,50.13,STAYOFF
2801273,50.13,STAYOFF
2803274,50.13,STAYOFF
2805274,50.13,STAYOFF
2807273,50.06,STAYOFF
2809274,50.06,STAYOFF
2811275,50.06,STAYOFF
2813274,50.06,STAYOFF
2815275,50.06,STAYOFF
2817275,50.06,STAYOFF
2819274,50.06,STAYOFF
2821275,50.06,STAYOFF
2823275,50.06,STAYOFF
2825274,50.06,STAYOFF
2827275,50.06,STAYOFF
2829276,50.00,STAYOFF
2831275,50.00,STAYOFF
2833275,50.00,STAYOFF
2835276,50.00,STAYOFF
2837275,50.00,STAYOFF
2839275,50.00,STAYOFF
2841276,50.00,STAYOFF
2843275,50.00,STAYOFF
2845276,50.00,STAYOFF
2847277,50.00,STAYOFF
2849275,50.00,STAYOFF
2851275,50.00,STAYOFF
2853276,50.00,STAYOFF
2855275,49.94,STAYOFF
2857274,49.94,STAYOFF
2859275,49.94,STAYOFF
2861275,49.94,STAYOFF
2863273,49.94,STAYOFF
2865274,49.94,STAYOFF
2867275,49.94,STAYOFF
2869274,49.94,STAYOFF
2871275,49.94,STAYOFF
2873276,49.88,STAYOFF
2875275,49.88,STAYOFF
2877276,49.88,STAYOFF
2879277,49.88,STAYOFF
2881275,49.88,STAYOFF
2883276,49.88,STAYOFF
2885277,49.88,STAYOFF
2887276,49.88,STAYOFF
2889277,49.88,STAYOFF
2891278,49.88,STAYOFF
2893277,49.81,STAYOFF
2895278,49.88,STAYOFF
2897278,49.81,STAYOFF
2899278,49.81,STAYOFF
2901277,49.81,STAYOFF
2903278,49.81,STAYOFF
2905278,49.81,STAYOFF
2907277,49.81,STAYOFF
2909278,49.81,STAYOFF
2911278,49.81,STAYOFF
2913276,49.81,STAYOFF
2915277,49.81,STAYOFF
2917278,49.75,STAYOFF
2919277,49.75,STAYOFF
2921278,49.75,STAYOFF
2923279,49.75,STAYOFF
2925278,49.75,STAYOFF
2927279,49.75,STAYOFF
2929280,49.75,STAYOFF
2931278,49.75,STAYOFF
2933279,49.75,STAYOFF
2935280,49.75,STAYOFF
2937279,49.75,STAYOFF
2939278,49.75,STAYOFF
2941279,49.75,STAYOFF
2943279,49.69,STAYOFF
2945277,49.69,STAYOFF
2947278,49.69,STAYOFF
2949278,49.69,STAYOFF
2951277,49.69,STAYOFF
2953278,49.69,STAYOFF
2955279,49.69,STAYOFF
2957278,49.69,STAYOFF
2959279,49.69,STAYOFF
2961278,49.69,STAYOFF
2963277,49.63,STAYOFF
2965278,49.63,STAYOFF
2967278,49.63,STAYOFF
2969277,49.63,STAYOFF
2971278,49.63,STAYOFF
2973278,49.63,STAYOFF
2975277,49.63,STAYOFF
2977277,49.63,STAYOFF
2979277,49.63,STAYOFF
2981276,49.63,STAYOFF
2983277,49.63,STAYOFF
2985277,49.63,STAYOFF
2987276,49.56,STAYOFF
2989277,49.56,STAYOFF
2991276,49.56,STAYOFF
2993276,49.56,STAYOFF
2995277,49.56,STAYOFF
2997276,49.56,STAYOFF
2999277,49.56,STAYOFF
3001276,49.56,STAYOFF
3003276,49.56,STAYOFF
3005277,49.56,STAYOFF
3007276,49.50,STAYOFF
3009276,49.50,STAYOFF
3011277,49.50,STAYOFF
3013276,49.50,STAYOFF
3015277,49.50,STAYOFF
3017276,49.50,STAYOFF
3019277,49.50,STAYOFF
3021278,49.50,STAYOFF
3023277,49.50,STAYOFF
3025277,49.50,STAYOFF
3027276,49.50,STAYOFF
3029276,49.50,STAYOFF
3031277,49.50,STAYOFF
3033276,49.56,STAYOFF
3035277,49.50,STAYOFF
3037278,49.56,STAYOFF
3039277,49.63,STAYOFF
3041277,49.63,STAYOFF
3043276,49.63,STAYOFF
3045277,49.69,STAYOFF
3047278,49.63,STAYOFF
3049277,49.63,STAYOFF
3051278,49.63,STAYOFF
3053278,49.63,STAYOFF
3055277,49.56,STAYOFF
3057277,49.56,STAYOFF
3059276,49.50,STAYOFF
3061277,49.50,STAYOFF
3063278,49.50,STAYOFF
3065277,49.44,STAYOFF
3067278,49.38,STAYOFF
3069277,49.31,STAYOFF
3071278,49.31,STAYOFF
3073278,49.25,STAYOFF
3075277,49.25,STAYOFF
3077278,49.19,STAYOFF
3079277,49.19,STAYOFF
3081278,49.19,STAYOFF
3083278,49.13,STAYOFF
3085278,49.13,STAYOFF
3087279,49.13,STAYOFF
3089277,49.06,STAYOFF
3091278,49.06,STAYOFF
3093277,49.06,STAYOFF
3095278,49.00,STAYOFF
3097277,49.00,STAYOFF
3099278,49.00,STAYOFF
3101278,49.00,STAYOFF
3103279,49.00,STAYOFF
3105278,49.00,STAYOFF
3107279,49.00,STAYOFF
3109280,49.00,STAYOFF
3111279,49.00,STAYOFF
3113280,48.94,STAYOFF
3115279,48.94,STAYOFF
3117280,48.94,STAYOFF
3119279,48.94,STAYOFF
3121280,48.94,STAYOFF
3123278,48.94,STAYOFF
3125279,48.94,STAYOFF
3127279,48.94,STAYOFF
3129280,48.94,STAYOFF
3131281,48.94,STAYOFF
3133280,48.88,STAYOFF
3135281,48.88,STAYOFF
3137280,48.88,STAYOFF
3139280,48.88,STAYOFF
3141279,48.88,STAYOFF
3143280,48.81,STAYOFF
3145278,48.81,STAYOFF
3147279,48.81,STAYOFF
3149280,48.81,STAYOFF
3151279,48.81,STAYOFF
3153280,48.81,STAYOFF
3155278,48.81,STAYOFF
3157279,48.81,STAYOFF
3159278,48.75,STAYOFF
3161279,48.75,STAYOFF
3163278,48.75,STAYOFF
3165279,48.75,STAYOFF
3167279,48.75,STAYOFF
3169280,48.75,STAYOFF
3171280,48.75,STAYOFF
3173279,48.69,STAYOFF
3175280,48.69,STAYOFF
3177278,48.69,STAYOFF
3179279,48.69,STAYOFF
3181278,48.69,STAYOFF
3183279,48.69,STAYOFF
3185278,48.69,STAYOFF
3187279,48.69,STAYOFF
3189279,48.63,STAYOFF
3191280,48.63,STAYOFF
3193279,48.63,STAYOFF
3195280,48.63,STAYOFF
3197280,48.63,STAYOFF
3199281,48.63,STAYOFF
3201281,48.63,STAYOFF
3203281,48.63,STAYOFF
3205281,48.63,STAYOFF
3207282,48.56,STAYOFF
3209282,48.56,STAYOFF
3211283,48.56,STAYOFF
3213282,48.56,STAYOFF
3215283,48.56,STAYOFF
3217282,48.56,STAYOFF
3219282,48.56,STAYOFF
3221281,48.50,STAYOFF
3223282,48.56,STAYOFF
3225281,48.56,STAYOFF
3227282,48.50,STAYOFF
3229281,48.50,STAYOFF
3231282,48.50,STAYOFF
3233281,48.50,STAYOFF
3235281,48.50,STAYOFF
3237280,48.50,STAYOFF
3239281,48.50,STAYOFF
3241279,48.50,STAYOFF
3243280,48.44,STAYOFF
3245279,48.44,STAYOFF
3247280,48.44,STAYOFF
3249278,48.44,STAYOFF
3251278,48.44,STAYOFF
3253279,48.44,STAYOFF
3255279,48.44,STAYOFF
3257280,48.44,STAYOFF
3259280,48.44,STAYOFF
3261281,48.44,STAYOFF
3263281,48.38,STAYOFF
3265282,48.38,STAYOFF
3267280,48.38,STAYOFF
3269281,48.38,STAYOFF
3271280,48.38,STAYOFF
3273280,48.38,STAYOFF
3275279,48.38,STAYOFF
3277280,48.38,STAYOFF
3279279,48.38,STAYOFF
3281280,48.31,STAYOFF
3283278,48.31,STAYOFF
3285279,48.31,STAYOFF
3287278,48.31,STAYOFF
3289279,48.31,STAYOFF
3291278,48.31,STAYOFF
3293279,48.31,STAYOFF
3295278,48.31,STAYOFF
3297278,48.31,STAYOFF
3299277,48.31,STAYOFF
3301278,48.31,STAYOFF
3303277,48.31,STAYOFF
3305278,48.25,STAYOFF
3307277,48.31,STAYOFF
3309277,48.25,STAYOFF
3311277,48.25,STAYOFF
3313276,48.25,STAYOFF
3315277,48.25,STAYOFF
3317277,48.25,STAYOFF
3319278,48.25,STAYOFF
3321278,48.25,STAYOFF
3323279,48.25,STAYOFF
3325279,48.25,STAYOFF
3327280,48.19,STAYOFF
3329278,48.25,STAYOFF
3331279,48.19,STAYOFF
3333278,48.19,STAYOFF
3335279,48.25,STAYOFF
3337278,48.31,STAYOFF
3339279,48.38,STAYOFF
3341278,48.38,STAYOFF
3343279,48.38,STAYOFF
3345277,48.44,STAYOFF
3347278,48.44,STAYOFF
3349277,48.44,STAYOFF
3351278,48.44,STAYOFF
3353277,48.38,STAYOFF
3355278,48.38,STAYOFF
3357277,48.38,STAYOFF
3359278,48.38,STAYOFF
3361276,48.31,STAYOFF
3363277,48.31,STAYOFF
3365276,48.25,STAYOFF
3367276,48.25,STAYOFF
3369276,48.19,STAYOFF
3371276,48.19,STAYOFF
3373277,48.19,STAYOFF
3375277,48.13,STAYOFF
3377277,48.13,STAYOFF
3379277,48.06,STAYOFF
3381278,48.06,STAYOFF
3383277,48.06,STAYOFF
3385277,48.06,STAYOFF
3387278,48.00,STAYOFF
3389278,48.00,STAYOFF
3391279,48.00,STAYOFF
3393277,47.94,STAYOFF
3395277,47.94,STAYOFF
3397278,47.94,STAYOFF
3399278,47.88,STAYOFF
3401279,47.88,STAYOFF
3403278,47.88,STAYOFF
3405278,47.81,STAYOFF
3407279,47.81,STAYOFF
3409278,47.81,STAYOFF
3411279,47.81,STAYOFF
3413278,47.81,STAYOFF
3415279,47.75,STAYOFF
3417278,47.75,STAYOFF
3419278,47.75,STAYOFF
3421279,47.75,STAYOFF
3423279,47.75,STAYOFF
3425280,47.69,STAYOFF
3427278,47.69,STAYOFF
3429278,47.69,STAYOFF
3431279,47.69,STAYOFF
3433279,47.69,STAYOFF
3435280,47.69,STAYOFF
3437279,47.69,STAYOFF
3439279,47.69,STAYOFF
3441280,47.63,STAYOFF
3443279,47.63,STAYOFF
3445280,47.63,STAYOFF
3447279,47.63,STAYOFF
3449280,47.63,STAYOFF
3451279,47.63,STAYOFF
3453279,47.63,STAYOFF
3455280,47.63,STAYOFF
3457280,47.63,STAYOFF
3459280,47.56,STAYOFF
3461279,47.56,STAYOFF
3463279,47.56,STAYOFF
3465280,47.56,STAYOFF
3467280,47.56,STAYOFF
3469281,47.56,STAYOFF
3471280,47.56,STAYOFF
3473280,47.56,STAYOFF
3475280,47.50,STAYOFF
3477279,47.50,STAYOFF
3479279,47.50,STAYOFF
3481280,47.50,STAYOFF
3483280,47.50,STAYOFF
3485280,47.50,STAYOFF
3487281,47.50,STAYOFF
3489281,47.50,STAYOFF
3491280,47.44,STAYOFF
3493281,47.44,STAYOFF
3495281,47.44,STAYOFF
3497281,47.44,STAYOFF
3499282,47.44,STAYOFF
3501282,47.44,STAYOFF
3503282,47.44,STAYOFF
3505283,47.44,STAYOFF
3507282,47.44,STAYOFF
3509282,47.44,STAYOFF
3511283,47.44,STAYOFF
3513283,47.44,STAYOFF
3515283,47.38,STAYOFF
3517284,47.38,STAYOFF
3519284,47.38,STAYOFF
3521284,47.38,STAYOFF
3523284,47.38,STAYOFF
3525284,47.38,STAYOFF
3527284,47.38,STAYOFF
3529285,47.38,STAYOFF
3531284,47.44,STAYOFF
3533284,47.44,STAYOFF
3535285,47.44,STAYOFF
3537285,47.44,STAYOFF
3539284,47.44,STAYOFF
3541284,47.44,STAYOFF
3543284,47.44,STAYOFF
3545285,47.44,STAYOFF
3547283,47.44,STAYOFF
3549283,47.44,STAYOFF
3551284,47.38,STAYOFF
3553283,47.38,STAYOFF
3555282,47.31,STAYOFF
3557283,47.31,STAYOFF
3559283,47.31,STAYOFF
3561283,47.25,STAYOFF
3563284,47.25,STAYOFF
3565284,47.25,STAYOFF
3567284,47.19,STAYOFF
3569285,47.19,STAYOFF
3571284,47.19,STAYOFF
3573284,47.13,STAYOFF
3575285,47.13,STAYOFF
3577285,47.13,STAYOFF
3579284,47.13,STAYOFF
3581285,47.13,STAYOFF
3583285,47.06,STAYOFF
3585285,47.06,STAYOFF
3587286,47.06,STAYOFF
3589285,47.06,STAYOFF
3591285,47.06,STAYOFF
3593286,47.00,STAYOFF
3595285,47.00,STAYOFF
3597285,47.00,STAYOFF
3599286,47.00,STAYOFF
3601286,47.00,STAYOFF
3603286,47.00,STAYOFF
3605286,47.00,STAYOFF
3607285,47.00,STAYOFF
3609285,46.94,STAYOFF
3611284,46.94,STAYOFF
3613285,46.94,STAYOFF
3615285,46.94,STAYOFF
3617285,46.94,STAYOFF
3619286,46.94,STAYOFF
3621284,46.94,STAYOFF
3623284,46.94,STAYOFF
3625284,46.94,STAYOFF
3627285,46.88,STAYOFF
3629285,46.88,STAYOFF
3631285,46.88,STAYOFF
3633286,46.88,STAYOFF
3635284,46.88,STAYOFF
3637284,46.88,STAYOFF
3639284,46.88,STAYOFF
3641285,46.88,STAYOFF
3643284,46.88,STAYOFF
3645284,46.88,STAYOFF
3647284,46.81,STAYOFF
3649284,46.81,STAYOFF
3651283,46.81,STAYOFF
3653283,46.81,STAYOFF
3655284,46.81,STAYOFF
3657284,46.81,STAYOFF
3659284,46.81,STAYOFF
3661284,46.81,STAYOFF
3663285,46.81,STAYOFF
3665285,46.81,STAYOFF
3667284,46.81,STAYOFF
3669285,46.81,STAYOFF
3671284,46.75,STAYOFF
3673284,46.75,STAYOFF
3675284,46.75,STAYOFF
3677285,46.75,STAYOFF
3679285,46.75,STAYOFF
3681285,46.75,STAYOFF
3683284,46.75,STAYOFF
3685284,46.75,STAYOFF
3687284,46.75,STAYOFF
3689284,46.75,STAYOFF
3691285,46.75,STAYOFF
3693285,46.75,STAYOFF
3695285,46.69,STAYOFF
3697285,46.69,STAYOFF
3699286,46.69,STAYOFF
3701285,46.69,STAYOFF
3703285,46.69,STAYOFF
3705286,46.69,STAYOFF
3707284,46.69,STAYOFF
3709284,46.69,STAYOFF
3711284,46.69,STAYOFF
3713285,46.69,STAYOFF
3715284,46.69,STAYOFF
3717284,46.69,STAYOFF
3719284,46.69,STAYOFF
3721285,46.63,STAYOFF
3723284,46.63,STAYOFF
3725284,46.63,STAYOFF
3727285,46.63,STAYOFF
3729284,46.63,STAYOFF
3731283,46.63,STAYOFF
3733283,46.63,STAYOFF
3735284,46.63,STAYOFF
3737284,46.63,STAYOFF
3739284,46.63,STAYOFF
3741285,46.56,STAYOFF
3743284,46.63,STAYOFF
3745284,46.56,STAYOFF
3747283,46.56,STAYOFF
3749284,46.56,STAYOFF
3751284,46.56,STAYOFF
3753284,46.56,STAYOFF
3755284,46.56,STAYOFF
3757285,46.56,STAYOFF
3759285,46.56,STAYOFF
3761285,46.56,STAYOFF
3763286,46.56,STAYOFF
3765284,46.56,STAYOFF
3767284,46.56,STAYOFF
3769284,46.50,STAYOFF
3771285,46.50,STAYOFF
3773285,46.50,STAYOFF
3775285,46.50,STAYOFF
3777286,46.50,STAYOFF
3779284,46.50,STAYOFF
3781284,46.50,STAYOFF
3783284,46.50,STAYOFF
3785285,46.50,STAYOFF
3787284,46.50,STAYOFF
3789284,46.50,STAYOFF
3791284,46.50,STAYOFF
3793285,46.44,STAYOFF
3795284,46.44,STAYOFF
3797284,46.44,STAYOFF
3799285,46.44,STAYOFF
3801284,46.44,STAYOFF
3803284,46.44,STAYOFF
3805284,46.44,STAYOFF
3807285,46.44,STAYOFF
3809285,46.44,STAYOFF
3811284,46.44,STAYOFF
3813284,46.44,STAYOFF
3815285,46.44,STAYOFF
3817285,46.38,STAYOFF
3819284,46.38,STAYOFF
3821284,46.38,STAYOFF
3823285,46.38,STAYOFF
3825285,46.38,STAYOFF
3827284,46.38,STAYOFF
3829284,46.38,STAYOFF
3831285,46.38,STAYOFF
3833285,46.38,STAYOFF
3835284,46.38,STAYOFF
3837284,46.38,STAYOFF
3839285,46.38,STAYOFF
3841285,46.38,STAYOFF
3843284,46.31,STAYOFF
3845284,46.31,STAYOFF
3847285,46.31,STAYOFF
3849285,46.31,STAYOFF
3851284,46.31,STAYOFF
3853284,46.31,STAYOFF
3855285,46.31,STAYOFF
3857285,46.31,STAYOFF
3859284,46.31,STAYOFF
3861284,46.31,STAYOFF
3863284,46.31,STAYOFF
3865285,46.31,STAYOFF
3867284,46.25,STAYOFF
3869284,46.25,STAYOFF
3871284,46.25,STAYOFF
3873284,46.25,STAYOFF
3875284,46.25,STAYOFF
3877284,46.25,STAYOFF
3879284,46.25,STAYOFF
3881284,46.25,STAYOFF
3883285,46.25,STAYOFF
3885285,46.25,STAYOFF
3887285,46.25,STAYOFF
3889285,46.25,STAYOFF
3891284,46.25,STAYOFF
3893285,46.19,STAYOFF
3895285,46.19,STAYOFF
3897285,46.19,STAYOFF
3899284,46.19,STAYOFF
3901284,46.19,STAYOFF
3903285,46.19,STAYOFF
3905285,46.19,STAYOFF
3907284,46.19,STAYOFF
3909284,46.19,STAYOFF
3911284,46.19,STAYOFF
3913284,46.19,STAYOFF
3915284,46.13,STAYOFF
3917284,46.13,STAYOFF
3919284,46.13,STAYOFF
3921285,46.13,STAYOFF
3923284,46.13,STAYOFF
3925284,46.13,STAYOFF
3927284,46.13,STAYOFF
3929284,46.13,STAYOFF
3931285,46.13,STAYOFF
3933285,46.13,STAYOFF
3935285,46.13,STAYOFF
3937285,46.13,STAYOFF
3939284,46.06,STAYOFF
3941285,46.06,STAYOFF
3943285,46.06,STAYOFF
3945285,46.06,STAYOFF
3947284,46.06,STAYOFF
3949284,46.06,STAYOFF
3951285,46.06,STAYOFF
3953285,46.06,STAYOFF
3955284,46.06,STAYOFF
3957284,46.06,STAYOFF
3959284,46.06,STAYOFF
3961284,46.06,STAYOFF
3963284,46.06,STAYOFF
3965284,46.00,STAYOFF
3967284,46.00,STAYOFF
3969285,46.00,STAYOFF
3971284,46.06,STAYOFF
3973284,46.00,STAYOFF
3975284,46.00,STAYOFF
3977284,46.00,STAYOFF
3979285,46.00,STAYOFF
3981285,46.00,STAYOFF
3983285,46.00,STAYOFF
3985285,46.00,STAYOFF
3987284,46.00,STAYOFF
3989285,46.00,STAYOFF
3991285,46.00,STAYOFF
3993285,46.00,STAYOFF
3995284,45.94,SWITCHON
3997284,45.94,STAYON
3999285,45.94,STAYON
4001285,45.94,STAYON
4003284,45.94,STAYON
4005284,45.94,STAYON
4007284,45.94,STAYON
4009285,45.94,STAYON
4011284,45.94,STAYON
4013284,46.00,STAYON
4015284,46.00,STAYON
4017284,46.00,STAYON
4019284,46.06,STAYON
4021284,46.13,STAYON
4023284,46.19,STAYON
4025284,46.25,STAYON
4027284,46.31,STAYON
4029285,46.38,STAYON
4031285,46.50,STAYON
4033285,46.56,STAYON
4035284,46.69,STAYON
4037285,46.75,STAYON
4039285,46.88,STAYON
4041285,46.94,STAYON
4043285,47.06,STAYON
4045284,47.13,STAYON
4047284,47.25,STAYON
4049285,47.38,STAYON
4051283,47.50,STAYON
4053283,47.56,STAYON
4055284,47.69,STAYON
4057284,47.75,STAYON
4059285,47.88,STAYON
4061284,47.94,STAYON
4063284,48.00,STAYON
4065285,48.13,SWITCHOFF
4067284,48.25,STAYOFF
4069285,48.38,STAYOFF
4071285,48.50,STAYOFF
4073286,48.63,STAYOFF
4075284,48.75,STAYOFF
4077285,48.88,STAYOFF
4079285,49.00,STAYOFF
4081286,49.13,STAYOFF
4083286,49.25,STAYOFF
4085285,49.31,STAYOFF
4087286,49.44,STAYOFF
4089285,49.56,STAYOFF
4091285,49.69,STAYOFF
4093286,49.81,STAYOFF
4095285,49.88,STAYOFF
4097286,50.00,STAYOFF
4099287,50.06,STAYOFF
4101285,50.19,STAYOFF
4103286,50.31,STAYOFF
4105287,50.38,STAYOFF
4107286,50.50,STAYOFF
4109285,50.56,STAYOFF
4111286,50.63,STAYOFF
4113287,50.69,STAYOFF
4115287,50.75,STAYOFF
4117285,50.81,STAYOFF
4119286,50.94,STAYOFF
4121287,51.00,STAYOFF
4123286,51.13,STAYOFF
4125286,51.19,STAYOFF
4127285,51.25,STAYOFF
4129286,51.38,STAYOFF
4131287,51.44,STAYOFF
4133286,51.50,STAYOFF
4135286,51.56,STAYOFF
4137286,51.63,STAYOFF
4139285,51.63,STAYOFF
4141285,51.69,STAYOFF
4143284,51.75,STAYOFF
4145284,51.81,STAYOFF
4147284,51.88,STAYOFF
4149285,51.94,STAYOFF
4151285,52.06,STAYOFF
4153285,52.13,STAYOFF
4155284,52.19,STAYOFF
4157284,52.19,STAYOFF
4159284,52.25,STAYOFF
4161284,52.31,STAYOFF
4163283,52.31,STAYOFF
4165283,52.38,STAYOFF
4167283,52.44,STAYOFF
4169283,52.44,STAYOFF
4171283,52.50,STAYOFF
4173283,52.56,STAYOFF
4175283,52.63,STAYOFF
4177283,52.63,STAYOFF
4179282,52.69,STAYOFF
4181282,52.69,STAYOFF
4183282,52.75,STAYOFF
4185282,52.81,STAYOFF
4187282,52.88,STAYOFF
4189282,52.88,STAYOFF
4191282,52.94,STAYOFF
4193282,53.00,STAYOFF
4195281,53.00,STAYOFF
4197281,53.06,STAYOFF
4199281,53.06,STAYOFF
4201280,53.13,STAYOFF
4203280,53.13,STAYOFF
4205280,53.19,STAYOFF
4207280,53.19,STAYOFF
4209281,53.19,STAYOFF
4211282,53.25,STAYOFF
4213282,53.25,STAYOFF
4215282,53.25,STAYOFF
4217282,53.25,STAYOFF
4219282,53.25,STAYOFF
4221282,53.31,STAYOFF
4223282,53.31,STAYOFF
4225282,53.31,STAYOFF
4227281,53.31,STAYOFF
4229281,53.38,STAYOFF
4231282,53.38,STAYOFF
4233284,53.44,STAYOFF
4235284,53.44,STAYOFF
4237284,53.44,STAYOFF
4239284,53.50,STAYOFF
4241284,53.50,STAYOFF
4243283,53.50,STAYOFF
4245283,53.50,STAYOFF
4247283,53.56,STAYOFF
4249283,53.56,STAYOFF
4251283,53.56,STAYOFF
4253284,53.56,STAYOFF
4255284,53.63,STAYOFF
4257284,53.63,STAYOFF
4259283,53.63,STAYOFF
4261283,53.63,STAYOFF
4263283,53.63,STAYOFF
4265283,53.63,STAYOFF
4267283,53.69,STAYOFF
4269284,53.69,STAYOFF
4271284,53.69,STAYOFF
4273284,53.69,STAYOFF
4275283,53.69,STAYOFF
4277283,53.75,STAYOFF
4279283,53.75,STAYOFF
4281284,53.75,STAYOFF
4283284,53.75,STAYOFF
4285284,53.75,STAYOFF
4287284,53.75,STAYOFF
4289284,53.75,STAYOFF
4291283,53.75,STAYOFF
4293283,53.75,STAYOFF
4295284,53.69,STAYOFF
4297284,53.69,STAYOFF
4299284,53.69,STAYOFF
4301284,53.69,STAYOFF
4303284,53.69,STAYOFF
4305284,53.69,STAYOFF
4307283,53.69,STAYOFF
4309283,53.69,STAYOFF
4311283,53.69,STAYOFF
4313283,53.69,STAYOFF
4315283,53.69,STAYOFF
4317285,53.69,STAYOFF
4319285,53.75,STAYOFF
4321285,53.69,STAYOFF
4323284,53.69,STAYOFF
4325284,53.75,STAYOFF
4327284,53.75,STAYOFF
4329285,53.75,STAYOFF
4331284,53.75,STAYOFF
4333284,53.75,STAYOFF
4335284,53.75,STAYOFF
4337284,53.75,STAYOFF
4339283,53.75,STAYOFF
4341284,53.75,STAYOFF
4343284,53.75,STAYOFF
4345284,53.75,STAYOFF
4347284,53.75,STAYOFF
4349284,53.75,STAYOFF
4351284,53.75,STAYOFF
4353284,53.75,STAYOFF
4355286,53.75,STAYOFF
4357285,53.75,STAYOFF
4359285,53.75,STAYOFF
4361285,53.75,STAYOFF
4363284,53.75,STAYOFF
4365284,53.75,STAYOFF
4367285,53.75,STAYOFF
4369285,53.75,STAYOFF
4371284,53.75,STAYOFF
4373284,53.75,STAYOFF
4375284,53.75,STAYOFF
4377284,53.75,STAYOFF
4379285,53.75,STAYOFF
4381285,53.75,STAYOFF
4383285,53.75,STAYOFF
4385285,53.75,STAYOFF
4387284,53.75,STAYOFF
4389284,53.75,STAYOFF
4391284,53.75,STAYOFF
4393285,53.75,STAYOFF
4395284,53.75,STAYOFF
4397284,53.75,STAYOFF
4399284,53.75,STAYOFF
4401284,53.75,STAYOFF
4403283,53.75,STAYOFF
4405285,53.75,STAYOFF
4407285,53.75,STAYOFF
4409285,53.75,STAYOFF
4411284,53.75,STAYOFF
4413284,53.75,STAYOFF
4415284,53.75,STAYOFF
4417285,53.75,STAYOFF
4419284,53.75,STAYOFF
4421284,53.75,STAYOFF
4423284,53.75,STAYOFF
4425284,53.75,STAYOFF
4427284,53.75,STAYOFF
4429284,53.75,STAYOFF
4431286,53.75,STAYOFF
4433286,53.75,STAYOFF
4435286,53.75,STAYOFF
4437285,53.69,STAYOFF
4439285,53.69,STAYOFF
4441285,53.69,STAYOFF
4443284,53.69,STAYOFF
4445284,53.69,STAYOFF
4447284,53.69,STAYOFF
4449286,53.69,STAYOFF
4451286,53.69,STAYOFF
4453285,53.69,STAYOFF
4455285,53.69,STAYOFF
4457285,53.69,STAYOFF
4459284,53.69,STAYOFF
4461284,53.69,STAYOFF
4463284,53.63,STAYOFF
4465286,53.63,STAYOFF
4467286,53.63,STAYOFF
4469285,53.63,STAYOFF
4471285,53.63,STAYOFF
4473285,53.63,STAYOFF
4475284,53.63,STAYOFF
4477284,53.63,STAYOFF
4479284,53.63,STAYOFF
4481284,53.63,STAYOFF
4483284,53.63,STAYOFF
4485286,53.56,STAYOFF
4487286,53.56,STAYOFF
4489286,53.56,STAYOFF
4491285,53.56,STAYOFF
4493285,53.56,STAYOFF
4495285,53.56,STAYOFF
4497285,53.56,STAYOFF
4499284,53.56,STAYOFF
4501284,53.56,STAYOFF
4503285,53.56,STAYOFF
4505286,53.56,STAYOFF
4507285,53.56,STAYOFF
4509285,53.56,STAYOFF
4511285,53.56,STAYOFF
4513285,53.50,STAYOFF
4515284,53.56,STAYOFF
4517284,53.50,STAYOFF
4519284,53.50,STAYOFF
4521284,53.50,STAYOFF
4523284,53.50,STAYOFF
4525286,53.50,STAYOFF
4527286,53.50,STAYOFF
4529286,53.50,STAYOFF
4531286,53.50,STAYOFF
4533285,53.44,STAYOFF
4535285,53.50,STAYOFF
4537285,53.44,STAYOFF
4539284,53.44,STAYOFF
4541284,53.44,STAYOFF
4543284,53.44,STAYOFF
4545284,53.44,STAYOFF
4547286,53.44,STAYOFF
4549285,53.44,STAYOFF
4551285,53.44,STAYOFF
4553285,53.44,STAYOFF
4555284,53.44,STAYOFF
4557284,53.44,STAYOFF
4559284,53.38,STAYOFF
4561284,53.38,STAYOFF
4563283,53.38,STAYOFF

Terminating...
Thanks for using picocom
